/Users/gordonlui/Library/Python/3.9/lib/python/site-packages/urllib3/__init__.py:35: NotOpenSSLWarning: urllib3 v2 only supports OpenSSL 1.1.1+, currently the 'ssl' module is compiled with 'LibreSSL 2.8.3'. See: https://github.com/urllib3/urllib3/issues/3020
  warnings.warn(
📊 生成加密貨幣每小時報告 - 09:05:00
✅ 報告已保存: /Users/gordonlui/.openclaw/workspace/crypto_reports/report_20260208_0905.txt

👀 09:05 加密貨幣觀察
────────────────────────────────────────
• BTC: $69,254 (-1.06%)
• ETH: $2,086 (+2.10%)
• BNB: $649.16 (-0.57%)

💡 學習點:
• 亞洲白天時段，交易逐漸活躍
• 關注亞洲市場情緒變化

🛡️ 風險提醒:
• 單筆風險 ≤ 2%
• 情緒穩定 > 技術分析
• 學習過程 > 交易結果

⏰ 下一報告: 10:05

📁 報告文件: /Users/gordonlui/.openclaw/workspace/crypto_reports/report_20260208_0905.txt
📱 報告準備好發送到WhatsApp
/Users/gordonlui/Library/Python/3.9/lib/python/site-packages/urllib3/__init__.py:35: NotOpenSSLWarning: urllib3 v2 only supports OpenSSL 1.1.1+, currently the 'ssl' module is compiled with 'LibreSSL 2.8.3'. See: https://github.com/urllib3/urllib3/issues/3020
  warnings.warn(
📊 生成加密貨幣每小時報告 - 10:05:00
✅ 報告已保存: /Users/gordonlui/.openclaw/workspace/crypto_reports/report_20260208_1005.txt

👀 10:05 加密貨幣觀察
────────────────────────────────────────
• BTC: $69,286 (-1.73%)
• ETH: $2,094 (+1.72%)
• BNB: $649.04 (-1.21%)

💡 學習點:
• 亞洲白天時段，交易逐漸活躍
• 關注亞洲市場情緒變化

🛡️ 風險提醒:
• 單筆風險 ≤ 2%
• 情緒穩定 > 技術分析
• 學習過程 > 交易結果

⏰ 下一報告: 11:05

📁 報告文件: /Users/gordonlui/.openclaw/workspace/crypto_reports/report_20260208_1005.txt
📱 報告準備好發送到WhatsApp
/Users/gordonlui/Library/Python/3.9/lib/python/site-packages/urllib3/__init__.py:35: NotOpenSSLWarning: urllib3 v2 only supports OpenSSL 1.1.1+, currently the 'ssl' module is compiled with 'LibreSSL 2.8.3'. See: https://github.com/urllib3/urllib3/issues/3020
  warnings.warn(
📊 生成加密貨幣每小時報告 - 11:05:00
✅ 報告已保存: /Users/gordonlui/.openclaw/workspace/crypto_reports/report_20260208_1105.txt

👀 11:05 加密貨幣觀察
────────────────────────────────────────
• BTC: $69,305 (-1.59%)
• ETH: $2,084 (+0.87%)
• BNB: $646.96 (-1.67%)

💡 學習點:
• 亞洲白天時段，交易逐漸活躍
• 關注亞洲市場情緒變化

🛡️ 風險提醒:
• 單筆風險 ≤ 2%
• 情緒穩定 > 技術分析
• 學習過程 > 交易結果

⏰ 下一報告: 12:05

📁 報告文件: /Users/gordonlui/.openclaw/workspace/crypto_reports/report_20260208_1105.txt
📱 報告準備好發送到WhatsApp
/Users/gordonlui/Library/Python/3.9/lib/python/site-packages/urllib3/__init__.py:35: NotOpenSSLWarning: urllib3 v2 only supports OpenSSL 1.1.1+, currently the 'ssl' module is compiled with 'LibreSSL 2.8.3'. See: https://github.com/urllib3/urllib3/issues/3020
  warnings.warn(
📊 生成加密貨幣每小時報告 - 12:05:01
✅ 報告已保存: /Users/gordonlui/.openclaw/workspace/crypto_reports/report_20260208_1205.txt

👀 12:05 加密貨幣觀察
────────────────────────────────────────
• BTC: $69,165 (-2.85%)
• ETH: $2,081 (-0.44%)
• BNB: $642.79 (-2.58%)

💡 學習點:
• 歐洲開市時段，波動可能增加
• 觀察跨市場資金流動

🛡️ 風險提醒:
• 單筆風險 ≤ 2%
• 情緒穩定 > 技術分析
• 學習過程 > 交易結果

⏰ 下一報告: 13:05

📁 報告文件: /Users/gordonlui/.openclaw/workspace/crypto_reports/report_20260208_1205.txt
📱 報告準備好發送到WhatsApp
/Users/gordonlui/Library/Python/3.9/lib/python/site-packages/urllib3/__init__.py:35: NotOpenSSLWarning: urllib3 v2 only supports OpenSSL 1.1.1+, currently the 'ssl' module is compiled with 'LibreSSL 2.8.3'. See: https://github.com/urllib3/urllib3/issues/3020
  warnings.warn(
📊 生成加密貨幣每小時報告 - 13:05:01
✅ 報告已保存: /Users/gordonlui/.openclaw/workspace/crypto_reports/report_20260208_1305.txt

👀 13:05 加密貨幣觀察
────────────────────────────────────────
• BTC: $69,249 (-2.10%)
• ETH: $2,082 (-0.35%)
• BNB: $643.01 (-1.92%)

💡 學習點:
• 歐洲開市時段，波動可能增加
• 觀察跨市場資金流動

🛡️ 風險提醒:
• 單筆風險 ≤ 2%
• 情緒穩定 > 技術分析
• 學習過程 > 交易結果

⏰ 下一報告: 14:05

📁 報告文件: /Users/gordonlui/.openclaw/workspace/crypto_reports/report_20260208_1305.txt
📱 報告準備好發送到WhatsApp
/Users/gordonlui/Library/Python/3.9/lib/python/site-packages/urllib3/__init__.py:35: NotOpenSSLWarning: urllib3 v2 only supports OpenSSL 1.1.1+, currently the 'ssl' module is compiled with 'LibreSSL 2.8.3'. See: https://github.com/urllib3/urllib3/issues/3020
  warnings.warn(
📊 生成加密貨幣每小時報告 - 14:05:01
✅ 報告已保存: /Users/gordonlui/.openclaw/workspace/crypto_reports/report_20260208_1405.txt

👀 14:05 加密貨幣觀察
────────────────────────────────────────
• BTC: $69,093 (-1.54%)
• ETH: $2,081 (-0.17%)
• BNB: $642.96 (-1.76%)

💡 學習點:
• 歐洲開市時段，波動可能增加
• 觀察跨市場資金流動

🛡️ 風險提醒:
• 單筆風險 ≤ 2%
• 情緒穩定 > 技術分析
• 學習過程 > 交易結果

⏰ 下一報告: 15:05

📁 報告文件: /Users/gordonlui/.openclaw/workspace/crypto_reports/report_20260208_1405.txt
📱 報告準備好發送到WhatsApp
/Users/gordonlui/Library/Python/3.9/lib/python/site-packages/urllib3/__init__.py:35: NotOpenSSLWarning: urllib3 v2 only supports OpenSSL 1.1.1+, currently the 'ssl' module is compiled with 'LibreSSL 2.8.3'. See: https://github.com/urllib3/urllib3/issues/3020
  warnings.warn(
📊 生成加密貨幣每小時報告 - 15:05:00
✅ 報告已保存: /Users/gordonlui/.openclaw/workspace/crypto_reports/report_20260208_1505.txt

👀 15:05 加密貨幣觀察
────────────────────────────────────────
• BTC: $69,333 (+0.68%)
• ETH: $2,079 (+1.65%)
• BNB: $640.10 (-0.61%)

💡 學習點:
• 歐洲開市時段，波動可能增加
• 觀察跨市場資金流動

🛡️ 風險提醒:
• 單筆風險 ≤ 2%
• 情緒穩定 > 技術分析
• 學習過程 > 交易結果

⏰ 下一報告: 16:05

📁 報告文件: /Users/gordonlui/.openclaw/workspace/crypto_reports/report_20260208_1505.txt
📱 報告準備好發送到WhatsApp
/Users/gordonlui/Library/Python/3.9/lib/python/site-packages/urllib3/__init__.py:35: NotOpenSSLWarning: urllib3 v2 only supports OpenSSL 1.1.1+, currently the 'ssl' module is compiled with 'LibreSSL 2.8.3'. See: https://github.com/urllib3/urllib3/issues/3020
  warnings.warn(
📊 生成加密貨幣每小時報告 - 16:05:01
✅ 報告已保存: /Users/gordonlui/.openclaw/workspace/crypto_reports/report_20260208_1605.txt

👀 16:05 加密貨幣觀察
────────────────────────────────────────
• BTC: $69,860 (+2.60%)
• ETH: $2,088 (+3.07%)
• BNB: $644.49 (+0.77%)

💡 學習點:
• 歐洲開市時段，波動可能增加
• 觀察跨市場資金流動

🛡️ 風險提醒:
• 單筆風險 ≤ 2%
• 情緒穩定 > 技術分析
• 學習過程 > 交易結果

⏰ 下一報告: 17:05

📁 報告文件: /Users/gordonlui/.openclaw/workspace/crypto_reports/report_20260208_1605.txt
📱 報告準備好發送到WhatsApp
/Users/gordonlui/Library/Python/3.9/lib/python/site-packages/urllib3/__init__.py:35: NotOpenSSLWarning: urllib3 v2 only supports OpenSSL 1.1.1+, currently the 'ssl' module is compiled with 'LibreSSL 2.8.3'. See: https://github.com/urllib3/urllib3/issues/3020
  warnings.warn(
📊 生成加密貨幣每小時報告 - 17:05:00
✅ 報告已保存: /Users/gordonlui/.openclaw/workspace/crypto_reports/report_20260208_1705.txt

👀 17:05 加密貨幣觀察
────────────────────────────────────────
• BTC: $70,539 (+2.88%)
• ETH: $2,114 (+4.55%)
• BNB: $649.39 (+1.62%)

💡 學習點:
• 歐洲開市時段，波動可能增加
• 觀察跨市場資金流動

🛡️ 風險提醒:
• 單筆風險 ≤ 2%
• 情緒穩定 > 技術分析
• 學習過程 > 交易結果

⏰ 下一報告: 18:05

📁 報告文件: /Users/gordonlui/.openclaw/workspace/crypto_reports/report_20260208_1705.txt
📱 報告準備好發送到WhatsApp
/Users/gordonlui/Library/Python/3.9/lib/python/site-packages/urllib3/__init__.py:35: NotOpenSSLWarning: urllib3 v2 only supports OpenSSL 1.1.1+, currently the 'ssl' module is compiled with 'LibreSSL 2.8.3'. See: https://github.com/urllib3/urllib3/issues/3020
  warnings.warn(
📊 生成加密貨幣每小時報告 - 18:05:01
✅ 報告已保存: /Users/gordonlui/.openclaw/workspace/crypto_reports/report_20260208_1805.txt

👀 18:05 加密貨幣觀察
────────────────────────────────────────
• BTC: $70,270 (+3.02%)
• ETH: $2,106 (+4.51%)
• BNB: $643.25 (+1.11%)

💡 學習點:
• 美股交易時段，波動通常最大
• 注意風險管理，設置止損

🛡️ 風險提醒:
• 單筆風險 ≤ 2%
• 情緒穩定 > 技術分析
• 學習過程 > 交易結果

⏰ 下一報告: 19:05

📁 報告文件: /Users/gordonlui/.openclaw/workspace/crypto_reports/report_20260208_1805.txt
📱 報告準備好發送到WhatsApp
/Users/gordonlui/Library/Python/3.9/lib/python/site-packages/urllib3/__init__.py:35: NotOpenSSLWarning: urllib3 v2 only supports OpenSSL 1.1.1+, currently the 'ssl' module is compiled with 'LibreSSL 2.8.3'. See: https://github.com/urllib3/urllib3/issues/3020
  warnings.warn(
📊 生成加密貨幣每小時報告 - 19:05:01
✅ 報告已保存: /Users/gordonlui/.openclaw/workspace/crypto_reports/report_20260208_1905.txt

👀 19:05 加密貨幣觀察
────────────────────────────────────────
• BTC: $70,419 (+3.46%)
• ETH: $2,104 (+4.55%)
• BNB: $640.68 (+0.90%)

💡 學習點:
• 美股交易時段，波動通常最大
• 注意風險管理，設置止損

🛡️ 風險提醒:
• 單筆風險 ≤ 2%
• 情緒穩定 > 技術分析
• 學習過程 > 交易結果

⏰ 下一報告: 20:05

📁 報告文件: /Users/gordonlui/.openclaw/workspace/crypto_reports/report_20260208_1905.txt
📱 報告準備好發送到WhatsApp
/Users/gordonlui/Library/Python/3.9/lib/python/site-packages/urllib3/__init__.py:35: NotOpenSSLWarning: urllib3 v2 only supports OpenSSL 1.1.1+, currently the 'ssl' module is compiled with 'LibreSSL 2.8.3'. See: https://github.com/urllib3/urllib3/issues/3020
  warnings.warn(
📊 生成加密貨幣每小時報告 - 20:05:00
✅ 報告已保存: /Users/gordonlui/.openclaw/workspace/crypto_reports/report_20260208_2005.txt

👀 20:05 加密貨幣觀察
────────────────────────────────────────
• BTC: $70,992 (+3.81%)
• ETH: $2,130 (+4.80%)
• BNB: $644.97 (+1.18%)

💡 學習點:
• 美股交易時段，波動通常最大
• 注意風險管理，設置止損

🛡️ 風險提醒:
• 單筆風險 ≤ 2%
• 情緒穩定 > 技術分析
• 學習過程 > 交易結果

⏰ 下一報告: 21:05

📁 報告文件: /Users/gordonlui/.openclaw/workspace/crypto_reports/report_20260208_2005.txt
📱 報告準備好發送到WhatsApp
/Users/gordonlui/Library/Python/3.9/lib/python/site-packages/urllib3/__init__.py:35: NotOpenSSLWarning: urllib3 v2 only supports OpenSSL 1.1.1+, currently the 'ssl' module is compiled with 'LibreSSL 2.8.3'. See: https://github.com/urllib3/urllib3/issues/3020
  warnings.warn(
📊 生成加密貨幣每小時報告 - 21:05:01
✅ 報告已保存: /Users/gordonlui/.openclaw/workspace/crypto_reports/report_20260208_2105.txt

👀 21:05 加密貨幣觀察
────────────────────────────────────────
• BTC: $71,090 (+2.88%)
• ETH: $2,129 (+4.17%)
• BNB: $643.56 (+0.66%)

💡 學習點:
• 美股交易時段，波動通常最大
• 注意風險管理，設置止損

🛡️ 風險提醒:
• 單筆風險 ≤ 2%
• 情緒穩定 > 技術分析
• 學習過程 > 交易結果

⏰ 下一報告: 22:05

📁 報告文件: /Users/gordonlui/.openclaw/workspace/crypto_reports/report_20260208_2105.txt
📱 報告準備好發送到WhatsApp
