/Users/gordonlui/Library/Python/3.9/lib/python/site-packages/urllib3/__init__.py:35: NotOpenSSLWarning: urllib3 v2 only supports OpenSSL 1.1.1+, currently the 'ssl' module is compiled with 'LibreSSL 2.8.3'. See: https://github.com/urllib3/urllib3/issues/3020
  warnings.warn(
📊 加密貨幣每日報告 - 2026-02-11
==================================================
💰 總資產: $346629.31
📦 持倉 (446個):
  BNB: 1.000000 @ $618.86 ($618.86)
  BTC: 1.000000 @ $68640.90 ($68640.90)
  ETH: 1.000000 @ $2015.80 ($2015.80)
  LTC: 8.000000 @ $53.24 ($425.92)
  TRX: 1756.000000 @ $0.28 ($488.52)
  XRP: 318.000000 @ $1.40 ($444.37)
  NEO: 158.000000 @ $2.63 ($415.22)
  GAS: 268.000000 @ $1.58 ($424.51)
  LRC: 12438.000000 @ $0.04 ($475.13)
  KNC: 2804.000000 @ $0.15 ($416.11)
  IOTA: 6763.000000 @ $0.07 ($452.44)
  LINK: 52.000000 @ $8.54 ($444.08)
  MTL: 1624.000000 @ $0.27 ($441.73)
  ETC: 52.000000 @ $8.31 ($432.12)
  ZEC: 1.000000 @ $232.06 ($232.06)
  DASH: 12.000000 @ $34.79 ($417.48)
  REQ: 5524.000000 @ $0.08 ($429.21)
  BAT: 4155.000000 @ $0.13 ($558.43)
  LSK: 3521.000000 @ $0.13 ($471.81)
  MANA: 4522.000000 @ $0.10 ($450.84)
  ADX: 5913.000000 @ $0.08 ($465.94)
  ADA: 1710.000000 @ $0.26 ($447.85)
  XLM: 2899.000000 @ $0.16 ($458.62)
  ICX: 11116.000000 @ $0.04 ($436.86)
  RLC: 1005.000000 @ $0.44 ($441.19)
  STEEM: 9138.000000 @ $0.05 ($458.73)
  ONT: 9679.000000 @ $0.04 ($428.78)
  QTUM: 473.000000 @ $0.90 ($423.81)
  WAN: 7402.000000 @ $0.06 ($476.69)
  TUSD: 10000.000000 @ $1.00 ($9990.00)
  ZEN: 73.000000 @ $5.85 ($427.27)
  THETA: 2325.000000 @ $0.20 ($462.68)
  IOTX: 18446.000000 @ $0.01 ($105.33)
  ARDR: 9611.000000 @ $0.05 ($439.32)
  VET: 18446.000000 @ $0.01 ($141.67)
  USDC: 10000.000000 @ $1.00 ($10005.00)
  ONG: 7084.000000 @ $0.06 ($452.67)
  HOT: 18446.000000 @ $0.00 ($7.12)
  ZIL: 18446.000000 @ $0.00 ($77.66)
  ZRX: 4406.000000 @ $0.10 ($455.14)
  FET: 2767.000000 @ $0.16 ($434.97)
  IOST: 18446.000000 @ $0.00 ($22.87)
  CELR: 18446.000000 @ $0.00 ($45.21)
  ENJ: 18446.000000 @ $0.02 ($409.50)
  ATOM: 244.000000 @ $1.91 ($466.53)
  TFUEL: 18446.000000 @ $0.01 ($266.91)
  ONE: 18446.000000 @ $0.00 ($45.56)
  ALGO: 4741.000000 @ $0.09 ($434.75)
  DOGE: 4713.000000 @ $0.09 ($437.18)
  DUSK: 4749.000000 @ $0.10 ($495.80)
  ANKR: 18446.000000 @ $0.00 ($81.72)
  WIN: 18446.000000 @ $0.00 ($0.41)
  COS: 18446.000000 @ $0.00 ($19.29)
  DENT: 18446.000000 @ $0.00 ($2.58)
  FUN: 18446.000000 @ $0.00 ($23.59)
  CVC: 14558.000000 @ $0.03 ($485.36)
  CHZ: 11467.000000 @ $0.04 ($455.24)
  BAND: 1976.000000 @ $0.25 ($494.00)
  XTZ: 1050.000000 @ $0.40 ($422.10)
  RVN: 18446.000000 @ $0.01 ($104.59)
  HBAR: 5400.000000 @ $0.09 ($487.08)
  NKN: 18446.000000 @ $0.01 ($191.84)
  STX: 1712.000000 @ $0.25 ($433.48)
  KAVA: 8025.000000 @ $0.05 ($430.94)
  ARPA: 18446.000000 @ $0.01 ($185.75)
  BCH: 1.000000 @ $524.30 ($524.30)
  FTT: 1461.000000 @ $0.37 ($535.89)
  EUR: 422.000000 @ $1.19 ($501.84)
  OGN: 18446.000000 @ $0.02 ($393.64)
  BNT: 1572.000000 @ $0.30 ($465.31)
  MBL: 18446.000000 @ $0.00 ($17.84)
  COTI: 18446.000000 @ $0.01 ($216.00)
  DATA: 18446.000000 @ $0.00 ($42.24)
  SOL: 5.000000 @ $82.50 ($412.50)
  CTSI: 17242.000000 @ $0.03 ($446.57)
  HIVE: 6297.000000 @ $0.07 ($441.42)
  CHR: 16722.000000 @ $0.03 ($453.17)
  MDT: 18446.000000 @ $0.01 ($200.69)
  COMP: 25.000000 @ $16.33 ($408.25)
  SC: 18446.000000 @ $0.00 ($21.80)
  SNX: 1520.000000 @ $0.28 ($425.60)
  VTHO: 18446.000000 @ $0.00 ($10.22)
  DGB: 18446.000000 @ $0.00 ($75.63)
  SXP: 15362.000000 @ $0.02 ($370.22)
  RUNE: 1112.000000 @ $0.40 ($441.46)
  DCR: 25.000000 @ $24.24 ($606.00)
  STORJ: 4519.000000 @ $0.10 ($441.51)
  AVA: 1877.000000 @ $0.21 ($401.11)
  YFI: 1.000000 @ $3020.00 ($3020.00)
  JST: 12337.000000 @ $0.04 ($523.34)
  CRV: 1790.000000 @ $0.23 ($415.82)
  SAND: 5100.000000 @ $0.09 ($435.54)
  NMR: 51.000000 @ $8.36 ($426.36)
  DOT: 337.000000 @ $1.28 ($431.02)
  LUNA: 7602.000000 @ $0.06 ($463.72)
  RSR: 18446.000000 @ $0.00 ($29.09)
  PAXG: 1.000000 @ $5037.44 ($5037.44)
  TRB: 31.000000 @ $14.21 ($440.51)
  WBTC: 1.000000 @ $68592.78 ($68592.78)
  SUSHI: 2154.000000 @ $0.20 ($426.92)
  KSM: 100.000000 @ $4.24 ($424.00)
  EGLD: 103.000000 @ $4.52 ($465.56)
  DIA: 2343.000000 @ $0.20 ($461.10)
  FIO: 18446.000000 @ $0.01 ($162.69)
  UMA: 894.000000 @ $0.49 ($441.64)
  BEL: 4518.000000 @ $0.10 ($444.57)
  UNI: 131.000000 @ $3.34 ($438.06)
  OXT: 18446.000000 @ $0.02 ($320.96)
  SUN: 18446.000000 @ $0.02 ($308.42)
  AVAX: 50.000000 @ $8.72 ($436.00)
  CAKE: 322.000000 @ $1.32 ($423.75)
  UTK: 18446.000000 @ $0.01 ($175.79)
  XVS: 142.000000 @ $2.96 ($420.32)
  AAVE: 3.000000 @ $108.81 ($326.43)
  NEAR: 429.000000 @ $0.99 ($425.57)
  FIL: 465.000000 @ $0.89 ($415.25)
  INJ: 140.000000 @ $3.04 ($425.60)
  AUDIO: 18446.000000 @ $0.02 ($376.30)
  CTK: 2298.000000 @ $0.21 ($486.26)
  AXS: 323.000000 @ $1.54 ($498.07)
  STRAX: 18446.000000 @ $0.01 ($275.77)
  ROSE: 18446.000000 @ $0.01 ($235.37)
  SKL: 18446.000000 @ $0.01 ($116.39)
  GLM: 2310.000000 @ $0.18 ($426.43)
  GRT: 17106.000000 @ $0.03 ($451.94)
  JUV: 815.000000 @ $0.63 ($511.00)
  PSG: 717.000000 @ $0.70 ($501.90)
  1INCH: 4503.000000 @ $0.09 ($426.88)
  OG: 125.000000 @ $4.73 ($591.00)
  ATM: 577.000000 @ $1.33 ($769.72)
  ASR: 353.000000 @ $1.49 ($526.32)
  CELO: 5592.000000 @ $0.08 ($459.10)
  RIF: 11899.000000 @ $0.04 ($522.37)
  TRU: 18446.000000 @ $0.01 ($116.21)
  CKB: 18446.000000 @ $0.00 ($30.07)
  TWT: 735.000000 @ $0.48 ($354.20)
  SFP: 1736.000000 @ $0.26 ($455.70)
  DODO: 18446.000000 @ $0.01 ($261.93)
  ACM: 1123.000000 @ $0.45 ($499.74)
  OM: 10274.000000 @ $0.04 ($455.14)
  POND: 18446.000000 @ $0.00 ($48.14)
  DEGO: 1388.000000 @ $0.31 ($428.89)
  ALICE: 3842.000000 @ $0.11 ($436.84)
  SUPER: 3499.000000 @ $0.12 ($420.58)
  CFX: 9082.000000 @ $0.05 ($416.86)
  TKO: 7240.000000 @ $0.06 ($446.71)
  PUNDIX: 2734.000000 @ $0.16 ($444.28)
  TLM: 18446.000000 @ $0.00 ($30.82)
  BAR: 1013.000000 @ $0.49 ($499.41)
  FORTH: 367.000000 @ $1.07 ($391.22)
  SLP: 18446.000000 @ $0.00 ($11.71)
  SHIB: 18446.000000 @ $0.00 ($0.11)
  ICP: 187.000000 @ $2.39 ($446.18)
  AR: 202.000000 @ $1.82 ($367.64)
  MASK: 939.000000 @ $0.45 ($422.55)
  LPT: 192.000000 @ $2.38 ($457.54)
  XVG: 18446.000000 @ $0.01 ($109.75)
  ATA: 18446.000000 @ $0.01 ($225.04)
  GTC: 4755.000000 @ $0.10 ($451.73)
  PHA: 16616.000000 @ $0.03 ($445.31)
  MLN: 132.000000 @ $3.46 ($456.72)
  DEXE: 224.000000 @ $2.04 ($456.96)
  C98: 18446.000000 @ $0.03 ($534.93)
  QNT: 7.000000 @ $68.91 ($482.37)
  FLOW: 10152.000000 @ $0.05 ($479.68)
  MINA: 7106.000000 @ $0.07 ($467.57)
  RAY: 756.000000 @ $0.58 ($438.48)
  FARM: 35.000000 @ $12.50 ($437.50)
  QUICK: 18446.000000 @ $0.01 ($162.69)
  MBOX: 18446.000000 @ $0.02 ($372.61)
  GHST: 4600.000000 @ $0.18 ($818.80)
  WAXP: 18446.000000 @ $0.01 ($126.54)
  GNO: 4.000000 @ $124.65 ($498.60)
  XEC: 18446.000000 @ $0.00 ($0.14)
  DYDX: 3905.000000 @ $0.10 ($390.11)
  IDEX: 18446.000000 @ $0.01 ($133.36)
  USDP: 499.000000 @ $1.00 ($499.15)
  GALA: 18446.000000 @ $0.00 ($72.86)
  ILV: 116.000000 @ $3.89 ($451.24)
  YGG: 10961.000000 @ $0.04 ($436.25)
  SYS: 18446.000000 @ $0.01 ($237.22)
  DF: 18446.000000 @ $0.01 ($106.25)
  FIDA: 18446.000000 @ $0.02 ($368.92)
  AGLD: 2136.000000 @ $0.21 ($457.10)
  RAD: 1831.000000 @ $0.23 ($430.28)
  RARE: 18446.000000 @ $0.02 ($376.30)
  LAZIO: 526.000000 @ $0.87 ($459.20)
  CHESS: 18446.000000 @ $0.01 ($166.94)
  AUCTION: 102.000000 @ $4.92 ($501.84)
  MOVR: 286.000000 @ $1.47 ($421.56)
  CITY: 903.000000 @ $0.58 ($521.93)
  ENS: 74.000000 @ $5.61 ($415.14)
  QI: 18446.000000 @ $0.00 ($39.47)
  PORTO: 460.000000 @ $1.00 ($461.38)
  POWR: 6913.000000 @ $0.07 ($454.18)
  JASMY: 18446.000000 @ $0.01 ($100.16)
  AMP: 18446.000000 @ $0.00 ($28.85)
  PYR: 1467.000000 @ $0.34 ($492.91)
  ALCX: 84.000000 @ $5.36 ($450.24)
  SANTOS: 239.000000 @ $1.97 ($471.79)
  BICO: 17119.000000 @ $0.02 ($421.13)
  FLUX: 6342.000000 @ $0.07 ($450.92)
  HIGH: 3129.000000 @ $0.14 ($450.58)
  CVX: 255.000000 @ $1.82 ($463.59)
  PEOPLE: 18446.000000 @ $0.01 ($116.39)
  SPELL: 18446.000000 @ $0.00 ($3.43)
  JOE: 11732.000000 @ $0.04 ($429.39)
  ACH: 18446.000000 @ $0.01 ($141.85)
  IMX: 2784.000000 @ $0.15 ($427.62)
  GLMR: 18446.000000 @ $0.01 ($252.71)
  SCRT: 4596.000000 @ $0.09 ($433.40)
  API3: 1511.000000 @ $0.32 ($478.84)
  BTTC: 18446.000000 @ $0.00 ($0.01)
  ACA: 18446.000000 @ $0.00 ($86.70)
  XNO: 797.000000 @ $0.56 ($449.51)
  WOO: 18446.000000 @ $0.02 ($302.51)
  ALPINE: 1130.000000 @ $0.44 ($493.81)
  T: 18446.000000 @ $0.01 ($130.23)
  ASTR: 18446.000000 @ $0.01 ($136.32)
  GMT: 18446.000000 @ $0.01 ($217.85)
  APE: 3458.000000 @ $0.12 ($428.79)
  BIFI: 3.000000 @ $123.40 ($370.20)
  NEXO: 630.000000 @ $0.83 ($526.05)
  LDO: 1227.000000 @ $0.34 ($414.97)
  OP: 2248.000000 @ $0.18 ($408.46)
  STG: 3197.000000 @ $0.16 ($513.44)
  LUNC: 18446.000000 @ $0.00 ($0.63)
  GMX: 79.000000 @ $6.05 ($477.95)
  POLYX: 10572.000000 @ $0.04 ($453.54)
  APT: 402.000000 @ $0.98 ($394.76)
  OSMO: 12142.000000 @ $0.04 ($454.11)
  HFT: 18446.000000 @ $0.02 ($333.87)
  PHB: 2808.000000 @ $0.15 ($435.24)
  HOOK: 17183.000000 @ $0.03 ($443.32)
  MAGIC: 7342.000000 @ $0.07 ($501.46)
  RPL: 290.000000 @ $1.51 ($437.90)
  GNS: 563.000000 @ $0.85 ($480.80)
  SYN: 5567.000000 @ $0.05 ($283.36)
  SSV: 125.000000 @ $3.01 ($376.62)
  LQTY: 1592.000000 @ $0.36 ($579.49)
  USTC: 18446.000000 @ $0.00 ($88.36)
  PROM: 355.000000 @ $1.17 ($416.06)
  QKC: 18446.000000 @ $0.00 ($58.23)
  ID: 8734.000000 @ $0.05 ($427.09)
  ARB: 3736.000000 @ $0.11 ($410.21)
  RDNT: 18446.000000 @ $0.01 ($107.36)
  EDU: 2879.000000 @ $0.14 ($396.44)
  SUI: 452.000000 @ $0.93 ($419.23)
  PEPE: 18446.000000 @ $0.00 ($0.07)
  FLOKI: 18446.000000 @ $0.00 ($0.55)
  WBETH: 1.000000 @ $2189.78 ($2189.78)
  MAV: 18446.000000 @ $0.02 ($297.35)
  PENDLE: 331.000000 @ $1.11 ($369.06)
  ARKM: 3671.000000 @ $0.12 ($425.84)
  WLD: 1235.000000 @ $0.38 ($465.84)
  FDUSD: 10000.000000 @ $1.00 ($9994.00)
  SEI: 5876.000000 @ $0.07 ($423.66)
  CYBER: 872.000000 @ $0.53 ($463.90)
  ARK: 2437.000000 @ $0.19 ($463.76)
  IQ: 18446.000000 @ $0.00 ($21.88)
  NTRN: 18446.000000 @ $0.01 ($252.71)
  TIA: 1360.000000 @ $0.31 ($427.99)
  MEME: 18446.000000 @ $0.00 ($12.71)
  ORDI: 159.000000 @ $2.71 ($431.69)
  BEAMX: 18446.000000 @ $0.00 ($43.53)
  PIVX: 4496.000000 @ $0.09 ($410.93)
  VIC: 8198.000000 @ $0.06 ($453.35)
  BLUR: 18446.000000 @ $0.02 ($365.78)
  VANRY: 18446.000000 @ $0.01 ($115.79)
  AEUR: 424.000000 @ $1.19 ($504.43)
  JTO: 1728.000000 @ $0.24 ($417.83)
  1000SATS: 18446.000000 @ $0.00 ($0.21)
  BONK: 18446.000000 @ $0.00 ($0.11)
  ACE: 2505.000000 @ $0.17 ($425.85)
  NFP: 18446.000000 @ $0.02 ($311.74)
  AI: 18446.000000 @ $0.02 ($413.19)
  XAI: 18446.000000 @ $0.01 ($183.91)
  MANTA: 6937.000000 @ $0.07 ($455.07)
  ALT: 18446.000000 @ $0.01 ($150.33)
  JUP: 2684.000000 @ $0.14 ($381.66)
  PYTH: 10083.000000 @ $0.04 ($449.70)
  RONIN: 4949.000000 @ $0.10 ($496.88)
  DYM: 10871.000000 @ $0.04 ($425.06)
  PIXEL: 18446.000000 @ $0.01 ($96.66)
  STRK: 9019.000000 @ $0.05 ($417.58)
  PORTAL: 18446.000000 @ $0.01 ($267.47)
  AXL: 7741.000000 @ $0.06 ($459.82)
  WIF: 2008.000000 @ $0.21 ($431.72)
  METIS: 132.000000 @ $3.63 ($479.16)
  AEVO: 17067.000000 @ $0.03 ($450.57)
  BOME: 18446.000000 @ $0.00 ($7.10)
  ETHFI: 1004.000000 @ $0.43 ($433.73)
  ENA: 3639.000000 @ $0.11 ($416.67)
  W: 18446.000000 @ $0.02 ($344.94)
  TNSR: 10240.000000 @ $0.04 ($436.22)
  SAGA: 14369.000000 @ $0.03 ($433.94)
  TAO: 2.000000 @ $153.50 ($307.00)
  REZ: 18446.000000 @ $0.00 ($54.42)
  BB: 13765.000000 @ $0.03 ($423.96)
  NOT: 18446.000000 @ $0.00 ($7.08)
  IO: 4166.000000 @ $0.10 ($416.60)
  ZK: 18446.000000 @ $0.02 ($391.98)
  LISTA: 4565.000000 @ $0.09 ($424.09)
  ZRO: 275.000000 @ $1.81 ($499.12)
  G: 18446.000000 @ $0.00 ($74.34)
  BANANA: 100.000000 @ $4.43 ($443.00)
  RENDER: 330.000000 @ $1.29 ($427.02)
  TON: 362.000000 @ $1.34 ($485.44)
  DOGS: 18446.000000 @ $0.00 ($0.52)
  EURI: 422.000000 @ $1.19 ($501.97)
  POL: 4733.000000 @ $0.09 ($431.18)
  NEIRO: 18446.000000 @ $0.00 ($1.33)
  TURBO: 18446.000000 @ $0.00 ($18.61)
  1MBABYDOGE: 18446.000000 @ $0.00 ($6.95)
  CATI: 11034.000000 @ $0.04 ($466.74)
  HMSTR: 18446.000000 @ $0.00 ($3.18)
  EIGEN: 2008.000000 @ $0.20 ($395.58)
  BNSOL: 4.000000 @ $90.20 ($360.80)
  SCR: 8563.000000 @ $0.05 ($414.71)
  LUMIA: 6623.000000 @ $0.06 ($415.26)
  KAIA: 8466.000000 @ $0.05 ($458.86)
  COW: 3071.000000 @ $0.18 ($557.69)
  CETUS: 18446.000000 @ $0.02 ($283.70)
  PNUT: 9035.000000 @ $0.05 ($415.61)
  ACT: 18446.000000 @ $0.01 ($261.93)
  USUAL: 18446.000000 @ $0.01 ($269.86)
  THE: 2333.000000 @ $0.27 ($626.64)
  ACX: 12388.000000 @ $0.04 ($457.12)
  ORCA: 575.000000 @ $0.76 ($435.85)
  MOVE: 18446.000000 @ $0.02 ($392.90)
  ME: 3187.000000 @ $0.14 ($433.43)
  VELODROME: 18446.000000 @ $0.01 ($248.28)
  VANA: 285.000000 @ $1.64 ($466.83)
  1000CAT: 18446.000000 @ $0.00 ($32.46)
  PENGU: 18446.000000 @ $0.01 ($112.98)
  BIO: 16447.000000 @ $0.03 ($414.46)
  D: 18446.000000 @ $0.01 ($171.55)
  AIXBT: 18446.000000 @ $0.02 ($352.32)
  CGPT: 18446.000000 @ $0.02 ($371.87)
  COOKIE: 18446.000000 @ $0.02 ($354.16)
  S: 10062.000000 @ $0.04 ($401.27)
  SOLV: 18446.000000 @ $0.00 ($89.28)
  TRUMP: 119.000000 @ $3.28 ($389.84)
  ANIME: 18446.000000 @ $0.01 ($98.32)
  BERA: 1163.000000 @ $0.50 ($578.01)
  1000CHEEMS: 18446.000000 @ $0.00 ($9.09)
  TST: 18446.000000 @ $0.01 ($183.91)
  LAYER: 5069.000000 @ $0.08 ($408.56)
  HEI: 4852.000000 @ $0.08 ($410.96)
  KAITO: 1389.000000 @ $0.30 ($422.95)
  SHELL: 14521.000000 @ $0.03 ($448.70)
  RED: 2427.000000 @ $0.18 ($439.77)
  GPS: 18446.000000 @ $0.01 ($221.72)
  EPIC: 1305.000000 @ $0.30 ($386.28)
  BMT: 18446.000000 @ $0.02 ($302.70)
  FORM: 2029.000000 @ $0.21 ($416.96)
  XUSD: 499.000000 @ $1.00 ($499.40)
  NIL: 10542.000000 @ $0.05 ($516.56)
  PARTI: 6606.000000 @ $0.10 ($653.99)
  MUBARAK: 18446.000000 @ $0.01 ($257.32)
  TUT: 18446.000000 @ $0.01 ($189.44)
  BROCCOLI714: 18446.000000 @ $0.01 ($236.29)
  BANANAS31: 18446.000000 @ $0.00 ($79.34)
  GUN: 18446.000000 @ $0.03 ($541.76)
  BABY: 18446.000000 @ $0.01 ($248.84)
  ONDO: 1818.000000 @ $0.25 ($448.32)
  BIGTIME: 18446.000000 @ $0.01 ($262.12)
  VIRTUAL: 788.000000 @ $0.56 ($441.44)
  KERNEL: 8448.000000 @ $0.06 ($488.29)
  WCT: 8004.000000 @ $0.06 ($467.43)
  HYPER: 4723.000000 @ $0.10 ($450.57)
  INIT: 6972.000000 @ $0.07 ($458.76)
  SIGN: 13413.000000 @ $0.03 ($358.13)
  STO: 7795.000000 @ $0.05 ($424.83)
  SYRUP: 1663.000000 @ $0.27 ($455.99)
  KMNO: 15086.000000 @ $0.03 ($437.19)
  SXT: 18446.000000 @ $0.02 ($424.26)
  NXPC: 1339.000000 @ $0.27 ($357.25)
  AWE: 7971.000000 @ $0.08 ($637.44)
  HAEDAL: 17128.000000 @ $0.03 ($448.75)
  USD1: 499.000000 @ $1.00 ($499.20)
  HUMA: 18446.000000 @ $0.01 ($238.14)
  A: 5403.000000 @ $0.08 ($437.10)
  SOPH: 18446.000000 @ $0.01 ($173.39)
  RESOLV: 6229.000000 @ $0.06 ($381.21)
  HOME: 16994.000000 @ $0.03 ($480.25)
  SPK: 18446.000000 @ $0.02 ($401.62)
  NEWT: 6326.000000 @ $0.07 ($427.64)
  SAHARA: 18446.000000 @ $0.02 ($279.83)
  LA: 2471.000000 @ $0.23 ($560.67)
  ERA: 3148.000000 @ $0.15 ($474.40)
  C: 8296.000000 @ $0.05 ($444.67)
  TREE: 7022.000000 @ $0.06 ($454.32)
  A2Z: 18446.000000 @ $0.00 ($17.06)
  TOWNS: 18446.000000 @ $0.00 ($78.03)
  PROVE: 1539.000000 @ $0.32 ($496.17)
  BFUSD: 500.000000 @ $1.00 ($499.90)
  PLUME: 18446.000000 @ $0.01 ($199.59)
  DOLO: 13957.000000 @ $0.04 ($506.92)
  MITO: 10361.000000 @ $0.04 ($448.63)
  WLFI: 3741.000000 @ $0.11 ($401.41)
  SOMI: 2516.000000 @ $0.17 ($423.44)
  OPEN: 3075.000000 @ $0.17 ($522.44)
  USDE: 500.000000 @ $1.00 ($499.55)
  LINEA: 18446.000000 @ $0.00 ($57.00)
  HOLO: 7637.000000 @ $0.06 ($442.95)
  PUMP: 18446.000000 @ $0.00 ($35.55)
  AVNT: 2188.000000 @ $0.19 ($410.03)
  ZKC: 5211.000000 @ $0.09 ($484.62)
  SKY: 8127.000000 @ $0.07 ($562.88)
  BARD: 695.000000 @ $0.83 ($577.68)
  0G: 832.000000 @ $0.53 ($436.80)
  HEMI: 18446.000000 @ $0.01 ($208.81)
  XPL: 5332.000000 @ $0.08 ($431.36)
  MIRA: 4972.000000 @ $0.09 ($426.60)
  FF: 6447.000000 @ $0.08 ($509.64)
  EDEN: 13517.000000 @ $0.03 ($420.38)
  NOM: 18446.000000 @ $0.01 ($114.00)
  2Z: 4685.000000 @ $0.07 ($343.97)
  MORPHO: 384.000000 @ $1.14 ($437.76)
  ASTER: 893.000000 @ $0.65 ($580.45)
  WAL: 5397.000000 @ $0.08 ($427.44)
  EUL: 457.000000 @ $0.84 ($386.16)
  ENSO: 400.000000 @ $1.25 ($502.00)
  YB: 3039.000000 @ $0.17 ($509.94)
  ZBT: 6821.000000 @ $0.07 ($456.32)
  TURTLE: 10299.000000 @ $0.04 ($409.90)
  GIGGLE: 13.000000 @ $30.79 ($400.27)
  F: 18446.000000 @ $0.01 ($110.68)
  KITE: 3439.000000 @ $0.19 ($654.10)
  MMT: 3148.000000 @ $0.13 ($396.96)
  SAPIEN: 5120.000000 @ $0.08 ($416.26)
  ALLO: 7866.000000 @ $0.08 ($630.07)
  BANK: 14258.000000 @ $0.03 ($439.15)
  MET: 2178.000000 @ $0.21 ($457.38)
  AT: 3155.000000 @ $0.16 ($506.38)
  KGST: 18446.000000 @ $0.01 ($210.10)
  BREV: 3461.000000 @ $0.15 ($510.84)
  币安人生: 3737.000000 @ $0.10 ($373.33)
  ZKP: 5151.000000 @ $0.10 ($521.28)
  U: 499.000000 @ $1.00 ($499.20)
  FRAX: 639.000000 @ $0.75 ($476.12)
  FOGO: 17946.000000 @ $0.02 ($380.10)
  RLUSD: 499.000000 @ $1.00 ($499.25)
  SENT: 14893.000000 @ $0.03 ($409.41)
  ZAMA: 16138.000000 @ $0.02 ($378.76)
🌐 主要幣種:
  BTCUSDT: $68658.46
  ETHUSDT: $2017.28
  BNBUSDT: $619.11

🎯 今日學習重點:
  1. 觀察加密貨幣波動
  2. 實踐2%風險管理
  3. 記錄交易決策
✅ 報告已保存: /Users/gordonlui/.openclaw/workspace/crypto_data/daily_report_20260211.json
/Users/gordonlui/Library/Python/3.9/lib/python/site-packages/urllib3/__init__.py:35: NotOpenSSLWarning: urllib3 v2 only supports OpenSSL 1.1.1+, currently the 'ssl' module is compiled with 'LibreSSL 2.8.3'. See: https://github.com/urllib3/urllib3/issues/3020
  warnings.warn(
📊 加密貨幣每日報告 - 2026-02-12
==================================================
💰 總資產: $344730.85
📦 持倉 (446個):
  BNB: 1.000000 @ $609.01 ($609.01)
  BTC: 1.000000 @ $67378.72 ($67378.72)
  ETH: 1.000000 @ $1953.96 ($1953.96)
  LTC: 8.000000 @ $52.32 ($418.56)
  TRX: 1756.000000 @ $0.28 ($488.17)
  XRP: 318.000000 @ $1.37 ($435.44)
  NEO: 158.000000 @ $2.65 ($418.70)
  GAS: 268.000000 @ $1.57 ($421.56)
  LRC: 12438.000000 @ $0.04 ($482.59)
  KNC: 2804.000000 @ $0.15 ($420.04)
  IOTA: 6763.000000 @ $0.07 ($442.30)
  LINK: 52.000000 @ $8.37 ($435.24)
  MTL: 1624.000000 @ $0.27 ($438.48)
  ETC: 52.000000 @ $8.28 ($430.56)
  ZEC: 1.000000 @ $238.53 ($238.53)
  DASH: 12.000000 @ $34.10 ($409.20)
  REQ: 5524.000000 @ $0.08 ($416.51)
  BAT: 4155.000000 @ $0.13 ($555.52)
  LSK: 3521.000000 @ $0.14 ($482.38)
  MANA: 4522.000000 @ $0.10 ($447.23)
  ADX: 5913.000000 @ $0.08 ($457.07)
  ADA: 1710.000000 @ $0.26 ($439.30)
  XLM: 2899.000000 @ $0.16 ($451.95)
  ICX: 11116.000000 @ $0.04 ($437.97)
  RLC: 1005.000000 @ $0.43 ($437.18)
  STEEM: 9138.000000 @ $0.05 ($468.78)
  ONT: 9679.000000 @ $0.04 ($433.62)
  QTUM: 473.000000 @ $0.91 ($431.85)
  WAN: 7402.000000 @ $0.06 ($478.17)
  TUSD: 10000.000000 @ $1.00 ($9987.00)
  ZEN: 73.000000 @ $5.83 ($425.52)
  THETA: 2325.000000 @ $0.20 ($474.30)
  IOTX: 18446.000000 @ $0.01 ($104.04)
  ARDR: 9611.000000 @ $0.04 ($430.57)
  VET: 18446.000000 @ $0.01 ($142.03)
  USDC: 10000.000000 @ $1.00 ($10007.00)
  ONG: 7084.000000 @ $0.07 ($461.88)
  HOT: 18446.000000 @ $0.00 ($6.90)
  ZIL: 18446.000000 @ $0.00 ($81.72)
  ZRX: 4406.000000 @ $0.10 ($455.14)
  FET: 2767.000000 @ $0.16 ($433.59)
  IOST: 18446.000000 @ $0.00 ($22.52)
  CELR: 18446.000000 @ $0.00 ($46.65)
  ENJ: 18446.000000 @ $0.02 ($427.58)
  ATOM: 244.000000 @ $1.95 ($475.07)
  TFUEL: 18446.000000 @ $0.01 ($264.52)
  ONE: 18446.000000 @ $0.00 ($44.64)
  ALGO: 4741.000000 @ $0.09 ($424.79)
  DOGE: 4713.000000 @ $0.09 ($429.78)
  DUSK: 4749.000000 @ $0.11 ($503.87)
  ANKR: 18446.000000 @ $0.00 ($82.45)
  WIN: 18446.000000 @ $0.00 ($0.40)
  COS: 18446.000000 @ $0.00 ($19.48)
  DENT: 18446.000000 @ $0.00 ($2.58)
  FUN: 18446.000000 @ $0.00 ($23.63)
  CVC: 14558.000000 @ $0.03 ($480.85)
  CHZ: 11467.000000 @ $0.04 ($453.98)
  BAND: 1976.000000 @ $0.24 ($468.31)
  XTZ: 1050.000000 @ $0.39 ($414.64)
  RVN: 18446.000000 @ $0.01 ($107.72)
  HBAR: 5400.000000 @ $0.09 ($484.54)
  NKN: 18446.000000 @ $0.01 ($145.72)
  STX: 1712.000000 @ $0.26 ($445.46)
  KAVA: 8025.000000 @ $0.05 ($425.32)
  ARPA: 18446.000000 @ $0.01 ($185.01)
  BCH: 1.000000 @ $518.20 ($518.20)
  FTT: 1461.000000 @ $0.33 ($485.49)
  EUR: 422.000000 @ $1.19 ($501.29)
  OGN: 18446.000000 @ $0.02 ($392.72)
  BNT: 1572.000000 @ $0.28 ($438.43)
  MBL: 18446.000000 @ $0.00 ($17.47)
  COTI: 18446.000000 @ $0.01 ($220.80)
  DATA: 18446.000000 @ $0.00 ($24.53)
  SOL: 5.000000 @ $79.53 ($397.65)
  CTSI: 17242.000000 @ $0.03 ($444.84)
  HIVE: 6297.000000 @ $0.07 ($448.98)
  CHR: 16722.000000 @ $0.03 ($441.46)
  MDT: 18446.000000 @ $0.01 ($200.69)
  COMP: 25.000000 @ $16.12 ($403.00)
  SC: 18446.000000 @ $0.00 ($21.38)
  SNX: 1520.000000 @ $0.28 ($431.68)
  VTHO: 18446.000000 @ $0.00 ($10.31)
  DGB: 18446.000000 @ $0.00 ($76.18)
  SXP: 15362.000000 @ $0.02 ($341.04)
  RUNE: 1112.000000 @ $0.39 ($437.02)
  DCR: 25.000000 @ $23.07 ($576.75)
  STORJ: 4519.000000 @ $0.10 ($440.15)
  AVA: 1877.000000 @ $0.21 ($400.93)
  YFI: 1.000000 @ $3053.00 ($3053.00)
  JST: 12337.000000 @ $0.04 ($523.34)
  CRV: 1790.000000 @ $0.23 ($419.40)
  SAND: 5100.000000 @ $0.08 ($426.87)
  NMR: 51.000000 @ $8.33 ($424.83)
  DOT: 337.000000 @ $1.27 ($427.65)
  LUNA: 7602.000000 @ $0.06 ($460.68)
  RSR: 18446.000000 @ $0.00 ($28.63)
  PAXG: 1.000000 @ $5099.69 ($5099.69)
  TRB: 31.000000 @ $14.12 ($437.72)
  WBTC: 1.000000 @ $67325.22 ($67325.22)
  SUSHI: 2154.000000 @ $0.20 ($435.54)
  KSM: 100.000000 @ $4.37 ($437.00)
  EGLD: 103.000000 @ $4.58 ($471.74)
  DIA: 2343.000000 @ $0.20 ($461.10)
  FIO: 18446.000000 @ $0.01 ($163.62)
  UMA: 894.000000 @ $0.49 ($439.85)
  BEL: 4518.000000 @ $0.10 ($445.93)
  UNI: 131.000000 @ $3.45 ($452.21)
  OXT: 18446.000000 @ $0.02 ($320.96)
  SUN: 18446.000000 @ $0.02 ($308.79)
  AVAX: 50.000000 @ $8.66 ($433.00)
  CAKE: 322.000000 @ $1.32 ($423.75)
  UTK: 18446.000000 @ $0.01 ($174.87)
  XVS: 142.000000 @ $3.00 ($426.00)
  AAVE: 3.000000 @ $108.90 ($326.70)
  NEAR: 429.000000 @ $0.98 ($420.85)
  FIL: 465.000000 @ $0.89 ($415.71)
  INJ: 140.000000 @ $3.03 ($424.06)
  AUDIO: 18446.000000 @ $0.02 ($379.99)
  CTK: 2298.000000 @ $0.21 ($474.08)
  AXS: 323.000000 @ $1.51 ($488.70)
  STRAX: 18446.000000 @ $0.02 ($277.98)
  ROSE: 18446.000000 @ $0.01 ($238.14)
  SKL: 18446.000000 @ $0.01 ($116.39)
  GLM: 2310.000000 @ $0.19 ($436.82)
  GRT: 17106.000000 @ $0.03 ($451.60)
  JUV: 815.000000 @ $0.60 ($492.26)
  PSG: 717.000000 @ $0.68 ($488.28)
  1INCH: 4503.000000 @ $0.09 ($424.63)
  OG: 125.000000 @ $4.56 ($570.50)
  ATM: 577.000000 @ $1.12 ($645.09)
  ASR: 353.000000 @ $1.40 ($493.49)
  CELO: 5592.000000 @ $0.08 ($452.39)
  RIF: 11899.000000 @ $0.04 ($477.15)
  TRU: 18446.000000 @ $0.01 ($116.21)
  CKB: 18446.000000 @ $0.00 ($30.01)
  TWT: 735.000000 @ $0.47 ($347.43)
  SFP: 1736.000000 @ $0.25 ($440.77)
  DODO: 18446.000000 @ $0.01 ($261.93)
  ACM: 1123.000000 @ $0.44 ($489.63)
  OM: 10274.000000 @ $0.04 ($453.08)
  POND: 18446.000000 @ $0.00 ($47.59)
  DEGO: 1388.000000 @ $0.32 ($446.94)
  ALICE: 3842.000000 @ $0.11 ($426.08)
  SUPER: 3499.000000 @ $0.12 ($425.83)
  CFX: 9082.000000 @ $0.05 ($414.14)
  TKO: 7240.000000 @ $0.06 ($433.68)
  PUNDIX: 2734.000000 @ $0.16 ($436.35)
  TLM: 18446.000000 @ $0.00 ($31.23)
  BAR: 1013.000000 @ $0.49 ($492.32)
  FORTH: 367.000000 @ $1.08 ($395.99)
  SLP: 18446.000000 @ $0.00 ($11.53)
  SHIB: 18446.000000 @ $0.00 ($0.11)
  ICP: 187.000000 @ $2.35 ($439.45)
  AR: 202.000000 @ $1.78 ($359.56)
  MASK: 939.000000 @ $0.44 ($413.16)
  LPT: 192.000000 @ $2.36 ($453.70)
  XVG: 18446.000000 @ $0.01 ($111.36)
  ATA: 18446.000000 @ $0.01 ($226.89)
  GTC: 4755.000000 @ $0.10 ($456.48)
  PHA: 16616.000000 @ $0.03 ($433.68)
  MLN: 132.000000 @ $3.48 ($459.36)
  DEXE: 224.000000 @ $2.10 ($469.50)
  C98: 18446.000000 @ $0.03 ($534.93)
  QNT: 7.000000 @ $69.45 ($486.15)
  FLOW: 10152.000000 @ $0.05 ($502.93)
  MINA: 7106.000000 @ $0.07 ($471.13)
  RAY: 756.000000 @ $0.58 ($437.72)
  FARM: 35.000000 @ $12.41 ($434.35)
  QUICK: 18446.000000 @ $0.01 ($164.54)
  MBOX: 18446.000000 @ $0.02 ($374.45)
  GHST: 4600.000000 @ $0.12 ($570.40)
  WAXP: 18446.000000 @ $0.01 ($130.60)
  GNO: 4.000000 @ $123.29 ($493.16)
  XEC: 18446.000000 @ $0.00 ($0.14)
  DYDX: 3905.000000 @ $0.10 ($395.19)
  IDEX: 18446.000000 @ $0.01 ($126.17)
  USDP: 499.000000 @ $1.00 ($499.10)
  GALA: 18446.000000 @ $0.00 ($72.49)
  ILV: 116.000000 @ $3.85 ($446.60)
  YGG: 10961.000000 @ $0.04 ($436.25)
  SYS: 18446.000000 @ $0.01 ($238.88)
  DF: 18446.000000 @ $0.00 ($56.63)
  FIDA: 18446.000000 @ $0.02 ($376.30)
  AGLD: 2136.000000 @ $0.22 ($472.06)
  RAD: 1831.000000 @ $0.23 ($428.45)
  RARE: 18446.000000 @ $0.02 ($368.92)
  LAZIO: 526.000000 @ $0.86 ($452.89)
  CHESS: 18446.000000 @ $0.01 ($124.88)
  AUCTION: 102.000000 @ $4.92 ($501.84)
  MOVR: 286.000000 @ $1.46 ($416.99)
  CITY: 903.000000 @ $0.56 ($508.39)
  ENS: 74.000000 @ $5.68 ($420.32)
  QI: 18446.000000 @ $0.00 ($38.92)
  PORTO: 460.000000 @ $0.98 ($453.10)
  POWR: 6913.000000 @ $0.06 ($447.96)
  JASMY: 18446.000000 @ $0.01 ($109.57)
  AMP: 18446.000000 @ $0.00 ($27.93)
  PYR: 1467.000000 @ $0.33 ($478.24)
  ALCX: 84.000000 @ $5.41 ($454.44)
  SANTOS: 239.000000 @ $1.89 ($451.47)
  BICO: 17119.000000 @ $0.02 ($419.42)
  FLUX: 6342.000000 @ $0.07 ($449.65)
  HIGH: 3129.000000 @ $0.15 ($475.61)
  CVX: 255.000000 @ $1.89 ($482.20)
  PEOPLE: 18446.000000 @ $0.01 ($118.24)
  SPELL: 18446.000000 @ $0.00 ($3.36)
  JOE: 11732.000000 @ $0.04 ($429.39)
  ACH: 18446.000000 @ $0.01 ($143.33)
  IMX: 2784.000000 @ $0.15 ($424.28)
  GLMR: 18446.000000 @ $0.01 ($250.87)
  SCRT: 4596.000000 @ $0.09 ($434.78)
  API3: 1511.000000 @ $0.31 ($472.04)
  BTTC: 18446.000000 @ $0.00 ($0.01)
  ACA: 18446.000000 @ $0.00 ($70.09)
  XNO: 797.000000 @ $0.56 ($447.12)
  WOO: 18446.000000 @ $0.02 ($304.36)
  ALPINE: 1130.000000 @ $0.42 ($477.99)
  T: 18446.000000 @ $0.01 ($132.63)
  ASTR: 18446.000000 @ $0.01 ($138.90)
  GMT: 18446.000000 @ $0.01 ($221.35)
  APE: 3458.000000 @ $0.12 ($430.87)
  BIFI: 3.000000 @ $121.30 ($363.90)
  NEXO: 630.000000 @ $0.82 ($515.34)
  LDO: 1227.000000 @ $0.34 ($411.66)
  OP: 2248.000000 @ $0.18 ($401.94)
  STG: 3197.000000 @ $0.19 ($597.84)
  LUNC: 18446.000000 @ $0.00 ($0.62)
  GMX: 79.000000 @ $6.02 ($475.58)
  POLYX: 10572.000000 @ $0.04 ($450.37)
  APT: 402.000000 @ $0.93 ($371.85)
  OSMO: 12142.000000 @ $0.04 ($448.04)
  HFT: 18446.000000 @ $0.02 ($337.56)
  PHB: 2808.000000 @ $0.16 ($440.86)
  HOOK: 17183.000000 @ $0.03 ($436.45)
  MAGIC: 7342.000000 @ $0.07 ($497.79)
  RPL: 290.000000 @ $1.50 ($435.00)
  GNS: 563.000000 @ $0.82 ($464.47)
  SYN: 5567.000000 @ $0.05 ($277.24)
  SSV: 125.000000 @ $3.00 ($374.38)
  LQTY: 1592.000000 @ $0.29 ($469.64)
  USTC: 18446.000000 @ $0.00 ($90.75)
  PROM: 355.000000 @ $1.17 ($415.00)
  QKC: 18446.000000 @ $0.00 ($58.34)
  ID: 8734.000000 @ $0.05 ($430.59)
  ARB: 3736.000000 @ $0.11 ($410.96)
  RDNT: 18446.000000 @ $0.01 ($104.59)
  EDU: 2879.000000 @ $0.14 ($396.44)
  SUI: 452.000000 @ $0.90 ($407.43)
  PEPE: 18446.000000 @ $0.00 ($0.07)
  FLOKI: 18446.000000 @ $0.00 ($0.54)
  WBETH: 1.000000 @ $2151.76 ($2151.76)
  MAV: 18446.000000 @ $0.02 ($294.21)
  PENDLE: 331.000000 @ $1.11 ($366.75)
  ARKM: 3671.000000 @ $0.11 ($414.82)
  WLD: 1235.000000 @ $0.37 ($457.20)
  FDUSD: 10000.000000 @ $1.00 ($9994.00)
  SEI: 5876.000000 @ $0.07 ($415.43)
  CYBER: 872.000000 @ $0.56 ($487.45)
  ARK: 2437.000000 @ $0.19 ($458.64)
  IQ: 18446.000000 @ $0.00 ($21.66)
  NTRN: 18446.000000 @ $0.01 ($250.87)
  TIA: 1360.000000 @ $0.31 ($425.14)
  MEME: 18446.000000 @ $0.00 ($12.56)
  ORDI: 159.000000 @ $2.72 ($433.12)
  BEAMX: 18446.000000 @ $0.00 ($43.57)
  PIVX: 4496.000000 @ $0.09 ($411.83)
  VIC: 8198.000000 @ $0.06 ($453.35)
  BLUR: 18446.000000 @ $0.02 ($367.81)
  VANRY: 18446.000000 @ $0.01 ($115.93)
  AEUR: 424.000000 @ $1.19 ($503.42)
  JTO: 1728.000000 @ $0.24 ($420.77)
  1000SATS: 18446.000000 @ $0.00 ($0.21)
  BONK: 18446.000000 @ $0.00 ($0.11)
  ACE: 2505.000000 @ $0.18 ($443.38)
  NFP: 18446.000000 @ $0.02 ($309.89)
  AI: 18446.000000 @ $0.02 ($411.35)
  XAI: 18446.000000 @ $0.01 ($196.08)
  MANTA: 6937.000000 @ $0.08 ($548.72)
  ALT: 18446.000000 @ $0.01 ($154.58)
  JUP: 2684.000000 @ $0.14 ($370.66)
  PYTH: 10083.000000 @ $0.04 ($445.67)
  RONIN: 4949.000000 @ $0.10 ($491.44)
  DYM: 10871.000000 @ $0.06 ($674.00)
  PIXEL: 18446.000000 @ $0.01 ($98.50)
  STRK: 9019.000000 @ $0.05 ($421.19)
  PORTAL: 18446.000000 @ $0.01 ($266.18)
  AXL: 7741.000000 @ $0.06 ($454.40)
  WIF: 2008.000000 @ $0.21 ($423.69)
  METIS: 132.000000 @ $3.60 ($475.20)
  AEVO: 17067.000000 @ $0.03 ($438.62)
  BOME: 18446.000000 @ $0.00 ($7.12)
  ETHFI: 1004.000000 @ $0.45 ($455.82)
  ENA: 3639.000000 @ $0.11 ($412.30)
  W: 18446.000000 @ $0.02 ($350.47)
  TNSR: 10240.000000 @ $0.06 ($576.51)
  SAGA: 14369.000000 @ $0.03 ($482.80)
  TAO: 2.000000 @ $146.20 ($292.40)
  REZ: 18446.000000 @ $0.00 ($53.68)
  BB: 13765.000000 @ $0.03 ($428.09)
  NOT: 18446.000000 @ $0.00 ($7.12)
  IO: 4166.000000 @ $0.10 ($420.77)
  ZK: 18446.000000 @ $0.02 ($407.47)
  LISTA: 4565.000000 @ $0.09 ($421.81)
  ZRO: 275.000000 @ $2.17 ($596.48)
  G: 18446.000000 @ $0.00 ($78.95)
  BANANA: 100.000000 @ $4.49 ($449.00)
  RENDER: 330.000000 @ $1.29 ($427.35)
  TON: 362.000000 @ $1.34 ($485.08)
  DOGS: 18446.000000 @ $0.00 ($0.50)
  EURI: 422.000000 @ $1.19 ($501.17)
  POL: 4733.000000 @ $0.09 ($426.44)
  NEIRO: 18446.000000 @ $0.00 ($1.31)
  TURBO: 18446.000000 @ $0.00 ($18.89)
  1MBABYDOGE: 18446.000000 @ $0.00 ($7.07)
  CATI: 11034.000000 @ $0.04 ($442.46)
  HMSTR: 18446.000000 @ $0.00 ($3.18)
  EIGEN: 2008.000000 @ $0.20 ($403.61)
  BNSOL: 4.000000 @ $88.60 ($354.40)
  SCR: 8563.000000 @ $0.05 ($407.68)
  LUMIA: 6623.000000 @ $0.06 ($426.52)
  KAIA: 8466.000000 @ $0.06 ($473.25)
  COW: 3071.000000 @ $0.19 ($594.24)
  CETUS: 18446.000000 @ $0.02 ($283.70)
  PNUT: 9035.000000 @ $0.05 ($413.80)
  ACT: 18446.000000 @ $0.01 ($260.09)
  USUAL: 18446.000000 @ $0.01 ($271.89)
  THE: 2333.000000 @ $0.28 ($648.81)
  ACX: 12388.000000 @ $0.04 ($443.49)
  ORCA: 575.000000 @ $0.75 ($429.52)
  MOVE: 18446.000000 @ $0.02 ($402.12)
  ME: 3187.000000 @ $0.16 ($503.86)
  VELODROME: 18446.000000 @ $0.01 ($251.60)
  VANA: 285.000000 @ $1.71 ($488.21)
  1000CAT: 18446.000000 @ $0.00 ($32.65)
  PENGU: 18446.000000 @ $0.01 ($111.41)
  BIO: 16447.000000 @ $0.02 ($404.60)
  D: 18446.000000 @ $0.01 ($167.31)
  AIXBT: 18446.000000 @ $0.02 ($354.16)
  CGPT: 18446.000000 @ $0.02 ($381.28)
  COOKIE: 18446.000000 @ $0.02 ($357.85)
  S: 10062.000000 @ $0.05 ($456.41)
  SOLV: 18446.000000 @ $0.00 ($87.07)
  TRUMP: 119.000000 @ $3.24 ($385.80)
  ANIME: 18446.000000 @ $0.01 ($100.90)
  BERA: 1163.000000 @ $0.93 ($1081.59)
  1000CHEEMS: 18446.000000 @ $0.00 ($9.43)
  TST: 18446.000000 @ $0.01 ($181.32)
  LAYER: 5069.000000 @ $0.08 ($416.67)
  HEI: 4852.000000 @ $0.08 ($411.93)
  KAITO: 1389.000000 @ $0.32 ($442.81)
  SHELL: 14521.000000 @ $0.03 ($453.06)
  RED: 2427.000000 @ $0.18 ($434.19)
  GPS: 18446.000000 @ $0.01 ($202.72)
  EPIC: 1305.000000 @ $0.29 ($379.75)
  BMT: 18446.000000 @ $0.02 ($303.81)
  FORM: 2029.000000 @ $0.20 ($415.54)
  XUSD: 499.000000 @ $1.00 ($499.25)
  NIL: 10542.000000 @ $0.05 ($549.24)
  PARTI: 6606.000000 @ $0.10 ($677.78)
  MUBARAK: 18446.000000 @ $0.01 ($265.44)
  TUT: 18446.000000 @ $0.01 ($191.84)
  BROCCOLI714: 18446.000000 @ $0.01 ($244.04)
  BANANAS31: 18446.000000 @ $0.00 ($82.01)
  GUN: 18446.000000 @ $0.03 ($548.58)
  BABY: 18446.000000 @ $0.01 ($249.39)
  ONDO: 1818.000000 @ $0.24 ($441.59)
  BIGTIME: 18446.000000 @ $0.01 ($267.10)
  VIRTUAL: 788.000000 @ $0.56 ($438.05)
  KERNEL: 8448.000000 @ $0.07 ($553.34)
  WCT: 8004.000000 @ $0.07 ($523.46)
  HYPER: 4723.000000 @ $0.10 ($451.52)
  INIT: 6972.000000 @ $0.07 ($478.98)
  SIGN: 13413.000000 @ $0.03 ($366.31)
  STO: 7795.000000 @ $0.05 ($417.03)
  SYRUP: 1663.000000 @ $0.27 ($453.67)
  KMNO: 15086.000000 @ $0.03 ($431.46)
  SXT: 18446.000000 @ $0.02 ($429.79)
  NXPC: 1339.000000 @ $0.26 ($350.28)
  AWE: 7971.000000 @ $0.09 ($686.22)
  HAEDAL: 17128.000000 @ $0.03 ($452.18)
  USD1: 499.000000 @ $1.00 ($499.05)
  HUMA: 18446.000000 @ $0.01 ($240.54)
  A: 5403.000000 @ $0.08 ($444.13)
  SOPH: 18446.000000 @ $0.01 ($176.71)
  RESOLV: 6229.000000 @ $0.06 ($401.77)
  HOME: 16994.000000 @ $0.03 ($478.38)
  SPK: 18446.000000 @ $0.02 ($404.34)
  NEWT: 6326.000000 @ $0.07 ($438.39)
  SAHARA: 18446.000000 @ $0.02 ($280.56)
  LA: 2471.000000 @ $0.23 ($576.98)
  ERA: 3148.000000 @ $0.15 ($475.35)
  C: 8296.000000 @ $0.05 ($435.54)
  TREE: 7022.000000 @ $0.07 ($475.39)
  A2Z: 18446.000000 @ $0.00 ($17.38)
  TOWNS: 18446.000000 @ $0.00 ($70.46)
  PROVE: 1539.000000 @ $0.32 ($493.40)
  BFUSD: 500.000000 @ $1.00 ($499.95)
  PLUME: 18446.000000 @ $0.01 ($203.64)
  DOLO: 13957.000000 @ $0.04 ($516.83)
  MITO: 10361.000000 @ $0.04 ($451.74)
  WLFI: 3741.000000 @ $0.10 ($386.82)
  SOMI: 2516.000000 @ $0.19 ($465.71)
  OPEN: 3075.000000 @ $0.18 ($567.34)
  USDE: 500.000000 @ $1.00 ($499.65)
  LINEA: 18446.000000 @ $0.00 ($66.77)
  HOLO: 7637.000000 @ $0.06 ($453.64)
  PUMP: 18446.000000 @ $0.00 ($34.94)
  AVNT: 2188.000000 @ $0.19 ($408.72)
  ZKC: 5211.000000 @ $0.09 ($477.85)
  SKY: 8127.000000 @ $0.07 ($541.66)
  BARD: 695.000000 @ $0.81 ($562.67)
  0G: 832.000000 @ $0.56 ($468.42)
  HEMI: 18446.000000 @ $0.01 ($210.47)
  XPL: 5332.000000 @ $0.08 ($451.09)
  MIRA: 4972.000000 @ $0.09 ($426.10)
  FF: 6447.000000 @ $0.08 ($512.60)
  EDEN: 13517.000000 @ $0.03 ($447.41)
  NOM: 18446.000000 @ $0.01 ($116.58)
  2Z: 4685.000000 @ $0.08 ($354.84)
  MORPHO: 384.000000 @ $1.11 ($424.70)
  ASTER: 893.000000 @ $0.70 ($626.89)
  WAL: 5397.000000 @ $0.08 ($427.98)
  EUL: 457.000000 @ $0.84 ($385.25)
  ENSO: 400.000000 @ $1.26 ($504.40)
  YB: 3039.000000 @ $0.19 ($567.38)
  ZBT: 6821.000000 @ $0.07 ($481.56)
  TURTLE: 10299.000000 @ $0.04 ($442.86)
  GIGGLE: 13.000000 @ $30.18 ($392.34)
  F: 18446.000000 @ $0.01 ($116.58)
  KITE: 3439.000000 @ $0.16 ($563.31)
  MMT: 3148.000000 @ $0.13 ($401.06)
  SAPIEN: 5120.000000 @ $0.08 ($430.59)
  ALLO: 7866.000000 @ $0.08 ($646.59)
  BANK: 14258.000000 @ $0.03 ($433.44)
  MET: 2178.000000 @ $0.21 ($458.03)
  AT: 3155.000000 @ $0.16 ($504.48)
  KGST: 18446.000000 @ $0.01 ($209.55)
  BREV: 3461.000000 @ $0.15 ($503.23)
  币安人生: 3737.000000 @ $0.10 ($380.80)
  ZKP: 5151.000000 @ $0.09 ($483.68)
  U: 499.000000 @ $1.00 ($499.30)
  FRAX: 639.000000 @ $0.64 ($411.71)
  FOGO: 17946.000000 @ $0.02 ($375.43)
  RLUSD: 499.000000 @ $1.00 ($499.30)
  SENT: 14893.000000 @ $0.03 ($388.56)
  ZAMA: 16138.000000 @ $0.02 ($306.94)
🌐 主要幣種:
  BTCUSDT: $67409.69
  ETHUSDT: $1953.85
  BNBUSDT: $609.00

🎯 今日學習重點:
  1. 觀察加密貨幣波動
  2. 實踐2%風險管理
  3. 記錄交易決策
✅ 報告已保存: /Users/gordonlui/.openclaw/workspace/crypto_data/daily_report_20260212.json
/Users/gordonlui/Library/Python/3.9/lib/python/site-packages/urllib3/__init__.py:35: NotOpenSSLWarning: urllib3 v2 only supports OpenSSL 1.1.1+, currently the 'ssl' module is compiled with 'LibreSSL 2.8.3'. See: https://github.com/urllib3/urllib3/issues/3020
  warnings.warn(
📊 加密貨幣每日報告 - 2026-02-20
==================================================
💰 總資產: $342018.15
📦 持倉 (446個):
  BNB: 1.000000 @ $606.57 ($606.57)
  BTC: 1.000000 @ $66880.00 ($66880.00)
  ETH: 1.000000 @ $1944.26 ($1944.26)
  LTC: 8.000000 @ $52.66 ($421.28)
  TRX: 1756.000000 @ $0.28 ($500.46)
  XRP: 318.000000 @ $1.40 ($445.84)
  NEO: 158.000000 @ $2.67 ($421.86)
  GAS: 268.000000 @ $1.57 ($420.49)
  LRC: 12438.000000 @ $0.03 ($399.26)
  KNC: 2804.000000 @ $0.13 ($375.74)
  IOTA: 6763.000000 @ $0.07 ($461.91)
  LINK: 52.000000 @ $8.54 ($444.08)
  MTL: 1624.000000 @ $0.28 ($446.60)
  ETC: 52.000000 @ $8.25 ($429.00)
  ZEC: 1.000000 @ $262.23 ($262.23)
  DASH: 12.000000 @ $34.57 ($414.84)
  REQ: 5524.000000 @ $0.07 ($372.87)
  BAT: 4155.000000 @ $0.12 ($497.35)
  LSK: 3521.000000 @ $0.15 ($538.71)
  MANA: 4522.000000 @ $0.10 ($432.30)
  ADX: 5913.000000 @ $0.08 ($451.75)
  ADA: 1710.000000 @ $0.27 ($466.15)
  XLM: 2899.000000 @ $0.16 ($459.20)
  ICX: 11116.000000 @ $0.04 ($424.63)
  RLC: 1005.000000 @ $0.41 ($416.07)
  STEEM: 9138.000000 @ $0.05 ($465.12)
  ONT: 9679.000000 @ $0.04 ($422.97)
  QTUM: 473.000000 @ $0.93 ($437.53)
  WAN: 7402.000000 @ $0.06 ($464.85)
  TUSD: 10000.000000 @ $1.00 ($9987.00)
  ZEN: 73.000000 @ $5.79 ($422.38)
  THETA: 2325.000000 @ $0.19 ($446.40)
  IOTX: 18446.000000 @ $0.01 ($99.06)
  ARDR: 9611.000000 @ $0.04 ($426.92)
  VET: 18446.000000 @ $0.01 ($141.67)
  USDC: 10000.000000 @ $1.00 ($10004.00)
  ONG: 7084.000000 @ $0.06 ($449.83)
  HOT: 18446.000000 @ $0.00 ($7.32)
  ZIL: 18446.000000 @ $0.00 ($73.78)
  ZRX: 4406.000000 @ $0.11 ($465.71)
  FET: 2767.000000 @ $0.16 ($447.42)
  IOST: 18446.000000 @ $0.00 ($22.21)
  CELR: 18446.000000 @ $0.00 ($47.87)
  ENJ: 18446.000000 @ $0.02 ($368.00)
  ATOM: 244.000000 @ $2.29 ($559.25)
  TFUEL: 18446.000000 @ $0.01 ($262.49)
  ONE: 18446.000000 @ $0.00 ($44.82)
  ALGO: 4741.000000 @ $0.09 ($421.95)
  DOGE: 4713.000000 @ $0.10 ($461.73)
  DUSK: 4749.000000 @ $0.09 ($418.86)
  ANKR: 18446.000000 @ $0.00 ($80.42)
  WIN: 18446.000000 @ $0.00 ($0.41)
  COS: 18446.000000 @ $0.00 ($19.00)
  DENT: 18446.000000 @ $0.00 ($2.55)
  FUN: 18446.000000 @ $0.00 ($24.07)
  CVC: 14558.000000 @ $0.03 ($478.52)
  CHZ: 11467.000000 @ $0.04 ($439.07)
  BAND: 1976.000000 @ $0.23 ($460.41)
  XTZ: 1050.000000 @ $0.38 ($396.69)
  RVN: 18446.000000 @ $0.01 ($111.41)
  HBAR: 5400.000000 @ $0.10 ($526.18)
  NKN: 18446.000000 @ $0.01 ($134.66)
  STX: 1712.000000 @ $0.25 ($424.92)
  KAVA: 8025.000000 @ $0.05 ($404.46)
  ARPA: 18446.000000 @ $0.01 ($180.03)
  BCH: 1.000000 @ $561.10 ($561.10)
  FTT: 1461.000000 @ $0.35 ($508.72)
  EUR: 422.000000 @ $1.18 ($496.90)
  OGN: 18446.000000 @ $0.02 ($394.19)
  BNT: 1572.000000 @ $0.28 ($440.47)
  MBL: 18446.000000 @ $0.00 ($17.98)
  COTI: 18446.000000 @ $0.01 ($218.40)
  DATA: 18446.000000 @ $0.00 ($16.23)
  SOL: 5.000000 @ $82.32 ($411.60)
  CTSI: 17242.000000 @ $0.03 ($431.05)
  HIVE: 6297.000000 @ $0.07 ($428.20)
  CHR: 16722.000000 @ $0.02 ($386.28)
  MDT: 18446.000000 @ $0.01 ($181.51)
  COMP: 25.000000 @ $17.90 ($447.50)
  SC: 18446.000000 @ $0.00 ($21.07)
  SNX: 1520.000000 @ $0.34 ($515.28)
  VTHO: 18446.000000 @ $0.00 ($10.79)
  DGB: 18446.000000 @ $0.00 ($74.71)
  SXP: 15362.000000 @ $0.02 ($305.70)
  RUNE: 1112.000000 @ $0.40 ($439.24)
  DCR: 25.000000 @ $22.49 ($562.25)
  STORJ: 4519.000000 @ $0.09 ($426.14)
  AVA: 1877.000000 @ $0.22 ($410.50)
  YFI: 1.000000 @ $2780.00 ($2780.00)
  JST: 12337.000000 @ $0.04 ($517.54)
  CRV: 1790.000000 @ $0.24 ($427.99)
  SAND: 5100.000000 @ $0.08 ($417.18)
  NMR: 51.000000 @ $8.18 ($417.18)
  DOT: 337.000000 @ $1.28 ($433.04)
  LUNA: 7602.000000 @ $0.07 ($500.21)
  RSR: 18446.000000 @ $0.00 ($26.64)
  PAXG: 1.000000 @ $5009.42 ($5009.42)
  TRB: 31.000000 @ $14.82 ($459.42)
  WBTC: 1.000000 @ $66730.22 ($66730.22)
  SUSHI: 2154.000000 @ $0.20 ($427.14)
  KSM: 100.000000 @ $4.54 ($454.00)
  EGLD: 103.000000 @ $4.49 ($462.47)
  DIA: 2343.000000 @ $0.19 ($445.64)
  FIO: 18446.000000 @ $0.01 ($160.85)
  UMA: 894.000000 @ $0.46 ($413.03)
  BEL: 4518.000000 @ $0.10 ($438.70)
  UNI: 131.000000 @ $3.37 ($441.21)
  OXT: 18446.000000 @ $0.02 ($320.96)
  SUN: 18446.000000 @ $0.02 ($319.67)
  AVAX: 50.000000 @ $8.90 ($445.00)
  CAKE: 322.000000 @ $1.25 ($402.82)
  UTK: 18446.000000 @ $0.01 ($164.17)
  XVS: 142.000000 @ $3.07 ($435.94)
  AAVE: 3.000000 @ $123.34 ($370.02)
  NEAR: 429.000000 @ $1.00 ($429.43)
  FIL: 465.000000 @ $0.91 ($423.62)
  INJ: 140.000000 @ $3.32 ($465.22)
  AUDIO: 18446.000000 @ $0.02 ($400.28)
  CTK: 2298.000000 @ $0.22 ($496.60)
  AXS: 323.000000 @ $1.26 ($405.69)
  STRAX: 18446.000000 @ $0.02 ($290.34)
  ROSE: 18446.000000 @ $0.01 ($227.62)
  SKL: 18446.000000 @ $0.01 ($121.74)
  GLM: 2310.000000 @ $0.17 ($386.46)
  GRT: 17106.000000 @ $0.03 ($448.69)
  JUV: 815.000000 @ $0.62 ($506.12)
  PSG: 717.000000 @ $0.71 ($506.20)
  1INCH: 4503.000000 @ $0.09 ($412.93)
  OG: 125.000000 @ $3.36 ($419.62)
  ATM: 577.000000 @ $1.52 ($879.35)
  ASR: 353.000000 @ $1.44 ($507.26)
  CELO: 5592.000000 @ $0.08 ($424.99)
  RIF: 11899.000000 @ $0.03 ($402.19)
  TRU: 18446.000000 @ $0.01 ($105.14)
  CKB: 18446.000000 @ $0.00 ($28.85)
  TWT: 735.000000 @ $0.52 ($382.05)
  SFP: 1736.000000 @ $0.28 ($481.91)
  DODO: 18446.000000 @ $0.01 ($276.69)
  ACM: 1123.000000 @ $0.46 ($510.97)
  OM: 10274.000000 @ $0.07 ($753.08)
  POND: 18446.000000 @ $0.00 ($45.01)
  DEGO: 1388.000000 @ $0.35 ($487.19)
  ALICE: 3842.000000 @ $0.10 ($398.03)
  SUPER: 3499.000000 @ $0.12 ($424.43)
  CFX: 9082.000000 @ $0.05 ($458.64)
  TKO: 7240.000000 @ $0.06 ($425.71)
  PUNDIX: 2734.000000 @ $0.16 ($436.89)
  TLM: 18446.000000 @ $0.00 ($30.51)
  BAR: 1013.000000 @ $0.49 ($493.33)
  FORTH: 367.000000 @ $1.03 ($376.91)
  SLP: 18446.000000 @ $0.00 ($11.62)
  SHIB: 18446.000000 @ $0.00 ($0.12)
  ICP: 187.000000 @ $2.16 ($404.11)
  AR: 202.000000 @ $1.94 ($391.88)
  MASK: 939.000000 @ $0.44 ($412.22)
  LPT: 192.000000 @ $2.30 ($440.83)
  XVG: 18446.000000 @ $0.01 ($111.52)
  ATA: 18446.000000 @ $0.01 ($223.20)
  GTC: 4755.000000 @ $0.09 ($442.21)
  PHA: 16616.000000 @ $0.02 ($405.43)
  MLN: 132.000000 @ $3.56 ($469.92)
  DEXE: 224.000000 @ $2.25 ($503.55)
  C98: 18446.000000 @ $0.03 ($499.89)
  QNT: 7.000000 @ $66.05 ($462.35)
  FLOW: 10152.000000 @ $0.04 ($356.23)
  MINA: 7106.000000 @ $0.06 ($440.57)
  RAY: 756.000000 @ $0.63 ($479.30)
  FARM: 35.000000 @ $12.04 ($421.40)
  QUICK: 18446.000000 @ $0.01 ($170.63)
  MBOX: 18446.000000 @ $0.02 ($365.23)
  GHST: 4600.000000 @ $0.11 ($496.80)
  WAXP: 18446.000000 @ $0.01 ($124.14)
  GNO: 4.000000 @ $114.94 ($459.76)
  XEC: 18446.000000 @ $0.00 ($0.15)
  DYDX: 3905.000000 @ $0.10 ($381.52)
  IDEX: 18446.000000 @ $0.01 ($123.59)
  USDP: 499.000000 @ $1.00 ($499.10)
  GALA: 18446.000000 @ $0.00 ($69.54)
  ILV: 116.000000 @ $3.72 ($431.52)
  YGG: 10961.000000 @ $0.04 ($426.38)
  SYS: 18446.000000 @ $0.01 ($227.25)
  DF: 18446.000000 @ $0.00 ($29.88)
  FIDA: 18446.000000 @ $0.02 ($322.81)
  AGLD: 2136.000000 @ $0.21 ($454.97)
  RAD: 1831.000000 @ $0.24 ($448.59)
  RARE: 18446.000000 @ $0.02 ($352.32)
  LAZIO: 526.000000 @ $0.85 ($447.63)
  CHESS: 18446.000000 @ $0.00 ($51.83)
  AUCTION: 102.000000 @ $5.00 ($510.00)
  MOVR: 286.000000 @ $1.37 ($390.68)
  CITY: 903.000000 @ $0.68 ($614.04)
  ENS: 74.000000 @ $6.46 ($478.04)
  QI: 18446.000000 @ $0.00 ($36.34)
  PORTO: 460.000000 @ $1.04 ($476.56)
  POWR: 6913.000000 @ $0.06 ($445.20)
  JASMY: 18446.000000 @ $0.01 ($103.30)
  AMP: 18446.000000 @ $0.00 ($27.61)
  PYR: 1467.000000 @ $0.32 ($469.44)
  ALCX: 84.000000 @ $5.00 ($420.00)
  SANTOS: 239.000000 @ $1.96 ($468.92)
  BICO: 17119.000000 @ $0.02 ($380.04)
  FLUX: 6342.000000 @ $0.07 ($417.30)
  HIGH: 3129.000000 @ $0.14 ($447.45)
  CVX: 255.000000 @ $1.97 ($501.59)
  PEOPLE: 18446.000000 @ $0.01 ($123.59)
  SPELL: 18446.000000 @ $0.00 ($3.62)
  JOE: 11732.000000 @ $0.03 ($409.45)
  ACH: 18446.000000 @ $0.01 ($137.24)
  IMX: 2784.000000 @ $0.16 ($437.09)
  GLMR: 18446.000000 @ $0.01 ($239.80)
  SCRT: 4596.000000 @ $0.09 ($398.93)
  API3: 1511.000000 @ $0.30 ($448.01)
  BTTC: 18446.000000 @ $0.00 ($0.01)
  ACA: 18446.000000 @ $0.00 ($33.20)
  XNO: 797.000000 @ $0.54 ($430.38)
  WOO: 18446.000000 @ $0.02 ($304.36)
  ALPINE: 1130.000000 @ $0.45 ($502.85)
  T: 18446.000000 @ $0.01 ($127.09)
  ASTR: 18446.000000 @ $0.01 ($136.13)
  GMT: 18446.000000 @ $0.01 ($218.59)
  APE: 3458.000000 @ $0.11 ($379.00)
  BIFI: 3.000000 @ $123.60 ($370.80)
  NEXO: 630.000000 @ $0.85 ($538.02)
  LDO: 1227.000000 @ $0.32 ($395.34)
  OP: 2248.000000 @ $0.14 ($311.57)
  STG: 3197.000000 @ $0.13 ($406.02)
  LUNC: 18446.000000 @ $0.00 ($0.68)
  GMX: 79.000000 @ $6.45 ($509.55)
  POLYX: 10572.000000 @ $0.04 ($455.65)
  APT: 402.000000 @ $0.86 ($345.72)
  OSMO: 12142.000000 @ $0.04 ($435.90)
  HFT: 18446.000000 @ $0.02 ($304.36)
  PHB: 2808.000000 @ $0.15 ($435.24)
  HOOK: 17183.000000 @ $0.02 ($415.83)
  MAGIC: 7342.000000 @ $0.07 ($511.00)
  RPL: 290.000000 @ $2.21 ($640.90)
  GNS: 563.000000 @ $0.72 ($404.80)
  SYN: 5567.000000 @ $0.05 ($260.54)
  SSV: 125.000000 @ $3.10 ($387.00)
  LQTY: 1592.000000 @ $0.28 ($450.54)
  USTC: 18446.000000 @ $0.00 ($91.31)
  PROM: 355.000000 @ $1.35 ($478.54)
  QKC: 18446.000000 @ $0.00 ($59.47)
  ID: 8734.000000 @ $0.05 ($419.23)
  ARB: 3736.000000 @ $0.10 ($364.26)
  RDNT: 18446.000000 @ $0.01 ($101.27)
  EDU: 2879.000000 @ $0.13 ($361.60)
  SUI: 452.000000 @ $0.92 ($416.70)
  PEPE: 18446.000000 @ $0.00 ($0.08)
  FLOKI: 18446.000000 @ $0.00 ($0.55)
  WBETH: 1.000000 @ $2118.58 ($2118.58)
  MAV: 18446.000000 @ $0.02 ($291.63)
  PENDLE: 331.000000 @ $1.18 ($390.91)
  ARKM: 3671.000000 @ $0.11 ($392.80)
  WLD: 1235.000000 @ $0.37 ($458.19)
  FDUSD: 10000.000000 @ $1.00 ($9989.00)
  SEI: 5876.000000 @ $0.07 ($407.79)
  CYBER: 872.000000 @ $0.57 ($501.40)
  ARK: 2437.000000 @ $0.19 ($451.33)
  IQ: 18446.000000 @ $0.00 ($22.19)
  NTRN: 18446.000000 @ $0.01 ($252.71)
  TIA: 1360.000000 @ $0.32 ($431.94)
  MEME: 18446.000000 @ $0.00 ($12.29)
  ORDI: 159.000000 @ $2.57 ($408.95)
  BEAMX: 18446.000000 @ $0.00 ($40.95)
  PIVX: 4496.000000 @ $0.09 ($397.00)
  VIC: 8198.000000 @ $0.05 ($395.96)
  BLUR: 18446.000000 @ $0.02 ($368.37)
  VANRY: 18446.000000 @ $0.01 ($108.76)
  AEUR: 424.000000 @ $1.17 ($495.10)
  JTO: 1728.000000 @ $0.28 ($487.64)
  1000SATS: 18446.000000 @ $0.00 ($0.20)
  BONK: 18446.000000 @ $0.00 ($0.12)
  ACE: 2505.000000 @ $0.16 ($398.30)
  NFP: 18446.000000 @ $0.02 ($298.83)
  AI: 18446.000000 @ $0.02 ($407.66)
  XAI: 18446.000000 @ $0.01 ($180.77)
  MANTA: 6937.000000 @ $0.07 ($494.61)
  ALT: 18446.000000 @ $0.01 ($146.83)
  JUP: 2684.000000 @ $0.15 ($404.75)
  PYTH: 10083.000000 @ $0.05 ($522.30)
  RONIN: 4949.000000 @ $0.10 ($476.59)
  DYM: 10871.000000 @ $0.04 ($459.84)
  PIXEL: 18446.000000 @ $0.01 ($94.44)
  STRK: 9019.000000 @ $0.04 ($400.44)
  PORTAL: 18446.000000 @ $0.01 ($265.25)
  AXL: 7741.000000 @ $0.05 ($420.34)
  WIF: 2008.000000 @ $0.22 ($435.74)
  METIS: 132.000000 @ $3.55 ($468.60)
  AEVO: 17067.000000 @ $0.03 ($442.04)
  BOME: 18446.000000 @ $0.00 ($7.51)
  ETHFI: 1004.000000 @ $0.46 ($457.82)
  ENA: 3639.000000 @ $0.11 ($405.02)
  W: 18446.000000 @ $0.02 ($357.85)
  TNSR: 10240.000000 @ $0.05 ($504.83)
  SAGA: 14369.000000 @ $0.03 ($455.50)
  TAO: 2.000000 @ $177.10 ($354.20)
  REZ: 18446.000000 @ $0.00 ($55.34)
  BB: 13765.000000 @ $0.03 ($395.06)
  NOT: 18446.000000 @ $0.00 ($6.88)
  IO: 4166.000000 @ $0.11 ($449.93)
  ZK: 18446.000000 @ $0.02 ($365.60)
  LISTA: 4565.000000 @ $0.09 ($393.05)
  ZRO: 275.000000 @ $1.47 ($404.53)
  G: 18446.000000 @ $0.00 ($69.73)
  BANANA: 100.000000 @ $4.38 ($438.00)
  RENDER: 330.000000 @ $1.40 ($461.01)
  TON: 362.000000 @ $1.36 ($493.77)
  DOGS: 18446.000000 @ $0.00 ($0.51)
  EURI: 422.000000 @ $1.18 ($496.86)
  POL: 4733.000000 @ $0.10 ($496.96)
  NEIRO: 18446.000000 @ $0.00 ($1.33)
  TURBO: 18446.000000 @ $0.00 ($18.74)
  1MBABYDOGE: 18446.000000 @ $0.00 ($6.94)
  CATI: 11034.000000 @ $0.04 ($436.95)
  HMSTR: 18446.000000 @ $0.00 ($3.22)
  EIGEN: 2008.000000 @ $0.19 ($387.54)
  BNSOL: 4.000000 @ $89.20 ($356.80)
  SCR: 8563.000000 @ $0.05 ($392.61)
  LUMIA: 6623.000000 @ $0.06 ($413.94)
  KAIA: 8466.000000 @ $0.06 ($468.17)
  COW: 3071.000000 @ $0.19 ($585.33)
  CETUS: 18446.000000 @ $0.02 ($300.67)
  PNUT: 9035.000000 @ $0.05 ($427.36)
  ACT: 18446.000000 @ $0.01 ($273.00)
  USUAL: 18446.000000 @ $0.02 ($282.41)
  THE: 2333.000000 @ $0.26 ($609.61)
  ACX: 12388.000000 @ $0.04 ($454.64)
  ORCA: 575.000000 @ $1.27 ($731.97)
  MOVE: 18446.000000 @ $0.02 ($424.26)
  ME: 3187.000000 @ $0.12 ($397.42)
  VELODROME: 18446.000000 @ $0.01 ($256.95)
  VANA: 285.000000 @ $1.40 ($397.57)
  1000CAT: 18446.000000 @ $0.00 ($32.28)
  PENGU: 18446.000000 @ $0.01 ($121.32)
  BIO: 16447.000000 @ $0.02 ($365.12)
  D: 18446.000000 @ $0.01 ($158.08)
  AIXBT: 18446.000000 @ $0.02 ($361.54)
  CGPT: 18446.000000 @ $0.02 ($384.05)
  COOKIE: 18446.000000 @ $0.02 ($328.34)
  S: 10062.000000 @ $0.04 ($430.55)
  SOLV: 18446.000000 @ $0.00 ($81.35)
  TRUMP: 119.000000 @ $3.41 ($405.91)
  ANIME: 18446.000000 @ $0.00 ($91.68)
  BERA: 1163.000000 @ $0.57 ($661.75)
  1000CHEEMS: 18446.000000 @ $0.00 ($8.52)
  TST: 18446.000000 @ $0.01 ($190.36)
  LAYER: 5069.000000 @ $0.08 ($421.23)
  HEI: 4852.000000 @ $0.08 ($399.80)
  KAITO: 1389.000000 @ $0.29 ($407.39)
  SHELL: 14521.000000 @ $0.03 ($453.06)
  RED: 2427.000000 @ $0.17 ($403.85)
  GPS: 18446.000000 @ $0.01 ($239.98)
  EPIC: 1305.000000 @ $0.28 ($366.71)
  BMT: 18446.000000 @ $0.02 ($305.47)
  FORM: 2029.000000 @ $0.21 ($425.89)
  XUSD: 499.000000 @ $1.00 ($499.25)
  NIL: 10542.000000 @ $0.05 ($564.00)
  PARTI: 6606.000000 @ $0.10 ($661.92)
  MUBARAK: 18446.000000 @ $0.02 ($304.17)
  TUT: 18446.000000 @ $0.01 ($201.61)
  BROCCOLI714: 18446.000000 @ $0.01 ($255.85)
  BANANAS31: 18446.000000 @ $0.00 ($81.05)
  GUN: 18446.000000 @ $0.03 ($527.37)
  BABY: 18446.000000 @ $0.01 ($246.62)
  ONDO: 1818.000000 @ $0.26 ($473.77)
  BIGTIME: 18446.000000 @ $0.01 ($262.86)
  VIRTUAL: 788.000000 @ $0.61 ($483.04)
  KERNEL: 8448.000000 @ $0.07 ($549.96)
  WCT: 8004.000000 @ $0.06 ($472.24)
  HYPER: 4723.000000 @ $0.10 ($456.71)
  INIT: 6972.000000 @ $0.10 ($685.35)
  SIGN: 13413.000000 @ $0.03 ($336.00)
  STO: 7795.000000 @ $0.05 ($419.37)
  SYRUP: 1663.000000 @ $0.23 ($376.50)
  KMNO: 15086.000000 @ $0.03 ($418.18)
  SXT: 18446.000000 @ $0.02 ($387.37)
  NXPC: 1339.000000 @ $0.26 ($342.11)
  AWE: 7971.000000 @ $0.06 ($512.62)
  HAEDAL: 17128.000000 @ $0.03 ($501.85)
  USD1: 499.000000 @ $1.00 ($498.90)
  HUMA: 18446.000000 @ $0.01 ($233.34)
  A: 5403.000000 @ $0.08 ($434.94)
  SOPH: 18446.000000 @ $0.01 ($169.33)
  RESOLV: 6229.000000 @ $0.06 ($373.12)
  HOME: 16994.000000 @ $0.03 ($444.05)
  SPK: 18446.000000 @ $0.02 ($388.16)
  NEWT: 6326.000000 @ $0.07 ($437.13)
  SAHARA: 18446.000000 @ $0.02 ($277.80)
  LA: 2471.000000 @ $0.20 ($505.07)
  ERA: 3148.000000 @ $0.15 ($486.68)
  C: 8296.000000 @ $0.05 ($446.32)
  TREE: 7022.000000 @ $0.07 ($488.73)
  A2Z: 18446.000000 @ $0.00 ($16.90)
  TOWNS: 18446.000000 @ $0.00 ($67.51)
  PROVE: 1539.000000 @ $0.30 ($464.47)
  BFUSD: 500.000000 @ $1.00 ($499.60)
  PLUME: 18446.000000 @ $0.01 ($183.72)
  DOLO: 13957.000000 @ $0.04 ($563.58)
  MITO: 10361.000000 @ $0.04 ($429.57)
  WLFI: 3741.000000 @ $0.12 ($435.08)
  SOMI: 2516.000000 @ $0.21 ($528.11)
  OPEN: 3075.000000 @ $0.15 ($473.24)
  USDE: 500.000000 @ $1.00 ($499.85)
  LINEA: 18446.000000 @ $0.00 ($60.32)
  HOLO: 7637.000000 @ $0.06 ($441.42)
  PUMP: 18446.000000 @ $0.00 ($38.11)
  AVNT: 2188.000000 @ $0.18 ($404.34)
  ZKC: 5211.000000 @ $0.09 ($467.43)
  SKY: 8127.000000 @ $0.06 ($520.94)
  BARD: 695.000000 @ $0.76 ($530.28)
  0G: 832.000000 @ $0.61 ($504.19)
  HEMI: 18446.000000 @ $0.01 ($180.40)
  XPL: 5332.000000 @ $0.09 ($499.61)
  MIRA: 4972.000000 @ $0.08 ($417.65)
  FF: 6447.000000 @ $0.08 ($513.05)
  EDEN: 13517.000000 @ $0.03 ($444.71)
  NOM: 18446.000000 @ $0.01 ($96.84)
  2Z: 4685.000000 @ $0.07 ($324.62)
  MORPHO: 384.000000 @ $1.38 ($528.77)
  ASTER: 893.000000 @ $0.71 ($638.50)
  WAL: 5397.000000 @ $0.08 ($421.51)
  EUL: 457.000000 @ $0.89 ($408.56)
  ENSO: 400.000000 @ $1.64 ($656.00)
  YB: 3039.000000 @ $0.16 ($495.96)
  ZBT: 6821.000000 @ $0.07 ($495.20)
  TURTLE: 10299.000000 @ $0.04 ($434.62)
  GIGGLE: 13.000000 @ $29.28 ($380.64)
  F: 18446.000000 @ $0.01 ($108.65)
  KITE: 3439.000000 @ $0.24 ($838.77)
  MMT: 3148.000000 @ $0.13 ($396.02)
  SAPIEN: 5120.000000 @ $0.08 ($420.86)
  ALLO: 7866.000000 @ $0.11 ($868.41)
  BANK: 14258.000000 @ $0.04 ($597.41)
  MET: 2178.000000 @ $0.21 ($465.66)
  AT: 3155.000000 @ $0.16 ($507.32)
  KGST: 18446.000000 @ $0.01 ($209.18)
  BREV: 3461.000000 @ $0.13 ($435.39)
  币安人生: 3737.000000 @ $0.09 ($318.02)
  ZKP: 5151.000000 @ $0.09 ($478.01)
  U: 499.000000 @ $1.00 ($499.15)
  FRAX: 639.000000 @ $0.67 ($429.79)
  FOGO: 17946.000000 @ $0.02 ($429.63)
  RLUSD: 499.000000 @ $1.00 ($499.15)
  SENT: 14893.000000 @ $0.02 ($310.67)
  ZAMA: 16138.000000 @ $0.02 ($325.02)
🌐 主要幣種:
  BTCUSDT: $66878.09
  ETHUSDT: $1945.44
  BNBUSDT: $606.60

🎯 今日學習重點:
  1. 觀察加密貨幣波動
  2. 實踐2%風險管理
  3. 記錄交易決策
✅ 報告已保存: /Users/gordonlui/.openclaw/workspace/crypto_data/daily_report_20260220.json
/Users/gordonlui/Library/Python/3.9/lib/python/site-packages/urllib3/__init__.py:35: NotOpenSSLWarning: urllib3 v2 only supports OpenSSL 1.1.1+, currently the 'ssl' module is compiled with 'LibreSSL 2.8.3'. See: https://github.com/urllib3/urllib3/issues/3020
  warnings.warn(
📊 加密貨幣每日報告 - 2026-02-22
==================================================
❌ 生成報告失敗: HTTPSConnectionPool(host='testnet.binance.vision', port=443): Max retries exceeded with url: /api/v3/ping (Caused by NameResolutionError("HTTPSConnection(host='testnet.binance.vision', port=443): Failed to resolve 'testnet.binance.vision' ([Errno 8] nodename nor servname provided, or not known)"))
/Users/gordonlui/Library/Python/3.9/lib/python/site-packages/urllib3/__init__.py:35: NotOpenSSLWarning: urllib3 v2 only supports OpenSSL 1.1.1+, currently the 'ssl' module is compiled with 'LibreSSL 2.8.3'. See: https://github.com/urllib3/urllib3/issues/3020
  warnings.warn(
📊 加密貨幣每日報告 - 2026-02-23
==================================================
💰 總資產: $342370.76
📦 持倉 (446個):
  BNB: 1.000000 @ $615.80 ($615.80)
  BTC: 1.000000 @ $67603.22 ($67603.22)
  ETH: 1.000000 @ $1957.78 ($1957.78)
  LTC: 8.000000 @ $53.45 ($427.60)
  TRX: 1756.000000 @ $0.29 ($510.29)
  XRP: 318.000000 @ $1.40 ($444.50)
  NEO: 158.000000 @ $2.67 ($422.65)
  GAS: 268.000000 @ $1.54 ($411.65)
  LRC: 12438.000000 @ $0.03 ($409.21)
  KNC: 2804.000000 @ $0.14 ($383.31)
  IOTA: 6763.000000 @ $0.07 ($459.21)
  LINK: 52.000000 @ $8.70 ($452.40)
  MTL: 1624.000000 @ $0.27 ($436.86)
  ETC: 52.000000 @ $8.49 ($441.48)
  ZEC: 1.000000 @ $245.29 ($245.29)
  DASH: 12.000000 @ $33.24 ($398.88)
  REQ: 5524.000000 @ $0.06 ($355.19)
  BAT: 4155.000000 @ $0.12 ($484.89)
  LSK: 3521.000000 @ $0.14 ($475.34)
  MANA: 4522.000000 @ $0.09 ($423.71)
  ADX: 5913.000000 @ $0.07 ($439.93)
  ADA: 1710.000000 @ $0.27 ($464.44)
  XLM: 2899.000000 @ $0.16 ($449.92)
  ICX: 11116.000000 @ $0.04 ($404.62)
  RLC: 1005.000000 @ $0.40 ($405.02)
  STEEM: 9138.000000 @ $0.05 ($442.28)
  ONT: 9679.000000 @ $0.04 ($401.68)
  QTUM: 473.000000 @ $0.91 ($430.43)
  WAN: 7402.000000 @ $0.06 ($464.85)
  TUSD: 10000.000000 @ $1.00 ($9996.00)
  ZEN: 73.000000 @ $5.67 ($413.84)
  THETA: 2325.000000 @ $0.19 ($444.07)
  IOTX: 18446.000000 @ $0.00 ($81.35)
  ARDR: 9611.000000 @ $0.04 ($426.06)
  VET: 18446.000000 @ $0.01 ($137.42)
  USDC: 10000.000000 @ $1.00 ($10003.00)
  ONG: 7084.000000 @ $0.06 ($444.88)
  HOT: 18446.000000 @ $0.00 ($6.94)
  ZIL: 18446.000000 @ $0.00 ($74.52)
  ZRX: 4406.000000 @ $0.11 ($467.48)
  FET: 2767.000000 @ $0.16 ($438.29)
  IOST: 18446.000000 @ $0.00 ($22.01)
  CELR: 18446.000000 @ $0.00 ($45.21)
  ENJ: 18446.000000 @ $0.02 ($361.36)
  ATOM: 244.000000 @ $2.25 ($550.22)
  TFUEL: 18446.000000 @ $0.01 ($261.56)
  ONE: 18446.000000 @ $0.00 ($44.27)
  ALGO: 4741.000000 @ $0.09 ($410.57)
  DOGE: 4713.000000 @ $0.10 ($450.47)
  DUSK: 4749.000000 @ $0.09 ($404.14)
  ANKR: 18446.000000 @ $0.00 ($80.24)
  WIN: 18446.000000 @ $0.00 ($0.40)
  COS: 18446.000000 @ $0.00 ($18.67)
  DENT: 18446.000000 @ $0.00 ($2.42)
  FUN: 18446.000000 @ $0.00 ($24.24)
  CVC: 14558.000000 @ $0.03 ($469.79)
  CHZ: 11467.000000 @ $0.03 ($393.89)
  BAND: 1976.000000 @ $0.22 ($426.82)
  XTZ: 1050.000000 @ $0.38 ($394.80)
  RVN: 18446.000000 @ $0.01 ($108.83)
  HBAR: 5400.000000 @ $0.10 ($528.39)
  NKN: 18446.000000 @ $0.01 ($138.34)
  STX: 1712.000000 @ $0.24 ($417.90)
  KAVA: 8025.000000 @ $0.05 ($401.25)
  ARPA: 18446.000000 @ $0.01 ($198.11)
  BCH: 1.000000 @ $572.70 ($572.70)
  FTT: 1461.000000 @ $0.33 ($482.28)
  EUR: 422.000000 @ $1.18 ($497.88)
  OGN: 18446.000000 @ $0.02 ($372.06)
  BNT: 1572.000000 @ $0.28 ($442.99)
  MBL: 18446.000000 @ $0.00 ($17.54)
  COTI: 18446.000000 @ $0.01 ($211.76)
  DATA: 18446.000000 @ $0.00 ($16.23)
  SOL: 5.000000 @ $83.27 ($416.35)
  CTSI: 17242.000000 @ $0.02 ($418.98)
  HIVE: 6297.000000 @ $0.07 ($414.97)
  CHR: 16722.000000 @ $0.02 ($347.82)
  MDT: 18446.000000 @ $0.01 ($171.36)
  COMP: 25.000000 @ $17.45 ($436.25)
  SC: 18446.000000 @ $0.00 ($20.55)
  SNX: 1520.000000 @ $0.42 ($638.40)
  VTHO: 18446.000000 @ $0.00 ($11.38)
  DGB: 18446.000000 @ $0.00 ($83.74)
  SXP: 15362.000000 @ $0.02 ($336.43)
  RUNE: 1112.000000 @ $0.40 ($448.14)
  DCR: 25.000000 @ $25.36 ($634.00)
  STORJ: 4519.000000 @ $0.09 ($417.10)
  AVA: 1877.000000 @ $0.20 ($374.65)
  YFI: 1.000000 @ $2789.00 ($2789.00)
  JST: 12337.000000 @ $0.04 ($529.26)
  CRV: 1790.000000 @ $0.23 ($410.63)
  SAND: 5100.000000 @ $0.08 ($412.59)
  NMR: 51.000000 @ $7.96 ($405.96)
  DOT: 337.000000 @ $1.31 ($443.15)
  LUNA: 7602.000000 @ $0.06 ($466.76)
  RSR: 18446.000000 @ $0.00 ($26.51)
  PAXG: 1.000000 @ $5144.71 ($5144.71)
  TRB: 31.000000 @ $14.55 ($451.05)
  WBTC: 1.000000 @ $67481.27 ($67481.27)
  SUSHI: 2154.000000 @ $0.20 ($429.51)
  KSM: 100.000000 @ $4.76 ($476.00)
  EGLD: 103.000000 @ $4.43 ($456.29)
  DIA: 2343.000000 @ $0.18 ($433.45)
  FIO: 18446.000000 @ $0.01 ($154.76)
  UMA: 894.000000 @ $0.44 ($394.25)
  BEL: 4518.000000 @ $0.11 ($512.79)
  UNI: 131.000000 @ $3.49 ($456.67)
  OXT: 18446.000000 @ $0.02 ($308.05)
  SUN: 18446.000000 @ $0.02 ($313.95)
  AVAX: 50.000000 @ $8.86 ($443.00)
  CAKE: 322.000000 @ $1.29 ($415.06)
  UTK: 18446.000000 @ $0.01 ($153.29)
  XVS: 142.000000 @ $2.87 ($407.54)
  AAVE: 3.000000 @ $117.90 ($353.70)
  NEAR: 429.000000 @ $1.01 ($434.58)
  FIL: 465.000000 @ $0.92 ($429.19)
  INJ: 140.000000 @ $3.52 ($492.52)
  AUDIO: 18446.000000 @ $0.02 ($374.45)
  CTK: 2298.000000 @ $0.25 ($564.16)
  AXS: 323.000000 @ $1.30 ($420.22)
  STRAX: 18446.000000 @ $0.02 ($278.35)
  ROSE: 18446.000000 @ $0.01 ($234.82)
  SKL: 18446.000000 @ $0.01 ($119.71)
  GLM: 2310.000000 @ $0.16 ($374.22)
  GRT: 17106.000000 @ $0.03 ($456.05)
  JUV: 815.000000 @ $0.64 ($518.34)
  PSG: 717.000000 @ $0.75 ($535.60)
  1INCH: 4503.000000 @ $0.09 ($409.77)
  OG: 125.000000 @ $3.23 ($403.50)
  ATM: 577.000000 @ $1.42 ($819.34)
  ASR: 353.000000 @ $1.43 ($503.38)
  CELO: 5592.000000 @ $0.07 ($413.81)
  RIF: 11899.000000 @ $0.03 ($391.48)
  TRU: 18446.000000 @ $0.01 ($101.45)
  CKB: 18446.000000 @ $0.00 ($28.70)
  TWT: 735.000000 @ $0.51 ($376.83)
  SFP: 1736.000000 @ $0.26 ($447.02)
  DODO: 18446.000000 @ $0.01 ($269.31)
  ACM: 1123.000000 @ $0.45 ($505.35)
  OM: 10274.000000 @ $0.07 ($703.77)
  POND: 18446.000000 @ $0.00 ($44.09)
  DEGO: 1388.000000 @ $0.33 ($462.20)
  ALICE: 3842.000000 @ $0.11 ($403.79)
  SUPER: 3499.000000 @ $0.11 ($395.74)
  CFX: 9082.000000 @ $0.05 ($459.55)
  TKO: 7240.000000 @ $0.06 ($412.68)
  PUNDIX: 2734.000000 @ $0.16 ($428.42)
  TLM: 18446.000000 @ $0.00 ($29.99)
  BAR: 1013.000000 @ $0.51 ($518.66)
  FORTH: 367.000000 @ $1.01 ($371.77)
  SLP: 18446.000000 @ $0.00 ($11.49)
  SHIB: 18446.000000 @ $0.00 ($0.12)
  ICP: 187.000000 @ $2.16 ($403.92)
  AR: 202.000000 @ $1.96 ($395.92)
  MASK: 939.000000 @ $0.43 ($402.83)
  LPT: 192.000000 @ $2.26 ($433.34)
  XVG: 18446.000000 @ $0.01 ($109.37)
  ATA: 18446.000000 @ $0.01 ($219.51)
  GTC: 4755.000000 @ $0.09 ($427.95)
  PHA: 16616.000000 @ $0.02 ($392.14)
  MLN: 132.000000 @ $3.48 ($459.36)
  DEXE: 224.000000 @ $2.59 ($579.26)
  C98: 18446.000000 @ $0.03 ($501.73)
  QNT: 7.000000 @ $63.83 ($446.81)
  FLOW: 10152.000000 @ $0.04 ($374.20)
  MINA: 7106.000000 @ $0.06 ($427.78)
  RAY: 756.000000 @ $0.62 ($465.70)
  FARM: 35.000000 @ $11.88 ($415.80)
  QUICK: 18446.000000 @ $0.01 ($157.16)
  MBOX: 18446.000000 @ $0.02 ($352.32)
  GHST: 4600.000000 @ $0.11 ($496.80)
  WAXP: 18446.000000 @ $0.01 ($118.42)
  GNO: 4.000000 @ $120.25 ($481.00)
  XEC: 18446.000000 @ $0.00 ($0.15)
  DYDX: 3905.000000 @ $0.09 ($369.02)
  IDEX: 18446.000000 @ $0.01 ($119.71)
  USDP: 499.000000 @ $1.00 ($499.10)
  GALA: 18446.000000 @ $0.00 ($67.33)
  ILV: 116.000000 @ $3.65 ($423.40)
  YGG: 10961.000000 @ $0.05 ($500.92)
  SYS: 18446.000000 @ $0.01 ($213.79)
  DF: 18446.000000 @ $0.00 ($29.88)
  FIDA: 18446.000000 @ $0.02 ($293.29)
  AGLD: 2136.000000 @ $0.40 ($843.72)
  RAD: 1831.000000 @ $0.24 ($441.27)
  RARE: 18446.000000 @ $0.02 ($341.25)
  LAZIO: 526.000000 @ $0.82 ($433.95)
  CHESS: 18446.000000 @ $0.00 ($51.83)
  AUCTION: 102.000000 @ $4.90 ($499.80)
  MOVR: 286.000000 @ $1.33 ($380.95)
  CITY: 903.000000 @ $0.66 ($597.79)
  ENS: 74.000000 @ $6.30 ($466.20)
  QI: 18446.000000 @ $0.00 ($34.13)
  PORTO: 460.000000 @ $1.07 ($491.74)
  POWR: 6913.000000 @ $0.06 ($434.83)
  JASMY: 18446.000000 @ $0.01 ($104.22)
  AMP: 18446.000000 @ $0.00 ($27.82)
  PYR: 1467.000000 @ $0.32 ($462.11)
  ALCX: 84.000000 @ $4.78 ($401.52)
  SANTOS: 239.000000 @ $1.88 ($448.60)
  BICO: 17119.000000 @ $0.02 ($368.06)
  FLUX: 6342.000000 @ $0.06 ($391.30)
  HIGH: 3129.000000 @ $0.15 ($463.09)
  CVX: 255.000000 @ $1.89 ($482.46)
  PEOPLE: 18446.000000 @ $0.01 ($119.35)
  SPELL: 18446.000000 @ $0.00 ($3.36)
  JOE: 11732.000000 @ $0.04 ($418.83)
  ACH: 18446.000000 @ $0.01 ($139.27)
  IMX: 2784.000000 @ $0.16 ($441.54)
  GLMR: 18446.000000 @ $0.01 ($230.58)
  SCRT: 4596.000000 @ $0.08 ($380.09)
  API3: 1511.000000 @ $0.29 ($441.51)
  BTTC: 18446.000000 @ $0.00 ($0.01)
  ACA: 18446.000000 @ $0.00 ($33.20)
  XNO: 797.000000 @ $0.52 ($411.25)
  WOO: 18446.000000 @ $0.02 ($319.12)
  ALPINE: 1130.000000 @ $0.43 ($488.16)
  T: 18446.000000 @ $0.01 ($124.69)
  ASTR: 18446.000000 @ $0.01 ($133.55)
  GMT: 18446.000000 @ $0.01 ($212.31)
  APE: 3458.000000 @ $0.11 ($368.28)
  BIFI: 3.000000 @ $120.10 ($360.30)
  NEXO: 630.000000 @ $0.87 ($545.58)
  LDO: 1227.000000 @ $0.31 ($376.20)
  OP: 2248.000000 @ $0.12 ($274.26)
  STG: 3197.000000 @ $0.14 ($445.34)
  LUNC: 18446.000000 @ $0.00 ($0.66)
  GMX: 79.000000 @ $6.34 ($500.86)
  POLYX: 10572.000000 @ $0.04 ($441.91)
  APT: 402.000000 @ $0.84 ($336.88)
  OSMO: 12142.000000 @ $0.04 ($434.68)
  HFT: 18446.000000 @ $0.02 ($284.07)
  PHB: 2808.000000 @ $0.15 ($412.78)
  HOOK: 17183.000000 @ $0.02 ($407.24)
  MAGIC: 7342.000000 @ $0.07 ($489.71)
  RPL: 290.000000 @ $2.19 ($635.10)
  GNS: 563.000000 @ $0.75 ($421.69)
  SYN: 5567.000000 @ $0.05 ($272.23)
  SSV: 125.000000 @ $2.95 ($368.38)
  LQTY: 1592.000000 @ $0.27 ($425.06)
  USTC: 18446.000000 @ $0.00 ($90.39)
  PROM: 355.000000 @ $1.27 ($451.91)
  QKC: 18446.000000 @ $0.00 ($58.07)
  ID: 8734.000000 @ $0.05 ($404.38)
  ARB: 3736.000000 @ $0.09 ($352.30)
  RDNT: 18446.000000 @ $0.01 ($100.16)
  EDU: 2879.000000 @ $0.12 ($352.39)
  SUI: 452.000000 @ $0.93 ($418.69)
  PEPE: 18446.000000 @ $0.00 ($0.07)
  FLOKI: 18446.000000 @ $0.00 ($0.54)
  WBETH: 1.000000 @ $2124.13 ($2124.13)
  MAV: 18446.000000 @ $0.01 ($269.68)
  PENDLE: 331.000000 @ $1.19 ($393.23)
  ARKM: 3671.000000 @ $0.11 ($392.80)
  WLD: 1235.000000 @ $0.38 ($472.26)
  FDUSD: 10000.000000 @ $1.00 ($9991.00)
  SEI: 5876.000000 @ $0.07 ($406.03)
  CYBER: 872.000000 @ $0.60 ($520.58)
  ARK: 2437.000000 @ $0.18 ($447.43)
  IQ: 18446.000000 @ $0.00 ($21.80)
  NTRN: 18446.000000 @ $0.01 ($237.95)
  TIA: 1360.000000 @ $0.31 ($423.23)
  MEME: 18446.000000 @ $0.00 ($12.17)
  ORDI: 159.000000 @ $2.45 ($389.71)
  BEAMX: 18446.000000 @ $0.00 ($38.92)
  PIVX: 4496.000000 @ $0.09 ($386.66)
  VIC: 8198.000000 @ $0.05 ($382.85)
  BLUR: 18446.000000 @ $0.02 ($366.71)
  VANRY: 18446.000000 @ $0.01 ($98.82)
  AEUR: 424.000000 @ $1.17 ($497.01)
  JTO: 1728.000000 @ $0.31 ($534.99)
  1000SATS: 18446.000000 @ $0.00 ($0.20)
  BONK: 18446.000000 @ $0.00 ($0.12)
  ACE: 2505.000000 @ $0.15 ($385.77)
  NFP: 18446.000000 @ $0.02 ($287.76)
  AI: 18446.000000 @ $0.02 ($400.28)
  XAI: 18446.000000 @ $0.01 ($178.00)
  MANTA: 6937.000000 @ $0.07 ($461.31)
  ALT: 18446.000000 @ $0.01 ($140.93)
  JUP: 2684.000000 @ $0.15 ($405.55)
  PYTH: 10083.000000 @ $0.05 ($521.29)
  RONIN: 4949.000000 @ $0.10 ($486.49)
  DYM: 10871.000000 @ $0.04 ($437.01)
  PIXEL: 18446.000000 @ $0.01 ($92.60)
  STRK: 9019.000000 @ $0.04 ($390.52)
  PORTAL: 18446.000000 @ $0.01 ($239.61)
  AXL: 7741.000000 @ $0.05 ($411.05)
  WIF: 2008.000000 @ $0.21 ($423.69)
  METIS: 132.000000 @ $3.44 ($454.08)
  AEVO: 17067.000000 @ $0.02 ($414.73)
  BOME: 18446.000000 @ $0.00 ($7.21)
  ETHFI: 1004.000000 @ $0.44 ($444.77)
  ENA: 3639.000000 @ $0.10 ($364.99)
  W: 18446.000000 @ $0.02 ($346.78)
  TNSR: 10240.000000 @ $0.05 ($476.16)
  SAGA: 14369.000000 @ $0.03 ($442.57)
  TAO: 2.000000 @ $174.00 ($348.00)
  REZ: 18446.000000 @ $0.00 ($52.20)
  BB: 13765.000000 @ $0.03 ($385.42)
  NOT: 18446.000000 @ $0.00 ($6.71)
  IO: 4166.000000 @ $0.11 ($458.26)
  ZK: 18446.000000 @ $0.02 ($352.87)
  LISTA: 4565.000000 @ $0.08 ($375.70)
  ZRO: 275.000000 @ $1.64 ($451.27)
  G: 18446.000000 @ $0.00 ($67.14)
  BANANA: 100.000000 @ $4.30 ($430.00)
  RENDER: 330.000000 @ $1.41 ($466.62)
  TON: 362.000000 @ $1.35 ($487.98)
  DOGS: 18446.000000 @ $0.00 ($0.51)
  EURI: 422.000000 @ $1.18 ($497.75)
  POL: 4733.000000 @ $0.11 ($499.33)
  NEIRO: 18446.000000 @ $0.00 ($1.28)
  TURBO: 18446.000000 @ $0.00 ($18.52)
  1MBABYDOGE: 18446.000000 @ $0.00 ($6.87)
  CATI: 11034.000000 @ $0.04 ($430.33)
  HMSTR: 18446.000000 @ $0.00 ($3.25)
  EIGEN: 2008.000000 @ $0.18 ($359.43)
  BNSOL: 4.000000 @ $91.60 ($366.40)
  SCR: 8563.000000 @ $0.04 ($358.62)
  LUMIA: 6623.000000 @ $0.06 ($396.72)
  KAIA: 8466.000000 @ $0.06 ($467.32)
  COW: 3071.000000 @ $0.22 ($680.53)
  CETUS: 18446.000000 @ $0.02 ($299.38)
  PNUT: 9035.000000 @ $0.05 ($414.71)
  ACT: 18446.000000 @ $0.01 ($258.24)
  USUAL: 18446.000000 @ $0.01 ($251.60)
  THE: 2333.000000 @ $0.25 ($580.22)
  ACX: 12388.000000 @ $0.03 ($421.19)
  ORCA: 575.000000 @ $1.01 ($580.75)
  MOVE: 18446.000000 @ $0.02 ($416.88)
  ME: 3187.000000 @ $0.12 ($393.59)
  VELODROME: 18446.000000 @ $0.01 ($267.10)
  VANA: 285.000000 @ $1.49 ($424.65)
  1000CAT: 18446.000000 @ $0.00 ($31.73)
  PENGU: 18446.000000 @ $0.01 ($120.80)
  BIO: 16447.000000 @ $0.03 ($434.20)
  D: 18446.000000 @ $0.01 ($142.77)
  AIXBT: 18446.000000 @ $0.02 ($350.47)
  CGPT: 18446.000000 @ $0.02 ($365.42)
  COOKIE: 18446.000000 @ $0.02 ($315.43)
  S: 10062.000000 @ $0.04 ($417.27)
  SOLV: 18446.000000 @ $0.00 ($78.03)
  TRUMP: 119.000000 @ $3.38 ($402.22)
  ANIME: 18446.000000 @ $0.00 ($89.65)
  BERA: 1163.000000 @ $0.58 ($675.70)
  1000CHEEMS: 18446.000000 @ $0.00 ($8.85)
  TST: 18446.000000 @ $0.01 ($185.94)
  LAYER: 5069.000000 @ $0.08 ($423.77)
  HEI: 4852.000000 @ $0.08 ($409.51)
  KAITO: 1389.000000 @ $0.30 ($412.53)
  SHELL: 14521.000000 @ $0.03 ($434.18)
  RED: 2427.000000 @ $0.16 ($393.66)
  GPS: 18446.000000 @ $0.01 ($239.06)
  EPIC: 1305.000000 @ $0.28 ($365.40)
  BMT: 18446.000000 @ $0.02 ($292.18)
  FORM: 2029.000000 @ $0.21 ($416.96)
  XUSD: 499.000000 @ $1.00 ($499.20)
  NIL: 10542.000000 @ $0.05 ($518.67)
  PARTI: 6606.000000 @ $0.11 ($716.75)
  MUBARAK: 18446.000000 @ $0.01 ($269.31)
  TUT: 18446.000000 @ $0.01 ($194.97)
  BROCCOLI714: 18446.000000 @ $0.01 ($244.04)
  BANANAS31: 18446.000000 @ $0.00 ($85.40)
  GUN: 18446.000000 @ $0.03 ($529.58)
  BABY: 18446.000000 @ $0.01 ($229.65)
  ONDO: 1818.000000 @ $0.26 ($473.59)
  BIGTIME: 18446.000000 @ $0.01 ($275.58)
  VIRTUAL: 788.000000 @ $0.62 ($488.09)
  KERNEL: 8448.000000 @ $0.07 ($568.55)
  WCT: 8004.000000 @ $0.06 ($477.04)
  HYPER: 4723.000000 @ $0.09 ($444.91)
  INIT: 6972.000000 @ $0.09 ($617.02)
  SIGN: 13413.000000 @ $0.02 ($324.86)
  STO: 7795.000000 @ $0.06 ($463.02)
  SYRUP: 1663.000000 @ $0.22 ($367.36)
  KMNO: 15086.000000 @ $0.03 ($405.66)
  SXT: 18446.000000 @ $0.02 ($385.52)
  NXPC: 1339.000000 @ $0.27 ($363.27)
  AWE: 7971.000000 @ $0.05 ($426.53)
  HAEDAL: 17128.000000 @ $0.03 ($495.00)
  USD1: 499.000000 @ $1.00 ($498.70)
  HUMA: 18446.000000 @ $0.01 ($219.88)
  A: 5403.000000 @ $0.08 ($432.24)
  SOPH: 18446.000000 @ $0.01 ($167.12)
  RESOLV: 6229.000000 @ $0.06 ($403.64)
  HOME: 16994.000000 @ $0.03 ($505.40)
  SPK: 18446.000000 @ $0.02 ($380.50)
  NEWT: 6326.000000 @ $0.07 ($423.84)
  SAHARA: 18446.000000 @ $0.01 ($275.58)
  LA: 2471.000000 @ $0.21 ($516.93)
  ERA: 3148.000000 @ $0.15 ($470.63)
  C: 8296.000000 @ $0.05 ($440.52)
  TREE: 7022.000000 @ $0.07 ($487.33)
  A2Z: 18446.000000 @ $0.00 ($16.07)
  TOWNS: 18446.000000 @ $0.00 ($64.19)
  PROVE: 1539.000000 @ $0.29 ($448.46)
  BFUSD: 500.000000 @ $1.00 ($499.50)
  PLUME: 18446.000000 @ $0.01 ($176.53)
  DOLO: 13957.000000 @ $0.04 ($556.47)
  MITO: 10361.000000 @ $0.04 ($398.69)
  WLFI: 3741.000000 @ $0.12 ($430.22)
  SOMI: 2516.000000 @ $0.21 ($535.40)
  OPEN: 3075.000000 @ $0.15 ($458.79)
  USDE: 500.000000 @ $1.00 ($499.60)
  LINEA: 18446.000000 @ $0.00 ($61.79)
  HOLO: 7637.000000 @ $0.05 ($419.27)
  PUMP: 18446.000000 @ $0.00 ($37.56)
  AVNT: 2188.000000 @ $0.18 ($396.03)
  ZKC: 5211.000000 @ $0.09 ($444.50)
  SKY: 8127.000000 @ $0.06 ($522.24)
  BARD: 695.000000 @ $0.79 ($548.22)
  0G: 832.000000 @ $0.64 ($532.48)
  HEMI: 18446.000000 @ $0.01 ($177.45)
  XPL: 5332.000000 @ $0.09 ($476.68)
  MIRA: 4972.000000 @ $0.08 ($406.21)
  FF: 6447.000000 @ $0.08 ($506.35)
  EDEN: 13517.000000 @ $0.03 ($442.01)
  NOM: 18446.000000 @ $0.00 ($87.25)
  2Z: 4685.000000 @ $0.07 ($325.00)
  MORPHO: 384.000000 @ $1.59 ($609.41)
  ASTER: 893.000000 @ $0.69 ($618.85)
  WAL: 5397.000000 @ $0.08 ($413.41)
  EUL: 457.000000 @ $0.96 ($439.63)
  ENSO: 400.000000 @ $1.94 ($776.00)
  YB: 3039.000000 @ $0.15 ($465.27)
  ZBT: 6821.000000 @ $0.07 ($484.97)
  TURTLE: 10299.000000 @ $0.04 ($416.08)
  GIGGLE: 13.000000 @ $27.04 ($351.52)
  F: 18446.000000 @ $0.01 ($105.70)
  KITE: 3439.000000 @ $0.26 ($887.95)
  MMT: 3148.000000 @ $0.12 ($389.72)
  SAPIEN: 5120.000000 @ $0.10 ($492.03)
  ALLO: 7866.000000 @ $0.11 ($857.39)
  BANK: 14258.000000 @ $0.04 ($540.38)
  MET: 2178.000000 @ $0.20 ($431.68)
  AT: 3155.000000 @ $0.17 ($546.45)
  KGST: 18446.000000 @ $0.01 ($208.99)
  BREV: 3461.000000 @ $0.13 ($448.89)
  币安人生: 3737.000000 @ $0.07 ($248.88)
  ZKP: 5151.000000 @ $0.08 ($436.80)
  U: 499.000000 @ $1.00 ($499.15)
  FRAX: 639.000000 @ $0.63 ($402.31)
  FOGO: 17946.000000 @ $0.03 ($462.29)
  RLUSD: 499.000000 @ $1.00 ($499.15)
  SENT: 14893.000000 @ $0.02 ($316.48)
  ZAMA: 16138.000000 @ $0.02 ($345.19)
🌐 主要幣種:
  BTCUSDT: $67583.81
  ETHUSDT: $1956.77
  BNBUSDT: $615.80

🎯 今日學習重點:
  1. 觀察加密貨幣波動
  2. 實踐2%風險管理
  3. 記錄交易決策
✅ 報告已保存: /Users/gordonlui/.openclaw/workspace/crypto_data/daily_report_20260223.json
/Users/gordonlui/Library/Python/3.9/lib/python/site-packages/urllib3/__init__.py:35: NotOpenSSLWarning: urllib3 v2 only supports OpenSSL 1.1.1+, currently the 'ssl' module is compiled with 'LibreSSL 2.8.3'. See: https://github.com/urllib3/urllib3/issues/3020
  warnings.warn(
📊 加密貨幣每日報告 - 2026-02-24
==================================================
💰 總資產: $331813.38
📦 持倉 (446個):
  BNB: 1.000000 @ $598.18 ($598.18)
  BTC: 1.000000 @ $64883.00 ($64883.00)
  ETH: 1.000000 @ $1866.70 ($1866.70)
  LTC: 8.000000 @ $51.72 ($413.76)
  TRX: 1756.000000 @ $0.28 ($493.79)
  XRP: 318.000000 @ $1.36 ($431.91)
  NEO: 158.000000 @ $2.64 ($417.28)
  GAS: 268.000000 @ $1.49 ($398.78)
  LRC: 12438.000000 @ $0.03 ($415.43)
  KNC: 2804.000000 @ $0.13 ($366.76)
  IOTA: 6763.000000 @ $0.07 ($450.42)
  LINK: 52.000000 @ $8.33 ($433.16)
  MTL: 1624.000000 @ $0.26 ($422.24)
  ETC: 52.000000 @ $8.33 ($433.16)
  ZEC: 1.000000 @ $239.97 ($239.97)
  DASH: 12.000000 @ $32.22 ($386.64)
  REQ: 5524.000000 @ $0.06 ($344.15)
  BAT: 4155.000000 @ $0.12 ($480.73)
  LSK: 3521.000000 @ $0.13 ($454.21)
  MANA: 4522.000000 @ $0.09 ($413.31)
  ADX: 5913.000000 @ $0.07 ($418.05)
  ADA: 1710.000000 @ $0.26 ($451.44)
  XLM: 2899.000000 @ $0.15 ($440.07)
  ICX: 11116.000000 @ $0.04 ($391.28)
  RLC: 1005.000000 @ $0.39 ($389.94)
  STEEM: 9138.000000 @ $0.05 ($418.52)
  ONT: 9679.000000 @ $0.04 ($388.13)
  QTUM: 473.000000 @ $0.88 ($418.13)
  WAN: 7402.000000 @ $0.06 ($460.40)
  TUSD: 10000.000000 @ $1.00 ($9990.00)
  ZEN: 73.000000 @ $5.42 ($395.30)
  THETA: 2325.000000 @ $0.18 ($427.80)
  IOTX: 18446.000000 @ $0.00 ($84.85)
  ARDR: 9611.000000 @ $0.04 ($413.18)
  VET: 18446.000000 @ $0.01 ($134.47)
  USDC: 10000.000000 @ $1.00 ($10003.00)
  ONG: 7084.000000 @ $0.06 ($432.12)
  HOT: 18446.000000 @ $0.00 ($6.60)
  ZIL: 18446.000000 @ $0.00 ($74.71)
  ZRX: 4406.000000 @ $0.10 ($446.33)
  FET: 2767.000000 @ $0.15 ($428.61)
  IOST: 18446.000000 @ $0.00 ($21.05)
  CELR: 18446.000000 @ $0.00 ($43.79)
  ENJ: 18446.000000 @ $0.02 ($345.86)
  ATOM: 244.000000 @ $2.12 ($518.50)
  TFUEL: 18446.000000 @ $0.01 ($251.79)
  ONE: 18446.000000 @ $0.00 ($42.61)
  ALGO: 4741.000000 @ $0.08 ($396.35)
  DOGE: 4713.000000 @ $0.09 ($440.15)
  DUSK: 4749.000000 @ $0.08 ($378.02)
  ANKR: 18446.000000 @ $0.00 ($77.66)
  WIN: 18446.000000 @ $0.00 ($0.39)
  COS: 18446.000000 @ $0.00 ($17.97)
  DENT: 18446.000000 @ $0.00 ($2.25)
  FUN: 18446.000000 @ $0.00 ($25.23)
  CVC: 14558.000000 @ $0.03 ($455.37)
  CHZ: 11467.000000 @ $0.03 ($389.88)
  BAND: 1976.000000 @ $0.20 ($397.18)
  XTZ: 1050.000000 @ $0.37 ($387.66)
  RVN: 18446.000000 @ $0.01 ($104.96)
  HBAR: 5400.000000 @ $0.10 ($514.03)
  NKN: 18446.000000 @ $0.01 ($138.34)
  STX: 1712.000000 @ $0.24 ($405.23)
  KAVA: 8025.000000 @ $0.05 ($386.00)
  ARPA: 18446.000000 @ $0.01 ($177.27)
  BCH: 1.000000 @ $502.40 ($502.40)
  FTT: 1461.000000 @ $0.31 ($458.90)
  EUR: 422.000000 @ $1.18 ($497.45)
  OGN: 18446.000000 @ $0.02 ($351.21)
  BNT: 1572.000000 @ $0.27 ($428.21)
  MBL: 18446.000000 @ $0.00 ($16.75)
  COTI: 18446.000000 @ $0.01 ($214.53)
  DATA: 18446.000000 @ $0.00 ($16.23)
  SOL: 5.000000 @ $78.53 ($392.65)
  CTSI: 17242.000000 @ $0.03 ($437.95)
  HIVE: 6297.000000 @ $0.06 ($399.23)
  CHR: 16722.000000 @ $0.02 ($324.41)
  MDT: 18446.000000 @ $0.01 ($184.64)
  COMP: 25.000000 @ $17.25 ($431.25)
  SC: 18446.000000 @ $0.00 ($20.14)
  SNX: 1520.000000 @ $0.38 ($574.56)
  VTHO: 18446.000000 @ $0.00 ($11.44)
  DGB: 18446.000000 @ $0.00 ($76.92)
  SXP: 15362.000000 @ $0.02 ($313.38)
  RUNE: 1112.000000 @ $0.39 ($429.23)
  DCR: 25.000000 @ $25.92 ($648.00)
  STORJ: 4519.000000 @ $0.09 ($396.77)
  AVA: 1877.000000 @ $0.19 ($362.64)
  YFI: 1.000000 @ $2703.00 ($2703.00)
  JST: 12337.000000 @ $0.05 ($558.50)
  CRV: 1790.000000 @ $0.22 ($398.28)
  SAND: 5100.000000 @ $0.08 ($401.37)
  NMR: 51.000000 @ $7.67 ($391.17)
  DOT: 337.000000 @ $1.28 ($430.01)
  LUNA: 7602.000000 @ $0.06 ($452.32)
  RSR: 18446.000000 @ $0.00 ($25.47)
  PAXG: 1.000000 @ $5261.63 ($5261.63)
  TRB: 31.000000 @ $14.19 ($439.89)
  WBTC: 1.000000 @ $64736.76 ($64736.76)
  SUSHI: 2154.000000 @ $0.19 ($415.29)
  KSM: 100.000000 @ $4.59 ($459.00)
  EGLD: 103.000000 @ $4.30 ($442.90)
  DIA: 2343.000000 @ $0.18 ($421.04)
  FIO: 18446.000000 @ $0.01 ($148.67)
  UMA: 894.000000 @ $0.54 ($480.97)
  BEL: 4518.000000 @ $0.10 ($457.67)
  UNI: 131.000000 @ $3.37 ($440.95)
  OXT: 18446.000000 @ $0.02 ($298.83)
  SUN: 18446.000000 @ $0.02 ($305.28)
  AVAX: 50.000000 @ $8.43 ($421.50)
  CAKE: 322.000000 @ $1.22 ($392.20)
  UTK: 18446.000000 @ $0.01 ($146.28)
  XVS: 142.000000 @ $2.75 ($390.50)
  AAVE: 3.000000 @ $115.17 ($345.51)
  NEAR: 429.000000 @ $0.98 ($422.56)
  FIL: 465.000000 @ $0.89 ($415.25)
  INJ: 140.000000 @ $3.35 ($469.14)
  AUDIO: 18446.000000 @ $0.02 ($367.08)
  CTK: 2298.000000 @ $0.22 ($514.06)
  AXS: 323.000000 @ $1.25 ($403.10)
  STRAX: 18446.000000 @ $0.01 ($265.62)
  ROSE: 18446.000000 @ $0.01 ($229.28)
  SKL: 18446.000000 @ $0.01 ($117.87)
  GLM: 2310.000000 @ $0.15 ($352.74)
  GRT: 17106.000000 @ $0.03 ($448.18)
  JUV: 815.000000 @ $0.61 ($497.15)
  PSG: 717.000000 @ $0.72 ($518.39)
  1INCH: 4503.000000 @ $0.09 ($397.61)
  OG: 125.000000 @ $3.07 ($383.50)
  ATM: 577.000000 @ $1.42 ($818.76)
  ASR: 353.000000 @ $1.35 ($478.31)
  CELO: 5592.000000 @ $0.07 ($407.66)
  RIF: 11899.000000 @ $0.03 ($410.52)
  TRU: 18446.000000 @ $0.01 ($94.07)
  CKB: 18446.000000 @ $0.00 ($27.76)
  TWT: 735.000000 @ $0.49 ($362.21)
  SFP: 1736.000000 @ $0.26 ($451.53)
  DODO: 18446.000000 @ $0.01 ($258.24)
  ACM: 1123.000000 @ $0.44 ($495.24)
  OM: 10274.000000 @ $0.07 ($670.89)
  POND: 18446.000000 @ $0.00 ($42.79)
  DEGO: 1388.000000 @ $0.32 ($440.00)
  ALICE: 3842.000000 @ $0.10 ($381.89)
  SUPER: 3499.000000 @ $0.11 ($375.09)
  CFX: 9082.000000 @ $0.05 ($435.94)
  TKO: 7240.000000 @ $0.06 ($406.16)
  PUNDIX: 2734.000000 @ $0.15 ($410.37)
  TLM: 18446.000000 @ $0.00 ($29.27)
  BAR: 1013.000000 @ $0.50 ($503.46)
  FORTH: 367.000000 @ $0.97 ($356.72)
  SLP: 18446.000000 @ $0.00 ($10.86)
  SHIB: 18446.000000 @ $0.00 ($0.11)
  ICP: 187.000000 @ $2.08 ($388.59)
  AR: 202.000000 @ $1.85 ($373.70)
  MASK: 939.000000 @ $0.41 ($384.99)
  LPT: 192.000000 @ $2.19 ($419.90)
  XVG: 18446.000000 @ $0.01 ($108.59)
  ATA: 18446.000000 @ $0.01 ($204.75)
  GTC: 4755.000000 @ $0.09 ($408.93)
  PHA: 16616.000000 @ $0.02 ($375.52)
  MLN: 132.000000 @ $3.24 ($427.68)
  DEXE: 224.000000 @ $2.90 ($650.05)
  C98: 18446.000000 @ $0.03 ($468.53)
  QNT: 7.000000 @ $62.26 ($435.82)
  FLOW: 10152.000000 @ $0.04 ($359.08)
  MINA: 7106.000000 @ $0.06 ($403.62)
  RAY: 756.000000 @ $0.57 ($433.94)
  FARM: 35.000000 @ $11.60 ($406.00)
  QUICK: 18446.000000 @ $0.01 ($157.71)
  MBOX: 18446.000000 @ $0.02 ($337.56)
  GHST: 4600.000000 @ $0.11 ($496.80)
  WAXP: 18446.000000 @ $0.01 ($114.18)
  GNO: 4.000000 @ $117.65 ($470.60)
  XEC: 18446.000000 @ $0.00 ($0.14)
  DYDX: 3905.000000 @ $0.09 ($344.42)
  IDEX: 18446.000000 @ $0.01 ($117.50)
  USDP: 499.000000 @ $1.00 ($499.05)
  GALA: 18446.000000 @ $0.00 ($64.56)
  ILV: 116.000000 @ $3.48 ($403.68)
  YGG: 10961.000000 @ $0.04 ($483.38)
  SYS: 18446.000000 @ $0.01 ($200.14)
  DF: 18446.000000 @ $0.00 ($29.88)
  FIDA: 18446.000000 @ $0.02 ($291.45)
  AGLD: 2136.000000 @ $0.32 ($674.98)
  RAD: 1831.000000 @ $0.23 ($419.30)
  RARE: 18446.000000 @ $0.02 ($328.34)
  LAZIO: 526.000000 @ $0.76 ($401.34)
  CHESS: 18446.000000 @ $0.00 ($51.83)
  AUCTION: 102.000000 @ $4.85 ($494.70)
  MOVR: 286.000000 @ $1.25 ($356.93)
  CITY: 903.000000 @ $0.65 ($582.44)
  ENS: 74.000000 @ $6.06 ($448.44)
  QI: 18446.000000 @ $0.00 ($32.65)
  PORTO: 460.000000 @ $1.00 ($459.54)
  POWR: 6913.000000 @ $0.06 ($421.00)
  JASMY: 18446.000000 @ $0.01 ($106.25)
  AMP: 18446.000000 @ $0.00 ($26.69)
  PYR: 1467.000000 @ $0.31 ($448.90)
  ALCX: 84.000000 @ $4.67 ($392.28)
  SANTOS: 239.000000 @ $1.59 ($380.25)
  BICO: 17119.000000 @ $0.02 ($352.65)
  FLUX: 6342.000000 @ $0.06 ($391.30)
  HIGH: 3129.000000 @ $0.14 ($438.06)
  CVX: 255.000000 @ $1.78 ($454.66)
  PEOPLE: 18446.000000 @ $0.01 ($115.29)
  SPELL: 18446.000000 @ $0.00 ($3.26)
  JOE: 11732.000000 @ $0.03 ($397.71)
  ACH: 18446.000000 @ $0.01 ($133.36)
  IMX: 2784.000000 @ $0.16 ($434.03)
  GLMR: 18446.000000 @ $0.01 ($219.51)
  SCRT: 4596.000000 @ $0.08 ($362.16)
  API3: 1511.000000 @ $0.29 ($432.45)
  BTTC: 18446.000000 @ $0.00 ($0.01)
  ACA: 18446.000000 @ $0.00 ($33.20)
  XNO: 797.000000 @ $0.51 ($402.49)
  WOO: 18446.000000 @ $0.02 ($300.67)
  ALPINE: 1130.000000 @ $0.41 ($463.30)
  T: 18446.000000 @ $0.01 ($116.95)
  ASTR: 18446.000000 @ $0.01 ($130.41)
  GMT: 18446.000000 @ $0.01 ($201.43)
  APE: 3458.000000 @ $0.10 ($354.79)
  BIFI: 3.000000 @ $114.40 ($343.20)
  NEXO: 630.000000 @ $0.83 ($524.16)
  LDO: 1227.000000 @ $0.30 ($368.22)
  OP: 2248.000000 @ $0.12 ($272.01)
  STG: 3197.000000 @ $0.13 ($426.80)
  LUNC: 18446.000000 @ $0.00 ($0.64)
  GMX: 79.000000 @ $6.22 ($491.38)
  POLYX: 10572.000000 @ $0.04 ($432.39)
  APT: 402.000000 @ $0.81 ($326.83)
  OSMO: 12142.000000 @ $0.03 ($417.68)
  HFT: 18446.000000 @ $0.01 ($263.78)
  PHB: 2808.000000 @ $0.14 ($393.12)
  HOOK: 17183.000000 @ $0.02 ($383.18)
  MAGIC: 7342.000000 @ $0.06 ($467.69)
  RPL: 290.000000 @ $2.02 ($585.80)
  GNS: 563.000000 @ $0.77 ($431.26)
  SYN: 5567.000000 @ $0.05 ($254.97)
  SSV: 125.000000 @ $2.90 ($362.12)
  LQTY: 1592.000000 @ $0.27 ($423.47)
  USTC: 18446.000000 @ $0.00 ($87.07)
  PROM: 355.000000 @ $1.28 ($453.33)
  QKC: 18446.000000 @ $0.00 ($57.16)
  ID: 8734.000000 @ $0.04 ($378.18)
  ARB: 3736.000000 @ $0.09 ($349.32)
  RDNT: 18446.000000 @ $0.01 ($93.89)
  EDU: 2879.000000 @ $0.12 ($345.48)
  SUI: 452.000000 @ $0.88 ($399.12)
  PEPE: 18446.000000 @ $0.00 ($0.07)
  FLOKI: 18446.000000 @ $0.00 ($0.52)
  WBETH: 1.000000 @ $2030.66 ($2030.66)
  MAV: 18446.000000 @ $0.01 ($262.49)
  PENDLE: 331.000000 @ $1.20 ($395.88)
  ARKM: 3671.000000 @ $0.10 ($385.45)
  WLD: 1235.000000 @ $0.37 ($460.53)
  FDUSD: 10000.000000 @ $1.00 ($9989.00)
  SEI: 5876.000000 @ $0.07 ($392.52)
  CYBER: 872.000000 @ $0.56 ($489.19)
  ARK: 2437.000000 @ $0.18 ($430.62)
  IQ: 18446.000000 @ $0.00 ($21.16)
  NTRN: 18446.000000 @ $0.01 ($217.66)
  TIA: 1360.000000 @ $0.30 ($409.90)
  MEME: 18446.000000 @ $0.00 ($11.86)
  ORDI: 159.000000 @ $2.36 ($375.24)
  BEAMX: 18446.000000 @ $0.00 ($36.32)
  PIVX: 4496.000000 @ $0.08 ($373.62)
  VIC: 8198.000000 @ $0.04 ($364.81)
  BLUR: 18446.000000 @ $0.02 ($359.14)
  VANRY: 18446.000000 @ $0.01 ($97.58)
  AEUR: 424.000000 @ $1.17 ($496.76)
  JTO: 1728.000000 @ $0.28 ($480.90)
  1000SATS: 18446.000000 @ $0.00 ($0.19)
  BONK: 18446.000000 @ $0.00 ($0.11)
  ACE: 2505.000000 @ $0.15 ($370.74)
  NFP: 18446.000000 @ $0.01 ($265.62)
  AI: 18446.000000 @ $0.02 ($385.52)
  XAI: 18446.000000 @ $0.01 ($170.44)
  MANTA: 6937.000000 @ $0.06 ($435.64)
  ALT: 18446.000000 @ $0.01 ($136.32)
  JUP: 2684.000000 @ $0.15 ($393.74)
  PYTH: 10083.000000 @ $0.05 ($508.18)
  RONIN: 4949.000000 @ $0.10 ($476.09)
  DYM: 10871.000000 @ $0.04 ($413.10)
  PIXEL: 18446.000000 @ $0.00 ($89.46)
  STRK: 9019.000000 @ $0.04 ($367.07)
  PORTAL: 18446.000000 @ $0.01 ($221.91)
  AXL: 7741.000000 @ $0.05 ($399.44)
  WIF: 2008.000000 @ $0.20 ($405.62)
  METIS: 132.000000 @ $3.22 ($425.04)
  AEVO: 17067.000000 @ $0.02 ($389.13)
  BOME: 18446.000000 @ $0.00 ($6.95)
  ETHFI: 1004.000000 @ $0.45 ($452.80)
  ENA: 3639.000000 @ $0.10 ($357.35)
  W: 18446.000000 @ $0.02 ($339.41)
  TNSR: 10240.000000 @ $0.05 ($493.57)
  SAGA: 14369.000000 @ $0.03 ($419.57)
  TAO: 2.000000 @ $171.10 ($342.20)
  REZ: 18446.000000 @ $0.00 ($50.73)
  BB: 13765.000000 @ $0.03 ($364.77)
  NOT: 18446.000000 @ $0.00 ($6.70)
  IO: 4166.000000 @ $0.11 ($449.93)
  ZK: 18446.000000 @ $0.02 ($368.74)
  LISTA: 4565.000000 @ $0.08 ($364.74)
  ZRO: 275.000000 @ $1.52 ($418.55)
  G: 18446.000000 @ $0.00 ($63.64)
  BANANA: 100.000000 @ $4.12 ($412.00)
  RENDER: 330.000000 @ $1.38 ($456.39)
  TON: 362.000000 @ $1.34 ($485.08)
  DOGS: 18446.000000 @ $0.00 ($0.49)
  EURI: 422.000000 @ $1.18 ($497.16)
  POL: 4733.000000 @ $0.11 ($504.06)
  NEIRO: 18446.000000 @ $0.00 ($1.24)
  TURBO: 18446.000000 @ $0.00 ($17.93)
  1MBABYDOGE: 18446.000000 @ $0.00 ($6.83)
  CATI: 11034.000000 @ $0.04 ($404.95)
  HMSTR: 18446.000000 @ $0.00 ($2.91)
  EIGEN: 2008.000000 @ $0.18 ($369.47)
  BNSOL: 4.000000 @ $86.10 ($344.40)
  SCR: 8563.000000 @ $0.04 ($349.20)
  LUMIA: 6623.000000 @ $0.06 ($380.16)
  KAIA: 8466.000000 @ $0.05 ($452.08)
  COW: 3071.000000 @ $0.22 ($682.99)
  CETUS: 18446.000000 @ $0.02 ($284.81)
  PNUT: 9035.000000 @ $0.04 ($397.54)
  ACT: 18446.000000 @ $0.01 ($247.18)
  USUAL: 18446.000000 @ $0.01 ($237.03)
  THE: 2333.000000 @ $0.24 ($561.09)
  ACX: 12388.000000 @ $0.03 ($401.37)
  ORCA: 575.000000 @ $0.96 ($554.88)
  MOVE: 18446.000000 @ $0.02 ($400.28)
  ME: 3187.000000 @ $0.12 ($374.47)
  VELODROME: 18446.000000 @ $0.01 ($254.55)
  VANA: 285.000000 @ $1.45 ($411.83)
  1000CAT: 18446.000000 @ $0.00 ($30.99)
  PENGU: 18446.000000 @ $0.01 ($116.82)
  BIO: 16447.000000 @ $0.03 ($416.11)
  D: 18446.000000 @ $0.01 ($128.20)
  AIXBT: 18446.000000 @ $0.02 ($337.56)
  CGPT: 18446.000000 @ $0.02 ($349.92)
  COOKIE: 18446.000000 @ $0.02 ($300.67)
  S: 10062.000000 @ $0.04 ($398.35)
  SOLV: 18446.000000 @ $0.00 ($78.40)
  TRUMP: 119.000000 @ $3.31 ($394.49)
  ANIME: 18446.000000 @ $0.00 ($87.25)
  BERA: 1163.000000 @ $0.55 ($644.30)
  1000CHEEMS: 18446.000000 @ $0.00 ($8.15)
  TST: 18446.000000 @ $0.01 ($176.90)
  LAYER: 5069.000000 @ $0.08 ($409.07)
  HEI: 4852.000000 @ $0.08 ($375.06)
  KAITO: 1389.000000 @ $0.29 ($401.14)
  SHELL: 14521.000000 @ $0.03 ($406.59)
  RED: 2427.000000 @ $0.16 ($377.40)
  GPS: 18446.000000 @ $0.01 ($246.99)
  EPIC: 1305.000000 @ $0.27 ($353.66)
  BMT: 18446.000000 @ $0.02 ($281.12)
  FORM: 2029.000000 @ $0.19 ($388.76)
  XUSD: 499.000000 @ $1.00 ($499.05)
  NIL: 10542.000000 @ $0.05 ($500.75)
  PARTI: 6606.000000 @ $0.11 ($700.24)
  MUBARAK: 18446.000000 @ $0.01 ($258.80)
  TUT: 18446.000000 @ $0.01 ($178.19)
  BROCCOLI714: 18446.000000 @ $0.01 ($232.79)
  BANANAS31: 18446.000000 @ $0.00 ($88.41)
  GUN: 18446.000000 @ $0.03 ($515.75)
  BABY: 18446.000000 @ $0.01 ($219.69)
  ONDO: 1818.000000 @ $0.25 ($454.68)
  BIGTIME: 18446.000000 @ $0.01 ($263.41)
  VIRTUAL: 788.000000 @ $0.59 ($466.89)
  KERNEL: 8448.000000 @ $0.07 ($620.93)
  WCT: 8004.000000 @ $0.06 ($465.83)
  HYPER: 4723.000000 @ $0.09 ($428.38)
  INIT: 6972.000000 @ $0.09 ($596.80)
  SIGN: 13413.000000 @ $0.02 ($315.74)
  STO: 7795.000000 @ $0.05 ($427.95)
  SYRUP: 1663.000000 @ $0.21 ($344.07)
  KMNO: 15086.000000 @ $0.02 ($360.25)
  SXT: 18446.000000 @ $0.02 ($420.57)
  NXPC: 1339.000000 @ $0.27 ($355.50)
  AWE: 7971.000000 @ $0.05 ($427.96)
  HAEDAL: 17128.000000 @ $0.03 ($460.74)
  USD1: 499.000000 @ $1.00 ($498.60)
  HUMA: 18446.000000 @ $0.01 ($222.83)
  A: 5403.000000 @ $0.08 ($422.51)
  SOPH: 18446.000000 @ $0.01 ($161.03)
  RESOLV: 6229.000000 @ $0.07 ($408.62)
  HOME: 16994.000000 @ $0.03 ($514.92)
  SPK: 18446.000000 @ $0.02 ($371.95)
  NEWT: 6326.000000 @ $0.06 ($408.03)
  SAHARA: 18446.000000 @ $0.01 ($268.76)
  LA: 2471.000000 @ $0.23 ($571.30)
  ERA: 3148.000000 @ $0.15 ($457.40)
  C: 8296.000000 @ $0.05 ($428.90)
  TREE: 7022.000000 @ $0.07 ($483.82)
  A2Z: 18446.000000 @ $0.00 ($15.24)
  TOWNS: 18446.000000 @ $0.00 ($60.69)
  PROVE: 1539.000000 @ $0.28 ($427.38)
  BFUSD: 500.000000 @ $1.00 ($499.65)
  PLUME: 18446.000000 @ $0.01 ($170.26)
  DOLO: 13957.000000 @ $0.04 ($502.59)
  MITO: 10361.000000 @ $0.04 ($379.94)
  WLFI: 3741.000000 @ $0.11 ($412.63)
  SOMI: 2516.000000 @ $0.19 ($488.86)
  OPEN: 3075.000000 @ $0.14 ($443.11)
  USDE: 500.000000 @ $1.00 ($499.60)
  LINEA: 18446.000000 @ $0.00 ($58.47)
  HOLO: 7637.000000 @ $0.05 ($411.63)
  PUMP: 18446.000000 @ $0.00 ($33.50)
  AVNT: 2188.000000 @ $0.17 ($378.31)
  ZKC: 5211.000000 @ $0.08 ($438.25)
  SKY: 8127.000000 @ $0.06 ($510.05)
  BARD: 695.000000 @ $0.76 ($526.32)
  0G: 832.000000 @ $0.62 ($514.18)
  HEMI: 18446.000000 @ $0.01 ($168.97)
  XPL: 5332.000000 @ $0.09 ($470.28)
  MIRA: 4972.000000 @ $0.08 ($397.76)
  FF: 6447.000000 @ $0.08 ($495.97)
  EDEN: 13517.000000 @ $0.03 ($420.38)
  NOM: 18446.000000 @ $0.00 ($85.59)
  2Z: 4685.000000 @ $0.07 ($319.05)
  MORPHO: 384.000000 @ $1.60 ($613.25)
  ASTER: 893.000000 @ $0.70 ($628.67)
  WAL: 5397.000000 @ $0.07 ($396.14)
  EUL: 457.000000 @ $0.94 ($430.49)
  ENSO: 400.000000 @ $1.98 ($790.80)
  YB: 3039.000000 @ $0.15 ($463.75)
  ZBT: 6821.000000 @ $0.07 ($466.56)
  TURTLE: 10299.000000 @ $0.04 ($398.57)
  GIGGLE: 13.000000 @ $25.06 ($325.78)
  F: 18446.000000 @ $0.01 ($102.93)
  KITE: 3439.000000 @ $0.24 ($819.17)
  MMT: 3148.000000 @ $0.12 ($378.39)
  SAPIEN: 5120.000000 @ $0.09 ($484.86)
  ALLO: 7866.000000 @ $0.10 ($807.05)
  BANK: 14258.000000 @ $0.04 ($530.40)
  MET: 2178.000000 @ $0.19 ($403.58)
  AT: 3155.000000 @ $0.16 ($510.79)
  KGST: 18446.000000 @ $0.01 ($209.18)
  BREV: 3461.000000 @ $0.13 ($440.93)
  币安人生: 3737.000000 @ $0.06 ($220.11)
  ZKP: 5151.000000 @ $0.09 ($447.62)
  U: 499.000000 @ $1.00 ($499.05)
  FRAX: 639.000000 @ $0.61 ($388.13)
  FOGO: 17946.000000 @ $0.03 ($501.23)
  RLUSD: 499.000000 @ $1.00 ($499.00)
  SENT: 14893.000000 @ $0.02 ($370.09)
  ZAMA: 16138.000000 @ $0.02 ($347.13)
🌐 主要幣種:
  BTCUSDT: $64878.62
  ETHUSDT: $1866.44
  BNBUSDT: $598.18

🎯 今日學習重點:
  1. 觀察加密貨幣波動
  2. 實踐2%風險管理
  3. 記錄交易決策
✅ 報告已保存: /Users/gordonlui/.openclaw/workspace/crypto_data/daily_report_20260224.json
