Sun Feb  8 09:00:01 HKT 2026: 系統運行正常
Sun Feb  8 10:00:00 HKT 2026: 系統運行正常
Sun Feb  8 11:00:01 HKT 2026: 系統運行正常
Sun Feb  8 12:00:00 HKT 2026: 系統運行正常
Sun Feb  8 13:00:01 HKT 2026: 系統運行正常
Sun Feb  8 14:00:00 HKT 2026: 系統運行正常
Sun Feb  8 15:00:00 HKT 2026: 系統運行正常
Sun Feb  8 16:00:00 HKT 2026: 系統運行正常
Sun Feb  8 17:00:00 HKT 2026: 系統運行正常
Sun Feb  8 18:00:01 HKT 2026: 系統運行正常
Sun Feb  8 19:00:00 HKT 2026: 系統運行正常
Sun Feb  8 20:00:00 HKT 2026: 系統運行正常
Sun Feb  8 21:00:00 HKT 2026: 系統運行正常
Sun Feb  8 22:00:00 HKT 2026: 系統運行正常
Sun Feb  8 23:00:00 HKT 2026: 系統運行正常
Mon Feb  9 01:00:00 HKT 2026: 系統運行正常
Mon Feb  9 09:00:02 HKT 2026: 系統運行正常
Mon Feb  9 12:04:33 HKT 2026: 系統運行正常
Mon Feb  9 14:05:47 HKT 2026: 系統運行正常
Mon Feb  9 15:07:59 HKT 2026: 系統運行正常
Mon Feb  9 17:00:00 HKT 2026: 系統運行正常
Mon Feb  9 18:00:41 HKT 2026: 系統運行正常
Mon Feb  9 20:00:00 HKT 2026: 系統運行正常
Mon Feb  9 21:00:00 HKT 2026: 系統運行正常
Mon Feb  9 22:00:00 HKT 2026: 系統運行正常
Tue Feb 10 08:00:00 HKT 2026: 系統運行正常
Tue Feb 10 09:00:00 HKT 2026: 系統運行正常
Tue Feb 10 10:00:00 HKT 2026: 系統運行正常
Tue Feb 10 11:00:00 HKT 2026: 系統運行正常
Tue Feb 10 12:00:01 HKT 2026: 系統運行正常
Tue Feb 10 13:00:00 HKT 2026: 系統運行正常
Tue Feb 10 14:00:00 HKT 2026: 系統運行正常
Tue Feb 10 15:00:00 HKT 2026: 系統運行正常
Tue Feb 10 16:00:00 HKT 2026: 系統運行正常
Tue Feb 10 17:00:00 HKT 2026: 系統運行正常
Tue Feb 10 18:00:00 HKT 2026: 系統運行正常
Tue Feb 10 19:00:01 HKT 2026: 系統運行正常
Tue Feb 10 20:00:00 HKT 2026: 系統運行正常
Tue Feb 10 21:00:00 HKT 2026: 系統運行正常
Tue Feb 10 22:00:00 HKT 2026: 系統運行正常
Wed Feb 11 08:00:00 HKT 2026: 系統運行正常
Wed Feb 11 09:00:00 HKT 2026: 系統運行正常
Wed Feb 11 10:00:00 HKT 2026: 系統運行正常
Wed Feb 11 11:00:00 HKT 2026: 系統運行正常
Wed Feb 11 12:00:00 HKT 2026: 系統運行正常
Wed Feb 11 13:00:00 HKT 2026: 系統運行正常
Wed Feb 11 14:00:00 HKT 2026: 系統運行正常
Wed Feb 11 15:00:01 HKT 2026: 系統運行正常
Wed Feb 11 16:00:00 HKT 2026: 系統運行正常
Wed Feb 11 17:00:00 HKT 2026: 系統運行正常
Wed Feb 11 18:00:01 HKT 2026: 系統運行正常
Wed Feb 11 19:00:01 HKT 2026: 系統運行正常
Wed Feb 11 20:00:00 HKT 2026: 系統運行正常
Wed Feb 11 21:00:00 HKT 2026: 系統運行正常
Wed Feb 11 22:00:01 HKT 2026: 系統運行正常
Thu Feb 12 08:00:00 HKT 2026: 系統運行正常
Thu Feb 12 09:00:00 HKT 2026: 系統運行正常
Thu Feb 12 10:00:00 HKT 2026: 系統運行正常
Thu Feb 12 11:00:00 HKT 2026: 系統運行正常
Thu Feb 12 12:00:00 HKT 2026: 系統運行正常
Thu Feb 12 13:00:00 HKT 2026: 系統運行正常
Thu Feb 12 14:00:00 HKT 2026: 系統運行正常
Thu Feb 12 15:00:01 HKT 2026: 系統運行正常
Thu Feb 12 16:00:00 HKT 2026: 系統運行正常
Thu Feb 12 17:00:00 HKT 2026: 系統運行正常
Thu Feb 12 18:00:00 HKT 2026: 系統運行正常
Thu Feb 12 19:00:00 HKT 2026: 系統運行正常
Thu Feb 12 20:00:00 HKT 2026: 系統運行正常
Thu Feb 12 21:00:01 HKT 2026: 系統運行正常
Thu Feb 12 22:00:00 HKT 2026: 系統運行正常
Fri Feb 13 08:00:43 HKT 2026: 系統運行正常
Fri Feb 13 12:00:47 HKT 2026: 系統運行正常
Fri Feb 13 19:00:00 HKT 2026: 系統運行正常
Fri Feb 13 20:00:01 HKT 2026: 系統運行正常
Sat Feb 14 09:00:00 HKT 2026: 系統運行正常
Sat Feb 14 10:00:00 HKT 2026: 系統運行正常
Sat Feb 14 11:00:01 HKT 2026: 系統運行正常
Sat Feb 14 12:00:01 HKT 2026: 系統運行正常
Sat Feb 14 13:00:00 HKT 2026: 系統運行正常
Sat Feb 14 14:00:00 HKT 2026: 系統運行正常
Sat Feb 14 15:00:01 HKT 2026: 系統運行正常
Sat Feb 14 16:00:00 HKT 2026: 系統運行正常
Sat Feb 14 17:00:00 HKT 2026: 系統運行正常
Sat Feb 14 18:00:00 HKT 2026: 系統運行正常
Sat Feb 14 19:00:00 HKT 2026: 系統運行正常
Sat Feb 14 20:00:00 HKT 2026: 系統運行正常
Sat Feb 14 21:00:00 HKT 2026: 系統運行正常
Sat Feb 14 22:00:00 HKT 2026: 系統運行正常
Sun Feb 15 10:03:49 HKT 2026: 系統運行正常
Sun Feb 15 11:00:01 HKT 2026: 系統運行正常
Sun Feb 15 12:00:00 HKT 2026: 系統運行正常
Sun Feb 15 13:00:00 HKT 2026: 系統運行正常
Sun Feb 15 14:00:00 HKT 2026: 系統運行正常
Sun Feb 15 15:00:00 HKT 2026: 系統運行正常
Sun Feb 15 16:00:00 HKT 2026: 系統運行正常
Sun Feb 15 17:00:00 HKT 2026: 系統運行正常
Sun Feb 15 18:00:00 HKT 2026: 系統運行正常
Sun Feb 15 19:00:00 HKT 2026: 系統運行正常
Sun Feb 15 20:00:01 HKT 2026: 系統運行正常
Sun Feb 15 21:00:00 HKT 2026: 系統運行正常
Sun Feb 15 22:00:00 HKT 2026: 系統運行正常
Mon Feb 16 08:00:00 HKT 2026: 系統運行正常
Mon Feb 16 09:00:00 HKT 2026: 系統運行正常
Mon Feb 16 10:00:00 HKT 2026: 系統運行正常
Mon Feb 16 11:00:00 HKT 2026: 系統運行正常
Mon Feb 16 12:00:00 HKT 2026: 系統運行正常
Mon Feb 16 13:00:00 HKT 2026: 系統運行正常
Mon Feb 16 14:00:01 HKT 2026: 系統運行正常
Mon Feb 16 15:00:01 HKT 2026: 系統運行正常
Mon Feb 16 16:00:00 HKT 2026: 系統運行正常
Mon Feb 16 17:00:00 HKT 2026: 系統運行正常
Mon Feb 16 18:00:00 HKT 2026: 系統運行正常
Mon Feb 16 19:00:00 HKT 2026: 系統運行正常
Mon Feb 16 20:00:01 HKT 2026: 系統運行正常
Mon Feb 16 21:00:00 HKT 2026: 系統運行正常
Mon Feb 16 22:00:00 HKT 2026: 系統運行正常
Tue Feb 17 10:00:00 HKT 2026: 系統運行正常
Tue Feb 17 11:00:00 HKT 2026: 系統運行正常
Tue Feb 17 12:00:01 HKT 2026: 系統運行正常
Tue Feb 17 13:00:00 HKT 2026: 系統運行正常
Tue Feb 17 14:00:00 HKT 2026: 系統運行正常
Tue Feb 17 15:00:00 HKT 2026: 系統運行正常
Tue Feb 17 16:00:00 HKT 2026: 系統運行正常
Tue Feb 17 17:00:01 HKT 2026: 系統運行正常
Tue Feb 17 18:00:00 HKT 2026: 系統運行正常
Tue Feb 17 19:00:00 HKT 2026: 系統運行正常
Tue Feb 17 20:00:00 HKT 2026: 系統運行正常
Tue Feb 17 21:00:00 HKT 2026: 系統運行正常
Thu Feb 19 13:00:00 HKT 2026: 系統運行正常
Thu Feb 19 14:00:01 HKT 2026: 系統運行正常
Thu Feb 19 15:00:00 HKT 2026: 系統運行正常
Thu Feb 19 16:00:00 HKT 2026: 系統運行正常
Thu Feb 19 17:00:00 HKT 2026: 系統運行正常
Thu Feb 19 18:00:01 HKT 2026: 系統運行正常
Thu Feb 19 19:00:00 HKT 2026: 系統運行正常
Thu Feb 19 20:00:00 HKT 2026: 系統運行正常
Thu Feb 19 21:00:01 HKT 2026: 系統運行正常
Thu Feb 19 22:00:00 HKT 2026: 系統運行正常
Fri Feb 20 08:00:00 HKT 2026: 系統運行正常
Fri Feb 20 09:00:00 HKT 2026: 系統運行正常
Fri Feb 20 10:00:00 HKT 2026: 系統運行正常
Fri Feb 20 11:00:00 HKT 2026: 系統運行正常
Fri Feb 20 12:00:00 HKT 2026: 系統運行正常
Fri Feb 20 13:00:00 HKT 2026: 系統運行正常
Fri Feb 20 14:00:00 HKT 2026: 系統運行正常
Fri Feb 20 15:00:00 HKT 2026: 系統運行正常
Fri Feb 20 16:00:00 HKT 2026: 系統運行正常
Fri Feb 20 17:00:00 HKT 2026: 系統運行正常
Fri Feb 20 18:00:00 HKT 2026: 系統運行正常
Fri Feb 20 19:00:00 HKT 2026: 系統運行正常
Fri Feb 20 20:00:00 HKT 2026: 系統運行正常
Fri Feb 20 21:00:00 HKT 2026: 系統運行正常
Sat Feb 21 18:00:00 HKT 2026: 系統運行正常
Sat Feb 21 19:00:01 HKT 2026: 系統運行正常
Sat Feb 21 20:00:00 HKT 2026: 系統運行正常
Sat Feb 21 21:00:00 HKT 2026: 系統運行正常
Sat Feb 21 22:00:00 HKT 2026: 系統運行正常
Sun Feb 22 08:00:00 HKT 2026: 系統運行正常
Sun Feb 22 09:00:00 HKT 2026: 系統運行正常
Sun Feb 22 10:00:00 HKT 2026: 系統運行正常
Sun Feb 22 11:00:00 HKT 2026: 系統運行正常
Sun Feb 22 12:00:01 HKT 2026: 系統運行正常
Sun Feb 22 13:00:00 HKT 2026: 系統運行正常
Sun Feb 22 14:00:00 HKT 2026: 系統運行正常
Sun Feb 22 15:00:00 HKT 2026: 系統運行正常
Sun Feb 22 16:00:00 HKT 2026: 系統運行正常
Sun Feb 22 17:00:00 HKT 2026: 系統運行正常
Sun Feb 22 18:00:00 HKT 2026: 系統運行正常
Sun Feb 22 19:00:00 HKT 2026: 系統運行正常
Sun Feb 22 20:00:00 HKT 2026: 系統運行正常
Sun Feb 22 21:00:00 HKT 2026: 系統運行正常
Sun Feb 22 22:00:00 HKT 2026: 系統運行正常
Mon Feb 23 08:00:00 HKT 2026: 系統運行正常
Mon Feb 23 09:00:01 HKT 2026: 系統運行正常
Mon Feb 23 10:00:00 HKT 2026: 系統運行正常
Mon Feb 23 11:00:00 HKT 2026: 系統運行正常
Mon Feb 23 12:00:00 HKT 2026: 系統運行正常
Mon Feb 23 13:00:00 HKT 2026: 系統運行正常
Mon Feb 23 14:00:00 HKT 2026: 系統運行正常
Mon Feb 23 15:00:00 HKT 2026: 系統運行正常
Mon Feb 23 16:00:00 HKT 2026: 系統運行正常
Mon Feb 23 17:00:01 HKT 2026: 系統運行正常
Mon Feb 23 18:00:00 HKT 2026: 系統運行正常
Mon Feb 23 19:00:00 HKT 2026: 系統運行正常
Mon Feb 23 20:00:00 HKT 2026: 系統運行正常
Mon Feb 23 21:00:01 HKT 2026: 系統運行正常
Mon Feb 23 22:00:00 HKT 2026: 系統運行正常
Tue Feb 24 08:00:01 HKT 2026: 系統運行正常
Tue Feb 24 09:00:00 HKT 2026: 系統運行正常
Tue Feb 24 10:00:00 HKT 2026: 系統運行正常
Tue Feb 24 11:00:00 HKT 2026: 系統運行正常
Tue Feb 24 12:00:00 HKT 2026: 系統運行正常
Tue Feb 24 13:00:00 HKT 2026: 系統運行正常
Tue Feb 24 14:00:00 HKT 2026: 系統運行正常
Tue Feb 24 15:00:01 HKT 2026: 系統運行正常
Tue Feb 24 16:00:00 HKT 2026: 系統運行正常
Tue Feb 24 17:00:00 HKT 2026: 系統運行正常
Tue Feb 24 18:00:00 HKT 2026: 系統運行正常
Tue Feb 24 19:00:00 HKT 2026: 系統運行正常
Tue Feb 24 20:00:00 HKT 2026: 系統運行正常
Tue Feb 24 21:00:00 HKT 2026: 系統運行正常
Tue Feb 24 22:00:00 HKT 2026: 系統運行正常
Wed Feb 25 08:00:00 HKT 2026: 系統運行正常
Wed Feb 25 09:00:01 HKT 2026: 系統運行正常
Wed Feb 25 10:00:00 HKT 2026: 系統運行正常
Wed Feb 25 11:00:00 HKT 2026: 系統運行正常
Wed Feb 25 12:00:00 HKT 2026: 系統運行正常
Wed Feb 25 13:00:00 HKT 2026: 系統運行正常
Wed Feb 25 14:00:00 HKT 2026: 系統運行正常
Wed Feb 25 15:00:00 HKT 2026: 系統運行正常
Wed Feb 25 16:00:01 HKT 2026: 系統運行正常
Wed Feb 25 17:00:00 HKT 2026: 系統運行正常
Wed Feb 25 18:00:01 HKT 2026: 系統運行正常
Wed Feb 25 19:00:00 HKT 2026: 系統運行正常
Wed Feb 25 20:00:00 HKT 2026: 系統運行正常
Wed Feb 25 21:00:00 HKT 2026: 系統運行正常
Wed Feb 25 22:00:00 HKT 2026: 系統運行正常
Thu Feb 26 08:00:01 HKT 2026: 系統運行正常
Thu Feb 26 09:00:00 HKT 2026: 系統運行正常
Thu Feb 26 10:00:00 HKT 2026: 系統運行正常
Thu Feb 26 11:00:00 HKT 2026: 系統運行正常
Thu Feb 26 12:00:00 HKT 2026: 系統運行正常
Thu Feb 26 13:00:00 HKT 2026: 系統運行正常
Thu Feb 26 14:00:00 HKT 2026: 系統運行正常
Thu Feb 26 15:00:00 HKT 2026: 系統運行正常
Thu Feb 26 16:00:00 HKT 2026: 系統運行正常
Thu Feb 26 17:00:00 HKT 2026: 系統運行正常
Thu Feb 26 18:00:00 HKT 2026: 系統運行正常
Thu Feb 26 19:00:01 HKT 2026: 系統運行正常
Thu Feb 26 20:00:01 HKT 2026: 系統運行正常
Thu Feb 26 21:00:00 HKT 2026: 系統運行正常
Thu Feb 26 22:00:00 HKT 2026: 系統運行正常
Fri Feb 27 08:00:00 HKT 2026: 系統運行正常
Fri Feb 27 09:00:01 HKT 2026: 系統運行正常
Fri Feb 27 10:00:00 HKT 2026: 系統運行正常
Fri Feb 27 11:00:00 HKT 2026: 系統運行正常
Fri Feb 27 12:00:00 HKT 2026: 系統運行正常
Fri Feb 27 13:00:00 HKT 2026: 系統運行正常
Fri Feb 27 14:00:00 HKT 2026: 系統運行正常
Fri Feb 27 15:00:00 HKT 2026: 系統運行正常
Fri Feb 27 16:00:00 HKT 2026: 系統運行正常
Fri Feb 27 17:00:01 HKT 2026: 系統運行正常
Fri Feb 27 18:00:00 HKT 2026: 系統運行正常
Fri Feb 27 19:00:01 HKT 2026: 系統運行正常
Fri Feb 27 20:00:00 HKT 2026: 系統運行正常
Fri Feb 27 21:00:00 HKT 2026: 系統運行正常
Fri Feb 27 22:00:00 HKT 2026: 系統運行正常
Sun Mar  1 13:00:00 HKT 2026: 系統運行正常
Sun Mar  1 14:00:00 HKT 2026: 系統運行正常
Sun Mar  1 15:00:00 HKT 2026: 系統運行正常
Sun Mar  1 16:00:00 HKT 2026: 系統運行正常
Sun Mar  1 17:00:00 HKT 2026: 系統運行正常
Sun Mar  1 18:00:00 HKT 2026: 系統運行正常
Sun Mar  1 19:00:00 HKT 2026: 系統運行正常
Sun Mar  1 20:00:00 HKT 2026: 系統運行正常
Sun Mar  1 21:00:00 HKT 2026: 系統運行正常
Sun Mar  1 22:00:00 HKT 2026: 系統運行正常
Mon Mar  2 08:00:00 HKT 2026: 系統運行正常
Mon Mar  2 09:00:00 HKT 2026: 系統運行正常
Mon Mar  2 10:00:01 HKT 2026: 系統運行正常
Mon Mar  2 11:00:01 HKT 2026: 系統運行正常
Mon Mar  2 12:00:00 HKT 2026: 系統運行正常
Mon Mar  2 13:00:00 HKT 2026: 系統運行正常
Mon Mar  2 14:00:00 HKT 2026: 系統運行正常
Mon Mar  2 15:00:00 HKT 2026: 系統運行正常
Mon Mar  2 16:00:01 HKT 2026: 系統運行正常
Mon Mar  2 17:00:00 HKT 2026: 系統運行正常
Mon Mar  2 18:00:01 HKT 2026: 系統運行正常
Mon Mar  2 19:00:00 HKT 2026: 系統運行正常
Mon Mar  2 20:00:00 HKT 2026: 系統運行正常
Mon Mar  2 21:00:01 HKT 2026: 系統運行正常
Mon Mar  2 22:00:00 HKT 2026: 系統運行正常
Tue Mar  3 08:00:00 HKT 2026: 系統運行正常
Tue Mar  3 09:00:01 HKT 2026: 系統運行正常
Tue Mar  3 10:00:00 HKT 2026: 系統運行正常
Tue Mar  3 11:00:00 HKT 2026: 系統運行正常
Tue Mar  3 12:00:00 HKT 2026: 系統運行正常
Tue Mar  3 13:00:00 HKT 2026: 系統運行正常
Tue Mar  3 14:00:00 HKT 2026: 系統運行正常
Tue Mar  3 15:00:01 HKT 2026: 系統運行正常
Tue Mar  3 16:00:00 HKT 2026: 系統運行正常
Tue Mar  3 17:00:00 HKT 2026: 系統運行正常
Tue Mar  3 18:00:00 HKT 2026: 系統運行正常
Tue Mar  3 19:00:00 HKT 2026: 系統運行正常
Tue Mar  3 20:00:00 HKT 2026: 系統運行正常
Tue Mar  3 21:00:00 HKT 2026: 系統運行正常
Tue Mar  3 22:00:01 HKT 2026: 系統運行正常
Wed Mar  4 08:00:00 HKT 2026: 系統運行正常
Wed Mar  4 09:00:00 HKT 2026: 系統運行正常
Wed Mar  4 10:00:00 HKT 2026: 系統運行正常
Wed Mar  4 11:00:01 HKT 2026: 系統運行正常
Wed Mar  4 12:00:01 HKT 2026: 系統運行正常
Wed Mar  4 13:00:00 HKT 2026: 系統運行正常
Wed Mar  4 14:00:00 HKT 2026: 系統運行正常
Wed Mar  4 15:00:00 HKT 2026: 系統運行正常
Wed Mar  4 16:00:00 HKT 2026: 系統運行正常
Wed Mar  4 17:00:00 HKT 2026: 系統運行正常
Wed Mar  4 18:00:00 HKT 2026: 系統運行正常
Wed Mar  4 19:00:00 HKT 2026: 系統運行正常
Wed Mar  4 20:00:00 HKT 2026: 系統運行正常
Wed Mar  4 21:00:00 HKT 2026: 系統運行正常
Wed Mar  4 22:00:00 HKT 2026: 系統運行正常
Thu Mar  5 08:00:00 HKT 2026: 系統運行正常
Thu Mar  5 09:00:00 HKT 2026: 系統運行正常
Thu Mar  5 10:00:00 HKT 2026: 系統運行正常
Thu Mar  5 11:00:00 HKT 2026: 系統運行正常
Thu Mar  5 12:00:00 HKT 2026: 系統運行正常
Thu Mar  5 13:00:00 HKT 2026: 系統運行正常
Thu Mar  5 14:00:00 HKT 2026: 系統運行正常
Thu Mar  5 15:00:01 HKT 2026: 系統運行正常
Thu Mar  5 16:00:00 HKT 2026: 系統運行正常
Thu Mar  5 17:00:00 HKT 2026: 系統運行正常
Thu Mar  5 18:00:01 HKT 2026: 系統運行正常
Thu Mar  5 19:00:00 HKT 2026: 系統運行正常
Thu Mar  5 20:00:00 HKT 2026: 系統運行正常
Thu Mar  5 21:00:00 HKT 2026: 系統運行正常
Thu Mar  5 22:00:00 HKT 2026: 系統運行正常
Fri Mar  6 08:00:00 HKT 2026: 系統運行正常
Fri Mar  6 09:00:00 HKT 2026: 系統運行正常
Fri Mar  6 10:00:00 HKT 2026: 系統運行正常
Fri Mar  6 11:00:00 HKT 2026: 系統運行正常
Fri Mar  6 12:00:00 HKT 2026: 系統運行正常
Fri Mar  6 13:00:00 HKT 2026: 系統運行正常
Fri Mar  6 14:00:00 HKT 2026: 系統運行正常
Fri Mar  6 15:00:00 HKT 2026: 系統運行正常
Fri Mar  6 16:00:00 HKT 2026: 系統運行正常
Fri Mar  6 17:00:00 HKT 2026: 系統運行正常
Fri Mar  6 18:00:00 HKT 2026: 系統運行正常
Fri Mar  6 19:00:00 HKT 2026: 系統運行正常
Fri Mar  6 20:00:00 HKT 2026: 系統運行正常
Fri Mar  6 21:00:00 HKT 2026: 系統運行正常
Fri Mar  6 22:00:01 HKT 2026: 系統運行正常
Sat Mar  7 08:00:00 HKT 2026: 系統運行正常
Sat Mar  7 09:00:01 HKT 2026: 系統運行正常
Sat Mar  7 10:00:00 HKT 2026: 系統運行正常
Sat Mar  7 11:00:00 HKT 2026: 系統運行正常
Sat Mar  7 12:00:00 HKT 2026: 系統運行正常
Sat Mar  7 13:00:00 HKT 2026: 系統運行正常
Sat Mar  7 14:00:01 HKT 2026: 系統運行正常
Sat Mar  7 15:00:00 HKT 2026: 系統運行正常
Sat Mar  7 16:00:00 HKT 2026: 系統運行正常
Sat Mar  7 17:00:00 HKT 2026: 系統運行正常
Sat Mar  7 18:00:00 HKT 2026: 系統運行正常
Sat Mar  7 19:00:00 HKT 2026: 系統運行正常
Sat Mar  7 20:00:00 HKT 2026: 系統運行正常
Sat Mar  7 21:00:00 HKT 2026: 系統運行正常
Sat Mar  7 22:00:00 HKT 2026: 系統運行正常
