/Users/gordonlui/Library/Python/3.9/lib/python/site-packages/urllib3/__init__.py:35: NotOpenSSLWarning: urllib3 v2 only supports OpenSSL 1.1.1+, currently the 'ssl' module is compiled with 'LibreSSL 2.8.3'. See: https://github.com/urllib3/urllib3/issues/3020
  warnings.warn(
============================================================
🚀 啟動簡單加密貨幣監控系統
============================================================
✅ 連接成功 - 08:59:19
⏰ 監控時間: 08:59 - 08:59
📊 觀察幣種: BTC, ETH, BNB
⏱️  觀察間隔: 每60分鐘
按 Ctrl+C 停止監控

✅ 數據已保存: /Users/gordonlui/.openclaw/workspace/crypto_monitor_data/data_20260208_0859.json

📊 第1次觀察完成
👀 08:59 加密貨幣觀察
────────────────────────────────────────
• BTC: $69,089.27 (-1.27%)
• ETH: $2,082.77 (+1.95%)
• BNB: $646.92 (-0.94%)

💡 學習點:
• BTC波動較大，需謹慎風險管理
• 市場橫盤整理，等待方向

🛡️ 風險提醒:
• 每筆交易不超過2%風險
• 設置止損保護資本
• 保持冷靜，按計劃操作

⏰ 下一報告: 09:59

⏳ 等待下次觀察 (60.0分鐘)...
✅ 數據已保存: /Users/gordonlui/.openclaw/workspace/crypto_monitor_data/data_20260208_0904.json

📊 第2次觀察完成
👀 09:04 加密貨幣觀察
────────────────────────────────────────
• BTC: $69,243.22 (-1.01%)
• ETH: $2,085.65 (+2.13%)
• BNB: $648.39 (-0.58%)

💡 學習點:
• BTC波動較大，需謹慎風險管理
• 市場橫盤整理，等待方向

🛡️ 風險提醒:
• 每筆交易不超過2%風險
• 設置止損保護資本
• 保持冷靜，按計劃操作

⏰ 下一報告: 10:04

⏳ 等待下次觀察 (60.0分鐘)...
✅ 數據已保存: /Users/gordonlui/.openclaw/workspace/crypto_monitor_data/data_20260208_0909.json

📊 第3次觀察完成
👀 09:09 加密貨幣觀察
────────────────────────────────────────
• BTC: $69,293.11 (-0.96%)
• ETH: $2,088.98 (+2.31%)
• BNB: $649.53 (-0.42%)

💡 學習點:
• BTC波動較大，需謹慎風險管理
• 市場橫盤整理，等待方向

🛡️ 風險提醒:
• 每筆交易不超過2%風險
• 設置止損保護資本
• 保持冷靜，按計劃操作

⏰ 下一報告: 10:09

⏳ 等待下次觀察 (60.0分鐘)...
✅ 數據已保存: /Users/gordonlui/.openclaw/workspace/crypto_monitor_data/data_20260208_0914.json

📊 第4次觀察完成
👀 09:14 加密貨幣觀察
────────────────────────────────────────
• BTC: $69,390.80 (-0.60%)
• ETH: $2,092.39 (+2.89%)
• BNB: $650.61 (+0.06%)

💡 學習點:
• BTC波動較大，需謹慎風險管理
• 市場橫盤整理，等待方向

🛡️ 風險提醒:
• 每筆交易不超過2%風險
• 設置止損保護資本
• 保持冷靜，按計劃操作

⏰ 下一報告: 10:14

⏳ 等待下次觀察 (60.0分鐘)...
✅ 數據已保存: /Users/gordonlui/.openclaw/workspace/crypto_monitor_data/data_20260208_0919.json

📊 第5次觀察完成
👀 09:19 加密貨幣觀察
────────────────────────────────────────
• BTC: $69,269.73 (-1.04%)
• ETH: $2,089.61 (+2.32%)
• BNB: $649.74 (-0.26%)

💡 學習點:
• BTC波動較大，需謹慎風險管理
• 市場橫盤整理，等待方向

🛡️ 風險提醒:
• 每筆交易不超過2%風險
• 設置止損保護資本
• 保持冷靜，按計劃操作

⏰ 下一報告: 10:19

⏳ 等待下次觀察 (60.0分鐘)...
✅ 數據已保存: /Users/gordonlui/.openclaw/workspace/crypto_monitor_data/data_20260208_0924.json

📊 第6次觀察完成
👀 09:24 加密貨幣觀察
────────────────────────────────────────
• BTC: $69,166.03 (-1.12%)
• ETH: $2,084.45 (+2.10%)
• BNB: $648.59 (-0.45%)

💡 學習點:
• BTC波動較大，需謹慎風險管理
• 市場橫盤整理，等待方向

🛡️ 風險提醒:
• 每筆交易不超過2%風險
• 設置止損保護資本
• 保持冷靜，按計劃操作

⏰ 下一報告: 10:24

⏳ 等待下次觀察 (60.0分鐘)...
✅ 數據已保存: /Users/gordonlui/.openclaw/workspace/crypto_monitor_data/data_20260208_0929.json

📊 第7次觀察完成
👀 09:29 加密貨幣觀察
────────────────────────────────────────
• BTC: $69,137.37 (-1.31%)
• ETH: $2,083.74 (+1.82%)
• BNB: $648.24 (-0.67%)

💡 學習點:
• BTC波動較大，需謹慎風險管理
• 市場橫盤整理，等待方向

🛡️ 風險提醒:
• 每筆交易不超過2%風險
• 設置止損保護資本
• 保持冷靜，按計劃操作

⏰ 下一報告: 10:29

⏳ 等待下次觀察 (60.0分鐘)...
✅ 數據已保存: /Users/gordonlui/.openclaw/workspace/crypto_monitor_data/data_20260208_0934.json

📊 第8次觀察完成
👀 09:34 加密貨幣觀察
────────────────────────────────────────
• BTC: $69,224.84 (-1.26%)
• ETH: $2,087.90 (+1.93%)
• BNB: $648.75 (-0.87%)

💡 學習點:
• BTC波動較大，需謹慎風險管理
• 市場橫盤整理，等待方向

🛡️ 風險提醒:
• 每筆交易不超過2%風險
• 設置止損保護資本
• 保持冷靜，按計劃操作

⏰ 下一報告: 10:34

⏳ 等待下次觀察 (60.0分鐘)...
✅ 數據已保存: /Users/gordonlui/.openclaw/workspace/crypto_monitor_data/data_20260208_0939.json

📊 第9次觀察完成
👀 09:39 加密貨幣觀察
────────────────────────────────────────
• BTC: $69,345.60 (-1.33%)
• ETH: $2,093.14 (+1.88%)
• BNB: $650.12 (-0.67%)

💡 學習點:
• BTC波動較大，需謹慎風險管理
• 市場橫盤整理，等待方向

🛡️ 風險提醒:
• 每筆交易不超過2%風險
• 設置止損保護資本
• 保持冷靜，按計劃操作

⏰ 下一報告: 10:39

⏳ 等待下次觀察 (60.0分鐘)...
✅ 數據已保存: /Users/gordonlui/.openclaw/workspace/crypto_monitor_data/data_20260208_0944.json

📊 第10次觀察完成
👀 09:44 加密貨幣觀察
────────────────────────────────────────
• BTC: $69,309.41 (-1.37%)
• ETH: $2,090.83 (+1.92%)
• BNB: $649.34 (-0.76%)

💡 學習點:
• BTC波動較大，需謹慎風險管理
• 市場橫盤整理，等待方向

🛡️ 風險提醒:
• 每筆交易不超過2%風險
• 設置止損保護資本
• 保持冷靜，按計劃操作

⏰ 下一報告: 10:44

⏳ 等待下次觀察 (60.0分鐘)...
✅ 數據已保存: /Users/gordonlui/.openclaw/workspace/crypto_monitor_data/data_20260208_0949.json

📊 第11次觀察完成
👀 09:49 加密貨幣觀察
────────────────────────────────────────
• BTC: $69,266.61 (-1.73%)
• ETH: $2,088.84 (+1.53%)
• BNB: $648.96 (-1.18%)

💡 學習點:
• BTC波動較大，需謹慎風險管理
• 市場橫盤整理，等待方向

🛡️ 風險提醒:
• 每筆交易不超過2%風險
• 設置止損保護資本
• 保持冷靜，按計劃操作

⏰ 下一報告: 10:49

⏳ 等待下次觀察 (60.0分鐘)...
✅ 數據已保存: /Users/gordonlui/.openclaw/workspace/crypto_monitor_data/data_20260208_0954.json

📊 第12次觀察完成
👀 09:54 加密貨幣觀察
────────────────────────────────────────
• BTC: $69,446.89 (-1.56%)
• ETH: $2,097.31 (+1.68%)
• BNB: $649.93 (-1.01%)

💡 學習點:
• BTC波動較大，需謹慎風險管理
• 市場橫盤整理，等待方向

🛡️ 風險提醒:
• 每筆交易不超過2%風險
• 設置止損保護資本
• 保持冷靜，按計劃操作

⏰ 下一報告: 10:54

⏳ 等待下次觀察 (60.0分鐘)...
✅ 數據已保存: /Users/gordonlui/.openclaw/workspace/crypto_monitor_data/data_20260208_0959.json

📊 第13次觀察完成
👀 09:59 加密貨幣觀察
────────────────────────────────────────
• BTC: $69,384.87 (-1.55%)
• ETH: $2,096.01 (+1.50%)
• BNB: $649.32 (-1.28%)

💡 學習點:
• BTC波動較大，需謹慎風險管理
• 市場橫盤整理，等待方向

🛡️ 風險提醒:
• 每筆交易不超過2%風險
• 設置止損保護資本
• 保持冷靜，按計劃操作

⏰ 下一報告: 10:59

⏳ 等待下次觀察 (60.0分鐘)...
✅ 數據已保存: /Users/gordonlui/.openclaw/workspace/crypto_monitor_data/data_20260208_1004.json

📊 第14次觀察完成
👀 10:04 加密貨幣觀察
────────────────────────────────────────
• BTC: $69,283.30 (-1.72%)
• ETH: $2,095.27 (+1.88%)
• BNB: $649.08 (-1.20%)

💡 學習點:
• BTC波動較大，需謹慎風險管理
• 市場橫盤整理，等待方向

🛡️ 風險提醒:
• 每筆交易不超過2%風險
• 設置止損保護資本
• 保持冷靜，按計劃操作

⏰ 下一報告: 11:04

⏳ 等待下次觀察 (60.0分鐘)...
✅ 數據已保存: /Users/gordonlui/.openclaw/workspace/crypto_monitor_data/data_20260208_1009.json

📊 第15次觀察完成
👀 10:09 加密貨幣觀察
────────────────────────────────────────
• BTC: $69,358.19 (-1.48%)
• ETH: $2,095.33 (+1.81%)
• BNB: $649.41 (-0.96%)

💡 學習點:
• BTC波動較大，需謹慎風險管理
• 市場橫盤整理，等待方向

🛡️ 風險提醒:
• 每筆交易不超過2%風險
• 設置止損保護資本
• 保持冷靜，按計劃操作

⏰ 下一報告: 11:09

⏳ 等待下次觀察 (60.0分鐘)...
✅ 數據已保存: /Users/gordonlui/.openclaw/workspace/crypto_monitor_data/data_20260208_1014.json

📊 第16次觀察完成
👀 10:14 加密貨幣觀察
────────────────────────────────────────
• BTC: $69,411.90 (-1.45%)
• ETH: $2,099.23 (+1.85%)
• BNB: $649.92 (-0.84%)

💡 學習點:
• BTC波動較大，需謹慎風險管理
• 市場橫盤整理，等待方向

🛡️ 風險提醒:
• 每筆交易不超過2%風險
• 設置止損保護資本
• 保持冷靜，按計劃操作

⏰ 下一報告: 11:14

⏳ 等待下次觀察 (60.0分鐘)...
✅ 數據已保存: /Users/gordonlui/.openclaw/workspace/crypto_monitor_data/data_20260208_1019.json

📊 第17次觀察完成
👀 10:19 加密貨幣觀察
────────────────────────────────────────
• BTC: $69,448.88 (-1.33%)
• ETH: $2,099.47 (+1.91%)
• BNB: $649.22 (-0.98%)

💡 學習點:
• BTC波動較大，需謹慎風險管理
• 市場橫盤整理，等待方向

🛡️ 風險提醒:
• 每筆交易不超過2%風險
• 設置止損保護資本
• 保持冷靜，按計劃操作

⏰ 下一報告: 11:19

⏳ 等待下次觀察 (60.0分鐘)...
✅ 數據已保存: /Users/gordonlui/.openclaw/workspace/crypto_monitor_data/data_20260208_1024.json

📊 第18次觀察完成
👀 10:24 加密貨幣觀察
────────────────────────────────────────
• BTC: $69,590.34 (-1.20%)
• ETH: $2,102.84 (+2.03%)
• BNB: $650.16 (-0.86%)

💡 學習點:
• BTC波動較大，需謹慎風險管理
• 市場橫盤整理，等待方向

🛡️ 風險提醒:
• 每筆交易不超過2%風險
• 設置止損保護資本
• 保持冷靜，按計劃操作

⏰ 下一報告: 11:24

⏳ 等待下次觀察 (60.0分鐘)...
✅ 數據已保存: /Users/gordonlui/.openclaw/workspace/crypto_monitor_data/data_20260208_1029.json

📊 第19次觀察完成
👀 10:29 加密貨幣觀察
────────────────────────────────────────
• BTC: $69,439.99 (-1.40%)
• ETH: $2,095.46 (+1.76%)
• BNB: $648.73 (-1.18%)

💡 學習點:
• BTC波動較大，需謹慎風險管理
• 市場橫盤整理，等待方向

🛡️ 風險提醒:
• 每筆交易不超過2%風險
• 設置止損保護資本
• 保持冷靜，按計劃操作

⏰ 下一報告: 11:29

⏳ 等待下次觀察 (60.0分鐘)...
✅ 數據已保存: /Users/gordonlui/.openclaw/workspace/crypto_monitor_data/data_20260208_1034.json

📊 第20次觀察完成
👀 10:34 加密貨幣觀察
────────────────────────────────────────
• BTC: $69,369.26 (-1.61%)
• ETH: $2,093.26 (+1.71%)
• BNB: $647.85 (-1.32%)

💡 學習點:
• BTC波動較大，需謹慎風險管理
• 市場橫盤整理，等待方向

🛡️ 風險提醒:
• 每筆交易不超過2%風險
• 設置止損保護資本
• 保持冷靜，按計劃操作

⏰ 下一報告: 11:34

⏳ 等待下次觀察 (60.0分鐘)...
✅ 數據已保存: /Users/gordonlui/.openclaw/workspace/crypto_monitor_data/data_20260208_1039.json

📊 第21次觀察完成
👀 10:39 加密貨幣觀察
────────────────────────────────────────
• BTC: $69,322.90 (-1.65%)
• ETH: $2,087.30 (+1.49%)
• BNB: $646.45 (-1.59%)

💡 學習點:
• BTC波動較大，需謹慎風險管理
• 市場橫盤整理，等待方向

🛡️ 風險提醒:
• 每筆交易不超過2%風險
• 設置止損保護資本
• 保持冷靜，按計劃操作

⏰ 下一報告: 11:39

⏳ 等待下次觀察 (60.0分鐘)...
✅ 數據已保存: /Users/gordonlui/.openclaw/workspace/crypto_monitor_data/data_20260208_1044.json

📊 第22次觀察完成
👀 10:44 加密貨幣觀察
────────────────────────────────────────
• BTC: $69,343.11 (-1.58%)
• ETH: $2,088.73 (+1.58%)
• BNB: $647.07 (-1.40%)

💡 學習點:
• BTC波動較大，需謹慎風險管理
• 市場橫盤整理，等待方向

🛡️ 風險提醒:
• 每筆交易不超過2%風險
• 設置止損保護資本
• 保持冷靜，按計劃操作

⏰ 下一報告: 11:44

⏳ 等待下次觀察 (60.0分鐘)...
✅ 數據已保存: /Users/gordonlui/.openclaw/workspace/crypto_monitor_data/data_20260208_1049.json

📊 第23次觀察完成
👀 10:49 加密貨幣觀察
────────────────────────────────────────
• BTC: $69,325.00 (-1.24%)
• ETH: $2,089.47 (+1.86%)
• BNB: $646.88 (-1.23%)

💡 學習點:
• BTC波動較大，需謹慎風險管理
• 市場橫盤整理，等待方向

🛡️ 風險提醒:
• 每筆交易不超過2%風險
• 設置止損保護資本
• 保持冷靜，按計劃操作

⏰ 下一報告: 11:49

⏳ 等待下次觀察 (60.0分鐘)...
✅ 數據已保存: /Users/gordonlui/.openclaw/workspace/crypto_monitor_data/data_20260208_1054.json

📊 第24次觀察完成
👀 10:54 加密貨幣觀察
────────────────────────────────────────
• BTC: $69,208.90 (-1.51%)
• ETH: $2,083.39 (+1.35%)
• BNB: $645.31 (-1.50%)

💡 學習點:
• BTC波動較大，需謹慎風險管理
• 市場橫盤整理，等待方向

🛡️ 風險提醒:
• 每筆交易不超過2%風險
• 設置止損保護資本
• 保持冷靜，按計劃操作

⏰ 下一報告: 11:54

⏳ 等待下次觀察 (60.0分鐘)...
✅ 數據已保存: /Users/gordonlui/.openclaw/workspace/crypto_monitor_data/data_20260208_1059.json

📊 第25次觀察完成
👀 10:59 加密貨幣觀察
────────────────────────────────────────
• BTC: $69,358.20 (-1.38%)
• ETH: $2,086.93 (+1.44%)
• BNB: $645.94 (-1.60%)

💡 學習點:
• BTC波動較大，需謹慎風險管理
• 市場橫盤整理，等待方向

🛡️ 風險提醒:
• 每筆交易不超過2%風險
• 設置止損保護資本
• 保持冷靜，按計劃操作

⏰ 下一報告: 11:59

⏳ 等待下次觀察 (60.0分鐘)...
✅ 數據已保存: /Users/gordonlui/.openclaw/workspace/crypto_monitor_data/data_20260208_1104.json

📊 第26次觀察完成
👀 11:04 加密貨幣觀察
────────────────────────────────────────
• BTC: $69,281.95 (-1.62%)
• ETH: $2,084.72 (+0.94%)
• BNB: $646.96 (-1.69%)

💡 學習點:
• BTC波動較大，需謹慎風險管理
• 市場橫盤整理，等待方向

🛡️ 風險提醒:
• 每筆交易不超過2%風險
• 設置止損保護資本
• 保持冷靜，按計劃操作

⏰ 下一報告: 12:04

⏳ 等待下次觀察 (60.0分鐘)...
✅ 數據已保存: /Users/gordonlui/.openclaw/workspace/crypto_monitor_data/data_20260208_1109.json

📊 第27次觀察完成
👀 11:09 加密貨幣觀察
────────────────────────────────────────
• BTC: $69,283.86 (-1.59%)
• ETH: $2,084.54 (+0.99%)
• BNB: $646.27 (-1.87%)

💡 學習點:
• BTC波動較大，需謹慎風險管理
• 市場橫盤整理，等待方向

🛡️ 風險提醒:
• 每筆交易不超過2%風險
• 設置止損保護資本
• 保持冷靜，按計劃操作

⏰ 下一報告: 12:09

⏳ 等待下次觀察 (60.0分鐘)...
✅ 數據已保存: /Users/gordonlui/.openclaw/workspace/crypto_monitor_data/data_20260208_1114.json

📊 第28次觀察完成
👀 11:14 加密貨幣觀察
────────────────────────────────────────
• BTC: $69,251.95 (-2.07%)
• ETH: $2,086.78 (+0.53%)
• BNB: $646.52 (-2.12%)

💡 學習點:
• BTC波動較大，需謹慎風險管理
• 市場整體下跌，情緒謹慎

🛡️ 風險提醒:
• 每筆交易不超過2%風險
• 設置止損保護資本
• 保持冷靜，按計劃操作

⏰ 下一報告: 12:14

⏳ 等待下次觀察 (60.0分鐘)...
✅ 數據已保存: /Users/gordonlui/.openclaw/workspace/crypto_monitor_data/data_20260208_1119.json

📊 第29次觀察完成
👀 11:19 加密貨幣觀察
────────────────────────────────────────
• BTC: $69,230.00 (-2.03%)
• ETH: $2,082.98 (+0.61%)
• BNB: $646.27 (-2.03%)

💡 學習點:
• BTC波動較大，需謹慎風險管理
• 市場整體下跌，情緒謹慎

🛡️ 風險提醒:
• 每筆交易不超過2%風險
• 設置止損保護資本
• 保持冷靜，按計劃操作

⏰ 下一報告: 12:19

⏳ 等待下次觀察 (60.0分鐘)...
✅ 數據已保存: /Users/gordonlui/.openclaw/workspace/crypto_monitor_data/data_20260208_1124.json

📊 第30次觀察完成
👀 11:24 加密貨幣觀察
────────────────────────────────────────
• BTC: $69,350.20 (-1.86%)
• ETH: $2,088.67 (+0.70%)
• BNB: $647.03 (-1.92%)

💡 學習點:
• BTC波動較大，需謹慎風險管理
• 市場整體下跌，情緒謹慎

🛡️ 風險提醒:
• 每筆交易不超過2%風險
• 設置止損保護資本
• 保持冷靜，按計劃操作

⏰ 下一報告: 12:24

⏳ 等待下次觀察 (60.0分鐘)...
✅ 數據已保存: /Users/gordonlui/.openclaw/workspace/crypto_monitor_data/data_20260208_1129.json

📊 第31次觀察完成
👀 11:29 加密貨幣觀察
────────────────────────────────────────
• BTC: $69,334.52 (-2.14%)
• ETH: $2,090.30 (+0.57%)
• BNB: $647.05 (-2.07%)

💡 學習點:
• BTC波動較大，需謹慎風險管理
• 市場整體下跌，情緒謹慎

🛡️ 風險提醒:
• 每筆交易不超過2%風險
• 設置止損保護資本
• 保持冷靜，按計劃操作

⏰ 下一報告: 12:29

⏳ 等待下次觀察 (60.0分鐘)...
✅ 數據已保存: /Users/gordonlui/.openclaw/workspace/crypto_monitor_data/data_20260208_1134.json

📊 第32次觀察完成
👀 11:34 加密貨幣觀察
────────────────────────────────────────
• BTC: $69,410.82 (-1.89%)
• ETH: $2,092.70 (+0.94%)
• BNB: $646.57 (-2.04%)

💡 學習點:
• BTC波動較大，需謹慎風險管理
• 市場橫盤整理，等待方向

🛡️ 風險提醒:
• 每筆交易不超過2%風險
• 設置止損保護資本
• 保持冷靜，按計劃操作

⏰ 下一報告: 12:34

⏳ 等待下次觀察 (60.0分鐘)...
✅ 數據已保存: /Users/gordonlui/.openclaw/workspace/crypto_monitor_data/data_20260208_1139.json

📊 第33次觀察完成
👀 11:39 加密貨幣觀察
────────────────────────────────────────
• BTC: $69,305.49 (-2.14%)
• ETH: $2,089.54 (+0.77%)
• BNB: $646.11 (-2.07%)

💡 學習點:
• BTC波動較大，需謹慎風險管理
• 市場整體下跌，情緒謹慎

🛡️ 風險提醒:
• 每筆交易不超過2%風險
• 設置止損保護資本
• 保持冷靜，按計劃操作

⏰ 下一報告: 12:39

⏳ 等待下次觀察 (60.0分鐘)...
✅ 數據已保存: /Users/gordonlui/.openclaw/workspace/crypto_monitor_data/data_20260208_1144.json

📊 第34次觀察完成
👀 11:44 加密貨幣觀察
────────────────────────────────────────
• BTC: $69,249.30 (-1.92%)
• ETH: $2,085.44 (+0.66%)
• BNB: $645.44 (-2.15%)

💡 學習點:
• BTC波動較大，需謹慎風險管理
• 市場整體下跌，情緒謹慎

🛡️ 風險提醒:
• 每筆交易不超過2%風險
• 設置止損保護資本
• 保持冷靜，按計劃操作

⏰ 下一報告: 12:44

⏳ 等待下次觀察 (60.0分鐘)...
✅ 數據已保存: /Users/gordonlui/.openclaw/workspace/crypto_monitor_data/data_20260208_1149.json

📊 第35次觀察完成
👀 11:49 加密貨幣觀察
────────────────────────────────────────
• BTC: $69,204.11 (-2.17%)
• ETH: $2,083.58 (+0.30%)
• BNB: $645.29 (-2.06%)

💡 學習點:
• BTC波動較大，需謹慎風險管理
• 市場整體下跌，情緒謹慎

🛡️ 風險提醒:
• 每筆交易不超過2%風險
• 設置止損保護資本
• 保持冷靜，按計劃操作

⏰ 下一報告: 12:49

⏳ 等待下次觀察 (60.0分鐘)...
✅ 數據已保存: /Users/gordonlui/.openclaw/workspace/crypto_monitor_data/data_20260208_1154.json

📊 第36次觀察完成
👀 11:54 加密貨幣觀察
────────────────────────────────────────
• BTC: $69,160.36 (-2.32%)
• ETH: $2,082.98 (+0.11%)
• BNB: $644.40 (-2.22%)

💡 學習點:
• BTC波動較大，需謹慎風險管理
• 市場整體下跌，情緒謹慎

🛡️ 風險提醒:
• 每筆交易不超過2%風險
• 設置止損保護資本
• 保持冷靜，按計劃操作

⏰ 下一報告: 12:54

⏳ 等待下次觀察 (60.0分鐘)...
✅ 數據已保存: /Users/gordonlui/.openclaw/workspace/crypto_monitor_data/data_20260208_1159.json

📊 第37次觀察完成
👀 11:59 加密貨幣觀察
────────────────────────────────────────
• BTC: $69,126.00 (-2.50%)
• ETH: $2,078.84 (-0.11%)
• BNB: $642.89 (-2.49%)

💡 學習點:
• BTC波動較大，需謹慎風險管理
• 市場整體下跌，情緒謹慎

🛡️ 風險提醒:
• 每筆交易不超過2%風險
• 設置止損保護資本
• 保持冷靜，按計劃操作

⏰ 下一報告: 12:59

⏳ 等待下次觀察 (60.0分鐘)...
✅ 數據已保存: /Users/gordonlui/.openclaw/workspace/crypto_monitor_data/data_20260208_1204.json

📊 第38次觀察完成
👀 12:04 加密貨幣觀察
────────────────────────────────────────
• BTC: $69,163.73 (-2.65%)
• ETH: $2,080.69 (-0.34%)
• BNB: $642.79 (-2.58%)

💡 學習點:
• BTC波動較大，需謹慎風險管理
• 市場整體下跌，情緒謹慎

🛡️ 風險提醒:
• 每筆交易不超過2%風險
• 設置止損保護資本
• 保持冷靜，按計劃操作

⏰ 下一報告: 13:04

⏳ 等待下次觀察 (60.0分鐘)...
✅ 數據已保存: /Users/gordonlui/.openclaw/workspace/crypto_monitor_data/data_20260208_1209.json

📊 第39次觀察完成
👀 12:09 加密貨幣觀察
────────────────────────────────────────
• BTC: $69,203.79 (-2.65%)
• ETH: $2,082.42 (-0.36%)
• BNB: $643.38 (-2.37%)

💡 學習點:
• BTC波動較大，需謹慎風險管理
• 市場整體下跌，情緒謹慎

🛡️ 風險提醒:
• 每筆交易不超過2%風險
• 設置止損保護資本
• 保持冷靜，按計劃操作

⏰ 下一報告: 13:09

⏳ 等待下次觀察 (60.0分鐘)...
✅ 數據已保存: /Users/gordonlui/.openclaw/workspace/crypto_monitor_data/data_20260208_1214.json

📊 第40次觀察完成
👀 12:14 加密貨幣觀察
────────────────────────────────────────
• BTC: $69,065.75 (-3.10%)
• ETH: $2,073.99 (-1.61%)
• BNB: $641.55 (-2.99%)

💡 學習點:
• BTC波動較大，需謹慎風險管理
• 市場整體下跌，情緒謹慎

🛡️ 風險提醒:
• 每筆交易不超過2%風險
• 設置止損保護資本
• 保持冷靜，按計劃操作

⏰ 下一報告: 13:14

⏳ 等待下次觀察 (60.0分鐘)...
✅ 數據已保存: /Users/gordonlui/.openclaw/workspace/crypto_monitor_data/data_20260208_1219.json

📊 第41次觀察完成
👀 12:19 加密貨幣觀察
────────────────────────────────────────
• BTC: $69,189.07 (-2.99%)
• ETH: $2,075.23 (-1.18%)
• BNB: $641.79 (-2.83%)

💡 學習點:
• BTC波動較大，需謹慎風險管理
• 市場整體下跌，情緒謹慎

🛡️ 風險提醒:
• 每筆交易不超過2%風險
• 設置止損保護資本
• 保持冷靜，按計劃操作

⏰ 下一報告: 13:19

⏳ 等待下次觀察 (60.0分鐘)...
✅ 數據已保存: /Users/gordonlui/.openclaw/workspace/crypto_monitor_data/data_20260208_1224.json

📊 第42次觀察完成
👀 12:24 加密貨幣觀察
────────────────────────────────────────
• BTC: $69,283.83 (-3.11%)
• ETH: $2,081.44 (-1.68%)
• BNB: $642.84 (-3.12%)

💡 學習點:
• BTC波動較大，需謹慎風險管理
• 市場整體下跌，情緒謹慎

🛡️ 風險提醒:
• 每筆交易不超過2%風險
• 設置止損保護資本
• 保持冷靜，按計劃操作

⏰ 下一報告: 13:24

⏳ 等待下次觀察 (60.0分鐘)...
✅ 數據已保存: /Users/gordonlui/.openclaw/workspace/crypto_monitor_data/data_20260208_1229.json

📊 第43次觀察完成
👀 12:29 加密貨幣觀察
────────────────────────────────────────
• BTC: $69,229.22 (-2.60%)
• ETH: $2,080.54 (-0.72%)
• BNB: $642.86 (-2.37%)

💡 學習點:
• BTC波動較大，需謹慎風險管理
• 市場整體下跌，情緒謹慎

🛡️ 風險提醒:
• 每筆交易不超過2%風險
• 設置止損保護資本
• 保持冷靜，按計劃操作

⏰ 下一報告: 13:29

⏳ 等待下次觀察 (60.0分鐘)...
✅ 數據已保存: /Users/gordonlui/.openclaw/workspace/crypto_monitor_data/data_20260208_1234.json

📊 第44次觀察完成
👀 12:34 加密貨幣觀察
────────────────────────────────────────
• BTC: $69,241.70 (-2.70%)
• ETH: $2,078.94 (-1.03%)
• BNB: $642.64 (-2.46%)

💡 學習點:
• BTC波動較大，需謹慎風險管理
• 市場整體下跌，情緒謹慎

🛡️ 風險提醒:
• 每筆交易不超過2%風險
• 設置止損保護資本
• 保持冷靜，按計劃操作

⏰ 下一報告: 13:34

⏳ 等待下次觀察 (60.0分鐘)...
✅ 數據已保存: /Users/gordonlui/.openclaw/workspace/crypto_monitor_data/data_20260208_1239.json

📊 第45次觀察完成
👀 12:39 加密貨幣觀察
────────────────────────────────────────
• BTC: $69,257.99 (-2.31%)
• ETH: $2,079.51 (-0.52%)
• BNB: $641.87 (-2.38%)

💡 學習點:
• BTC波動較大，需謹慎風險管理
• 市場整體下跌，情緒謹慎

🛡️ 風險提醒:
• 每筆交易不超過2%風險
• 設置止損保護資本
• 保持冷靜，按計劃操作

⏰ 下一報告: 13:39

⏳ 等待下次觀察 (60.0分鐘)...
✅ 數據已保存: /Users/gordonlui/.openclaw/workspace/crypto_monitor_data/data_20260208_1244.json

📊 第46次觀察完成
👀 12:44 加密貨幣觀察
────────────────────────────────────────
• BTC: $69,233.01 (-2.07%)
• ETH: $2,077.87 (-0.19%)
• BNB: $641.47 (-2.07%)

💡 學習點:
• BTC波動較大，需謹慎風險管理
• 市場整體下跌，情緒謹慎

🛡️ 風險提醒:
• 每筆交易不超過2%風險
• 設置止損保護資本
• 保持冷靜，按計劃操作

⏰ 下一報告: 13:44

⏳ 等待下次觀察 (60.0分鐘)...
✅ 數據已保存: /Users/gordonlui/.openclaw/workspace/crypto_monitor_data/data_20260208_1249.json

📊 第47次觀察完成
👀 12:49 加密貨幣觀察
────────────────────────────────────────
• BTC: $69,245.78 (-2.13%)
• ETH: $2,078.52 (-0.29%)
• BNB: $641.49 (-2.12%)

💡 學習點:
• BTC波動較大，需謹慎風險管理
• 市場整體下跌，情緒謹慎

🛡️ 風險提醒:
• 每筆交易不超過2%風險
• 設置止損保護資本
• 保持冷靜，按計劃操作

⏰ 下一報告: 13:49

⏳ 等待下次觀察 (60.0分鐘)...
✅ 數據已保存: /Users/gordonlui/.openclaw/workspace/crypto_monitor_data/data_20260208_1254.json

📊 第48次觀察完成
👀 12:54 加密貨幣觀察
────────────────────────────────────────
• BTC: $69,285.99 (-2.06%)
• ETH: $2,079.79 (-0.21%)
• BNB: $642.33 (-2.01%)

💡 學習點:
• BTC波動較大，需謹慎風險管理
• 市場整體下跌，情緒謹慎

🛡️ 風險提醒:
• 每筆交易不超過2%風險
• 設置止損保護資本
• 保持冷靜，按計劃操作

⏰ 下一報告: 13:54

⏳ 等待下次觀察 (60.0分鐘)...
✅ 數據已保存: /Users/gordonlui/.openclaw/workspace/crypto_monitor_data/data_20260208_1259.json

📊 第49次觀察完成
👀 12:59 加密貨幣觀察
────────────────────────────────────────
• BTC: $69,312.62 (-2.03%)
• ETH: $2,085.73 (-0.09%)
• BNB: $643.00 (-2.09%)

💡 學習點:
• BTC波動較大，需謹慎風險管理
• 市場整體下跌，情緒謹慎

🛡️ 風險提醒:
• 每筆交易不超過2%風險
• 設置止損保護資本
• 保持冷靜，按計劃操作

⏰ 下一報告: 13:59

⏳ 等待下次觀察 (60.0分鐘)...
✅ 數據已保存: /Users/gordonlui/.openclaw/workspace/crypto_monitor_data/data_20260208_1304.json

📊 第50次觀察完成
👀 13:04 加密貨幣觀察
────────────────────────────────────────
• BTC: $69,244.20 (-2.11%)
• ETH: $2,081.65 (-0.35%)
• BNB: $643.01 (-1.92%)

💡 學習點:
• BTC波動較大，需謹慎風險管理
• 市場整體下跌，情緒謹慎

🛡️ 風險提醒:
• 每筆交易不超過2%風險
• 設置止損保護資本
• 保持冷靜，按計劃操作

⏰ 下一報告: 14:04

⏳ 等待下次觀察 (60.0分鐘)...
✅ 數據已保存: /Users/gordonlui/.openclaw/workspace/crypto_monitor_data/data_20260208_1309.json

📊 第51次觀察完成
👀 13:09 加密貨幣觀察
────────────────────────────────────────
• BTC: $69,308.47 (-2.28%)
• ETH: $2,084.61 (-0.50%)
• BNB: $643.44 (-2.05%)

💡 學習點:
• BTC波動較大，需謹慎風險管理
• 市場整體下跌，情緒謹慎

🛡️ 風險提醒:
• 每筆交易不超過2%風險
• 設置止損保護資本
• 保持冷靜，按計劃操作

⏰ 下一報告: 14:09

⏳ 等待下次觀察 (60.0分鐘)...
✅ 數據已保存: /Users/gordonlui/.openclaw/workspace/crypto_monitor_data/data_20260208_1314.json

📊 第52次觀察完成
👀 13:14 加密貨幣觀察
────────────────────────────────────────
• BTC: $69,382.39 (-2.17%)
• ETH: $2,087.50 (-0.26%)
• BNB: $644.37 (-1.94%)

💡 學習點:
• BTC波動較大，需謹慎風險管理
• 市場整體下跌，情緒謹慎

🛡️ 風險提醒:
• 每筆交易不超過2%風險
• 設置止損保護資本
• 保持冷靜，按計劃操作

⏰ 下一報告: 14:14

⏳ 等待下次觀察 (60.0分鐘)...
✅ 數據已保存: /Users/gordonlui/.openclaw/workspace/crypto_monitor_data/data_20260208_1319.json

📊 第53次觀察完成
👀 13:19 加密貨幣觀察
────────────────────────────────────────
• BTC: $69,358.61 (-2.40%)
• ETH: $2,085.51 (-0.61%)
• BNB: $644.54 (-2.06%)

💡 學習點:
• BTC波動較大，需謹慎風險管理
• 市場整體下跌，情緒謹慎

🛡️ 風險提醒:
• 每筆交易不超過2%風險
• 設置止損保護資本
• 保持冷靜，按計劃操作

⏰ 下一報告: 14:19

⏳ 等待下次觀察 (60.0分鐘)...
✅ 數據已保存: /Users/gordonlui/.openclaw/workspace/crypto_monitor_data/data_20260208_1324.json

📊 第54次觀察完成
👀 13:24 加密貨幣觀察
────────────────────────────────────────
• BTC: $69,277.33 (-2.57%)
• ETH: $2,086.51 (-0.75%)
• BNB: $643.23 (-2.39%)

💡 學習點:
• BTC波動較大，需謹慎風險管理
• 市場整體下跌，情緒謹慎

🛡️ 風險提醒:
• 每筆交易不超過2%風險
• 設置止損保護資本
• 保持冷靜，按計劃操作

⏰ 下一報告: 14:24

⏳ 等待下次觀察 (60.0分鐘)...
✅ 數據已保存: /Users/gordonlui/.openclaw/workspace/crypto_monitor_data/data_20260208_1329.json

📊 第55次觀察完成
👀 13:29 加密貨幣觀察
────────────────────────────────────────
• BTC: $69,275.00 (-1.50%)
• ETH: $2,085.23 (-0.06%)
• BNB: $642.99 (-1.82%)

💡 學習點:
• BTC波動較大，需謹慎風險管理
• 市場整體下跌，情緒謹慎

🛡️ 風險提醒:
• 每筆交易不超過2%風險
• 設置止損保護資本
• 保持冷靜，按計劃操作

⏰ 下一報告: 14:29

⏳ 等待下次觀察 (60.0分鐘)...
✅ 數據已保存: /Users/gordonlui/.openclaw/workspace/crypto_monitor_data/data_20260208_1334.json

📊 第56次觀察完成
👀 13:34 加密貨幣觀察
────────────────────────────────────────
• BTC: $69,204.10 (-1.42%)
• ETH: $2,080.42 (-0.26%)
• BNB: $642.80 (-1.86%)

💡 學習點:
• BTC波動較大，需謹慎風險管理
• 市場整體下跌，情緒謹慎

🛡️ 風險提醒:
• 每筆交易不超過2%風險
• 設置止損保護資本
• 保持冷靜，按計劃操作

⏰ 下一報告: 14:34

⏳ 等待下次觀察 (60.0分鐘)...
✅ 數據已保存: /Users/gordonlui/.openclaw/workspace/crypto_monitor_data/data_20260208_1339.json

📊 第57次觀察完成
👀 13:39 加密貨幣觀察
────────────────────────────────────────
• BTC: $69,251.61 (-1.35%)
• ETH: $2,082.27 (-0.15%)
• BNB: $642.63 (-1.70%)

💡 學習點:
• BTC波動較大，需謹慎風險管理
• 市場整體下跌，情緒謹慎

🛡️ 風險提醒:
• 每筆交易不超過2%風險
• 設置止損保護資本
• 保持冷靜，按計劃操作

⏰ 下一報告: 14:39

⏳ 等待下次觀察 (60.0分鐘)...
✅ 數據已保存: /Users/gordonlui/.openclaw/workspace/crypto_monitor_data/data_20260208_1344.json

📊 第58次觀察完成
👀 13:44 加密貨幣觀察
────────────────────────────────────────
• BTC: $69,191.07 (-1.49%)
• ETH: $2,084.08 (-0.08%)
• BNB: $642.90 (-1.81%)

💡 學習點:
• BTC波動較大，需謹慎風險管理
• 市場整體下跌，情緒謹慎

🛡️ 風險提醒:
• 每筆交易不超過2%風險
• 設置止損保護資本
• 保持冷靜，按計劃操作

⏰ 下一報告: 14:44

⏳ 等待下次觀察 (60.0分鐘)...
✅ 數據已保存: /Users/gordonlui/.openclaw/workspace/crypto_monitor_data/data_20260208_1349.json

📊 第59次觀察完成
👀 13:49 加密貨幣觀察
────────────────────────────────────────
• BTC: $69,213.65 (-1.43%)
• ETH: $2,083.76 (-0.09%)
• BNB: $642.82 (-1.61%)

💡 學習點:
• BTC波動較大，需謹慎風險管理
• 市場整體下跌，情緒謹慎

🛡️ 風險提醒:
• 每筆交易不超過2%風險
• 設置止損保護資本
• 保持冷靜，按計劃操作

⏰ 下一報告: 14:49

⏳ 等待下次觀察 (60.0分鐘)...
✅ 數據已保存: /Users/gordonlui/.openclaw/workspace/crypto_monitor_data/data_20260208_1354.json

📊 第60次觀察完成
👀 13:54 加密貨幣觀察
────────────────────────────────────────
• BTC: $69,224.00 (-1.15%)
• ETH: $2,084.77 (+0.17%)
• BNB: $642.33 (-1.68%)

💡 學習點:
• BTC波動較大，需謹慎風險管理
• 市場橫盤整理，等待方向

🛡️ 風險提醒:
• 每筆交易不超過2%風險
• 設置止損保護資本
• 保持冷靜，按計劃操作

⏰ 下一報告: 14:54

⏳ 等待下次觀察 (60.0分鐘)...
✅ 數據已保存: /Users/gordonlui/.openclaw/workspace/crypto_monitor_data/data_20260208_1359.json

📊 第61次觀察完成
👀 13:59 加密貨幣觀察
────────────────────────────────────────
• BTC: $69,222.31 (-1.30%)
• ETH: $2,084.87 (+0.10%)
• BNB: $643.04 (-1.71%)

💡 學習點:
• BTC波動較大，需謹慎風險管理
• 市場橫盤整理，等待方向

🛡️ 風險提醒:
• 每筆交易不超過2%風險
• 設置止損保護資本
• 保持冷靜，按計劃操作

⏰ 下一報告: 14:59

⏳ 等待下次觀察 (60.0分鐘)...
✅ 數據已保存: /Users/gordonlui/.openclaw/workspace/crypto_monitor_data/data_20260208_1404.json

📊 第62次觀察完成
👀 14:04 加密貨幣觀察
────────────────────────────────────────
• BTC: $69,092.66 (-1.53%)
• ETH: $2,080.62 (-0.17%)
• BNB: $642.96 (-1.76%)

💡 學習點:
• BTC波動較大，需謹慎風險管理
• 市場整體下跌，情緒謹慎

🛡️ 風險提醒:
• 每筆交易不超過2%風險
• 設置止損保護資本
• 保持冷靜，按計劃操作

⏰ 下一報告: 15:04

⏳ 等待下次觀察 (60.0分鐘)...
✅ 數據已保存: /Users/gordonlui/.openclaw/workspace/crypto_monitor_data/data_20260208_1409.json

📊 第63次觀察完成
👀 14:09 加密貨幣觀察
────────────────────────────────────────
• BTC: $69,139.36 (-1.43%)
• ETH: $2,080.61 (-0.36%)
• BNB: $641.94 (-2.06%)

💡 學習點:
• BTC波動較大，需謹慎風險管理
• 市場整體下跌，情緒謹慎

🛡️ 風險提醒:
• 每筆交易不超過2%風險
• 設置止損保護資本
• 保持冷靜，按計劃操作

⏰ 下一報告: 15:09

⏳ 等待下次觀察 (60.0分鐘)...
✅ 數據已保存: /Users/gordonlui/.openclaw/workspace/crypto_monitor_data/data_20260208_1414.json

📊 第64次觀察完成
👀 14:14 加密貨幣觀察
────────────────────────────────────────
• BTC: $69,368.00 (-1.01%)
• ETH: $2,086.64 (+0.20%)
• BNB: $643.59 (-1.76%)

💡 學習點:
• BTC波動較大，需謹慎風險管理
• 市場橫盤整理，等待方向

🛡️ 風險提醒:
• 每筆交易不超過2%風險
• 設置止損保護資本
• 保持冷靜，按計劃操作

⏰ 下一報告: 15:14

⏳ 等待下次觀察 (60.0分鐘)...
✅ 數據已保存: /Users/gordonlui/.openclaw/workspace/crypto_monitor_data/data_20260208_1419.json

📊 第65次觀察完成
👀 14:19 加密貨幣觀察
────────────────────────────────────────
• BTC: $69,385.50 (-0.85%)
• ETH: $2,088.04 (+0.66%)
• BNB: $643.57 (-1.39%)

💡 學習點:
• BTC波動較大，需謹慎風險管理
• 市場橫盤整理，等待方向

🛡️ 風險提醒:
• 每筆交易不超過2%風險
• 設置止損保護資本
• 保持冷靜，按計劃操作

⏰ 下一報告: 15:19

⏳ 等待下次觀察 (60.0分鐘)...
✅ 數據已保存: /Users/gordonlui/.openclaw/workspace/crypto_monitor_data/data_20260208_1424.json

📊 第66次觀察完成
👀 14:24 加密貨幣觀察
────────────────────────────────────────
• BTC: $69,384.23 (-1.06%)
• ETH: $2,086.57 (+0.43%)
• BNB: $643.46 (-1.49%)

💡 學習點:
• BTC波動較大，需謹慎風險管理
• 市場橫盤整理，等待方向

🛡️ 風險提醒:
• 每筆交易不超過2%風險
• 設置止損保護資本
• 保持冷靜，按計劃操作

⏰ 下一報告: 15:24

⏳ 等待下次觀察 (60.0分鐘)...
✅ 數據已保存: /Users/gordonlui/.openclaw/workspace/crypto_monitor_data/data_20260208_1430.json

📊 第67次觀察完成
👀 14:30 加密貨幣觀察
────────────────────────────────────────
• BTC: $69,391.36 (-1.19%)
• ETH: $2,087.30 (+0.38%)
• BNB: $643.78 (-1.43%)

💡 學習點:
• BTC波動較大，需謹慎風險管理
• 市場橫盤整理，等待方向

🛡️ 風險提醒:
• 每筆交易不超過2%風險
• 設置止損保護資本
• 保持冷靜，按計劃操作

⏰ 下一報告: 15:30

⏳ 等待下次觀察 (60.0分鐘)...
✅ 數據已保存: /Users/gordonlui/.openclaw/workspace/crypto_monitor_data/data_20260208_1435.json

📊 第68次觀察完成
👀 14:35 加密貨幣觀察
────────────────────────────────────────
• BTC: $69,273.70 (-1.32%)
• ETH: $2,083.63 (+0.15%)
• BNB: $642.49 (-1.64%)

💡 學習點:
• BTC波動較大，需謹慎風險管理
• 市場橫盤整理，等待方向

🛡️ 風險提醒:
• 每筆交易不超過2%風險
• 設置止損保護資本
• 保持冷靜，按計劃操作

⏰ 下一報告: 15:35

⏳ 等待下次觀察 (60.0分鐘)...
✅ 數據已保存: /Users/gordonlui/.openclaw/workspace/crypto_monitor_data/data_20260208_1440.json

📊 第69次觀察完成
👀 14:40 加密貨幣觀察
────────────────────────────────────────
• BTC: $69,327.77 (-1.28%)
• ETH: $2,084.44 (+0.05%)
• BNB: $642.79 (-1.61%)

💡 學習點:
• BTC波動較大，需謹慎風險管理
• 市場橫盤整理，等待方向

🛡️ 風險提醒:
• 每筆交易不超過2%風險
• 設置止損保護資本
• 保持冷靜，按計劃操作

⏰ 下一報告: 15:40

⏳ 等待下次觀察 (60.0分鐘)...
✅ 數據已保存: /Users/gordonlui/.openclaw/workspace/crypto_monitor_data/data_20260208_1445.json

📊 第70次觀察完成
👀 14:45 加密貨幣觀察
────────────────────────────────────────
• BTC: $69,309.22 (-1.09%)
• ETH: $2,081.46 (+0.16%)
• BNB: $642.38 (-1.49%)

💡 學習點:
• BTC波動較大，需謹慎風險管理
• 市場橫盤整理，等待方向

🛡️ 風險提醒:
• 每筆交易不超過2%風險
• 設置止損保護資本
• 保持冷靜，按計劃操作

⏰ 下一報告: 15:45

⏳ 等待下次觀察 (60.0分鐘)...
✅ 數據已保存: /Users/gordonlui/.openclaw/workspace/crypto_monitor_data/data_20260208_1450.json

📊 第71次觀察完成
👀 14:50 加密貨幣觀察
────────────────────────────────────────
• BTC: $69,340.55 (-0.79%)
• ETH: $2,079.17 (+0.22%)
• BNB: $642.32 (-1.38%)

💡 學習點:
• BTC波動較大，需謹慎風險管理
• 市場橫盤整理，等待方向

🛡️ 風險提醒:
• 每筆交易不超過2%風險
• 設置止損保護資本
• 保持冷靜，按計劃操作

⏰ 下一報告: 15:50

⏳ 等待下次觀察 (60.0分鐘)...
✅ 數據已保存: /Users/gordonlui/.openclaw/workspace/crypto_monitor_data/data_20260208_1455.json

📊 第72次觀察完成
👀 14:55 加密貨幣觀察
────────────────────────────────────────
• BTC: $69,336.61 (-0.05%)
• ETH: $2,079.54 (+0.79%)
• BNB: $641.97 (-0.88%)

💡 學習點:
• BTC波動較大，需謹慎風險管理
• 市場橫盤整理，等待方向

🛡️ 風險提醒:
• 每筆交易不超過2%風險
• 設置止損保護資本
• 保持冷靜，按計劃操作

⏰ 下一報告: 15:55

⏳ 等待下次觀察 (60.0分鐘)...
✅ 數據已保存: /Users/gordonlui/.openclaw/workspace/crypto_monitor_data/data_20260208_1500.json

📊 第73次觀察完成
👀 15:00 加密貨幣觀察
────────────────────────────────────────
• BTC: $69,357.31 (+0.83%)
• ETH: $2,079.21 (+1.52%)
• BNB: $640.58 (-0.43%)

💡 學習點:
• BTC波動較大，需謹慎風險管理
• 市場橫盤整理，等待方向

🛡️ 風險提醒:
• 每筆交易不超過2%風險
• 設置止損保護資本
• 保持冷靜，按計劃操作

⏰ 下一報告: 16:00

⏳ 等待下次觀察 (60.0分鐘)...
✅ 數據已保存: /Users/gordonlui/.openclaw/workspace/crypto_monitor_data/data_20260208_1505.json

📊 第74次觀察完成
👀 15:05 加密貨幣觀察
────────────────────────────────────────
• BTC: $69,332.74 (+0.68%)
• ETH: $2,078.94 (+1.65%)
• BNB: $640.10 (-0.61%)

💡 學習點:
• BTC波動較大，需謹慎風險管理
• 市場橫盤整理，等待方向

🛡️ 風險提醒:
• 每筆交易不超過2%風險
• 設置止損保護資本
• 保持冷靜，按計劃操作

⏰ 下一報告: 16:05

⏳ 等待下次觀察 (60.0分鐘)...
✅ 數據已保存: /Users/gordonlui/.openclaw/workspace/crypto_monitor_data/data_20260208_1510.json

📊 第75次觀察完成
👀 15:10 加密貨幣觀察
────────────────────────────────────────
• BTC: $69,245.27 (+1.02%)
• ETH: $2,070.72 (+1.78%)
• BNB: $639.45 (-0.23%)

💡 學習點:
• BTC波動較大，需謹慎風險管理
• 市場橫盤整理，等待方向

🛡️ 風險提醒:
• 每筆交易不超過2%風險
• 設置止損保護資本
• 保持冷靜，按計劃操作

⏰ 下一報告: 16:10

⏳ 等待下次觀察 (60.0分鐘)...
✅ 數據已保存: /Users/gordonlui/.openclaw/workspace/crypto_monitor_data/data_20260208_1515.json

📊 第76次觀察完成
👀 15:15 加密貨幣觀察
────────────────────────────────────────
• BTC: $69,410.00 (+1.97%)
• ETH: $2,076.49 (+2.80%)
• BNB: $641.25 (+0.64%)

💡 學習點:
• BTC波動較大，需謹慎風險管理
• 市場整體上漲，情緒積極

🛡️ 風險提醒:
• 每筆交易不超過2%風險
• 設置止損保護資本
• 保持冷靜，按計劃操作

⏰ 下一報告: 16:15

⏳ 等待下次觀察 (60.0分鐘)...
✅ 數據已保存: /Users/gordonlui/.openclaw/workspace/crypto_monitor_data/data_20260208_1520.json

📊 第77次觀察完成
👀 15:20 加密貨幣觀察
────────────────────────────────────────
• BTC: $69,441.65 (+2.41%)
• ETH: $2,075.06 (+3.30%)
• BNB: $641.81 (+1.06%)

💡 學習點:
• BTC波動較大，需謹慎風險管理
• 市場整體上漲，情緒積極

🛡️ 風險提醒:
• 每筆交易不超過2%風險
• 設置止損保護資本
• 保持冷靜，按計劃操作

⏰ 下一報告: 16:20

⏳ 等待下次觀察 (60.0分鐘)...
✅ 數據已保存: /Users/gordonlui/.openclaw/workspace/crypto_monitor_data/data_20260208_1525.json

📊 第78次觀察完成
👀 15:25 加密貨幣觀察
────────────────────────────────────────
• BTC: $69,493.22 (+2.53%)
• ETH: $2,074.60 (+3.16%)
• BNB: $640.08 (+0.62%)

💡 學習點:
• BTC波動較大，需謹慎風險管理
• 市場整體上漲，情緒積極

🛡️ 風險提醒:
• 每筆交易不超過2%風險
• 設置止損保護資本
• 保持冷靜，按計劃操作

⏰ 下一報告: 16:25

⏳ 等待下次觀察 (60.0分鐘)...
✅ 數據已保存: /Users/gordonlui/.openclaw/workspace/crypto_monitor_data/data_20260208_1530.json

📊 第79次觀察完成
👀 15:30 加密貨幣觀察
────────────────────────────────────────
• BTC: $69,467.76 (+2.18%)
• ETH: $2,074.65 (+2.55%)
• BNB: $640.83 (+0.44%)

💡 學習點:
• BTC波動較大，需謹慎風險管理
• 市場整體上漲，情緒積極

🛡️ 風險提醒:
• 每筆交易不超過2%風險
• 設置止損保護資本
• 保持冷靜，按計劃操作

⏰ 下一報告: 16:30

⏳ 等待下次觀察 (60.0分鐘)...
✅ 數據已保存: /Users/gordonlui/.openclaw/workspace/crypto_monitor_data/data_20260208_1535.json

📊 第80次觀察完成
👀 15:35 加密貨幣觀察
────────────────────────────────────────
• BTC: $69,584.85 (+2.89%)
• ETH: $2,080.00 (+3.28%)
• BNB: $642.10 (+1.03%)

💡 學習點:
• BTC波動較大，需謹慎風險管理
• 市場整體上漲，情緒積極

🛡️ 風險提醒:
• 每筆交易不超過2%風險
• 設置止損保護資本
• 保持冷靜，按計劃操作

⏰ 下一報告: 16:35

⏳ 等待下次觀察 (60.0分鐘)...
✅ 數據已保存: /Users/gordonlui/.openclaw/workspace/crypto_monitor_data/data_20260208_1540.json

📊 第81次觀察完成
👀 15:40 加密貨幣觀察
────────────────────────────────────────
• BTC: $69,547.93 (+2.19%)
• ETH: $2,078.73 (+2.92%)
• BNB: $642.54 (+0.86%)

💡 學習點:
• BTC波動較大，需謹慎風險管理
• 市場整體上漲，情緒積極

🛡️ 風險提醒:
• 每筆交易不超過2%風險
• 設置止損保護資本
• 保持冷靜，按計劃操作

⏰ 下一報告: 16:40

⏳ 等待下次觀察 (60.0分鐘)...
✅ 數據已保存: /Users/gordonlui/.openclaw/workspace/crypto_monitor_data/data_20260208_1545.json

📊 第82次觀察完成
👀 15:45 加密貨幣觀察
────────────────────────────────────────
• BTC: $69,518.90 (+1.50%)
• ETH: $2,078.22 (+2.28%)
• BNB: $641.63 (+0.10%)

💡 學習點:
• BTC波動較大，需謹慎風險管理
• 市場整體上漲，情緒積極

🛡️ 風險提醒:
• 每筆交易不超過2%風險
• 設置止損保護資本
• 保持冷靜，按計劃操作

⏰ 下一報告: 16:45

⏳ 等待下次觀察 (60.0分鐘)...
✅ 數據已保存: /Users/gordonlui/.openclaw/workspace/crypto_monitor_data/data_20260208_1550.json

📊 第83次觀察完成
👀 15:50 加密貨幣觀察
────────────────────────────────────────
• BTC: $69,583.66 (+2.07%)
• ETH: $2,080.60 (+2.50%)
• BNB: $642.21 (+0.38%)

💡 學習點:
• BTC波動較大，需謹慎風險管理
• 市場整體上漲，情緒積極

🛡️ 風險提醒:
• 每筆交易不超過2%風險
• 設置止損保護資本
• 保持冷靜，按計劃操作

⏰ 下一報告: 16:50

⏳ 等待下次觀察 (60.0分鐘)...
✅ 數據已保存: /Users/gordonlui/.openclaw/workspace/crypto_monitor_data/data_20260208_1555.json

📊 第84次觀察完成
👀 15:55 加密貨幣觀察
────────────────────────────────────────
• BTC: $69,624.00 (+2.08%)
• ETH: $2,081.27 (+2.55%)
• BNB: $643.10 (+0.54%)

💡 學習點:
• BTC波動較大，需謹慎風險管理
• 市場整體上漲，情緒積極

🛡️ 風險提醒:
• 每筆交易不超過2%風險
• 設置止損保護資本
• 保持冷靜，按計劃操作

⏰ 下一報告: 16:55

⏳ 等待下次觀察 (60.0分鐘)...
✅ 數據已保存: /Users/gordonlui/.openclaw/workspace/crypto_monitor_data/data_20260208_1600.json

📊 第85次觀察完成
👀 16:00 加密貨幣觀察
────────────────────────────────────────
• BTC: $69,709.22 (+2.40%)
• ETH: $2,084.12 (+2.90%)
• BNB: $643.20 (+0.70%)

💡 學習點:
• BTC波動較大，需謹慎風險管理
• 市場整體上漲，情緒積極

🛡️ 風險提醒:
• 每筆交易不超過2%風險
• 設置止損保護資本
• 保持冷靜，按計劃操作

⏰ 下一報告: 17:00

⏳ 等待下次觀察 (60.0分鐘)...
✅ 數據已保存: /Users/gordonlui/.openclaw/workspace/crypto_monitor_data/data_20260208_1605.json

📊 第86次觀察完成
👀 16:05 加密貨幣觀察
────────────────────────────────────────
• BTC: $69,797.48 (+2.40%)
• ETH: $2,084.96 (+2.80%)
• BNB: $644.49 (+0.77%)

💡 學習點:
• BTC波動較大，需謹慎風險管理
• 市場整體上漲，情緒積極

🛡️ 風險提醒:
• 每筆交易不超過2%風險
• 設置止損保護資本
• 保持冷靜，按計劃操作

⏰ 下一報告: 17:05

⏳ 等待下次觀察 (60.0分鐘)...
✅ 數據已保存: /Users/gordonlui/.openclaw/workspace/crypto_monitor_data/data_20260208_1610.json

📊 第87次觀察完成
👀 16:10 加密貨幣觀察
────────────────────────────────────────
• BTC: $69,724.54 (+2.50%)
• ETH: $2,082.65 (+2.92%)
• BNB: $643.56 (+0.87%)

💡 學習點:
• BTC波動較大，需謹慎風險管理
• 市場整體上漲，情緒積極

🛡️ 風險提醒:
• 每筆交易不超過2%風險
• 設置止損保護資本
• 保持冷靜，按計劃操作

⏰ 下一報告: 17:10

⏳ 等待下次觀察 (60.0分鐘)...
✅ 數據已保存: /Users/gordonlui/.openclaw/workspace/crypto_monitor_data/data_20260208_1615.json

📊 第88次觀察完成
👀 16:15 加密貨幣觀察
────────────────────────────────────────
• BTC: $69,622.43 (+1.99%)
• ETH: $2,081.69 (+2.88%)
• BNB: $642.55 (+0.51%)

💡 學習點:
• BTC波動較大，需謹慎風險管理
• 市場整體上漲，情緒積極

🛡️ 風險提醒:
• 每筆交易不超過2%風險
• 設置止損保護資本
• 保持冷靜，按計劃操作

⏰ 下一報告: 17:15

⏳ 等待下次觀察 (60.0分鐘)...
✅ 數據已保存: /Users/gordonlui/.openclaw/workspace/crypto_monitor_data/data_20260208_1620.json

📊 第89次觀察完成
👀 16:20 加密貨幣觀察
────────────────────────────────────────
• BTC: $69,559.82 (+1.81%)
• ETH: $2,080.68 (+2.92%)
• BNB: $641.40 (+0.35%)

💡 學習點:
• BTC波動較大，需謹慎風險管理
• 市場整體上漲，情緒積極

🛡️ 風險提醒:
• 每筆交易不超過2%風險
• 設置止損保護資本
• 保持冷靜，按計劃操作

⏰ 下一報告: 17:20

⏳ 等待下次觀察 (60.0分鐘)...
✅ 數據已保存: /Users/gordonlui/.openclaw/workspace/crypto_monitor_data/data_20260208_1625.json

📊 第90次觀察完成
👀 16:25 加密貨幣觀察
────────────────────────────────────────
• BTC: $70,059.21 (+2.30%)
• ETH: $2,097.00 (+3.50%)
• BNB: $645.70 (+1.00%)

💡 學習點:
• BTC波動較大，需謹慎風險管理
• 市場整體上漲，情緒積極

🛡️ 風險提醒:
• 每筆交易不超過2%風險
• 設置止損保護資本
• 保持冷靜，按計劃操作

⏰ 下一報告: 17:25

⏳ 等待下次觀察 (60.0分鐘)...
✅ 數據已保存: /Users/gordonlui/.openclaw/workspace/crypto_monitor_data/data_20260208_1630.json

📊 第91次觀察完成
👀 16:30 加密貨幣觀察
────────────────────────────────────────
• BTC: $70,194.39 (+2.59%)
• ETH: $2,101.63 (+3.99%)
• BNB: $646.37 (+1.07%)

💡 學習點:
• BTC波動較大，需謹慎風險管理
• 市場整體上漲，情緒積極

🛡️ 風險提醒:
• 每筆交易不超過2%風險
• 設置止損保護資本
• 保持冷靜，按計劃操作

⏰ 下一報告: 17:30

⏳ 等待下次觀察 (60.0分鐘)...
✅ 數據已保存: /Users/gordonlui/.openclaw/workspace/crypto_monitor_data/data_20260208_1635.json

📊 第92次觀察完成
👀 16:35 加密貨幣觀察
────────────────────────────────────────
• BTC: $70,648.81 (+2.97%)
• ETH: $2,118.98 (+4.74%)
• BNB: $650.38 (+1.68%)

💡 學習點:
• BTC波動較大，需謹慎風險管理
• 市場整體上漲，情緒積極

🛡️ 風險提醒:
• 每筆交易不超過2%風險
• 設置止損保護資本
• 保持冷靜，按計劃操作

⏰ 下一報告: 17:35

⏳ 等待下次觀察 (60.0分鐘)...
✅ 數據已保存: /Users/gordonlui/.openclaw/workspace/crypto_monitor_data/data_20260208_1640.json

📊 第93次觀察完成
👀 16:40 加密貨幣觀察
────────────────────────────────────────
• BTC: $70,424.25 (+3.04%)
• ETH: $2,111.98 (+4.67%)
• BNB: $649.06 (+1.48%)

💡 學習點:
• BTC波動較大，需謹慎風險管理
• 市場整體上漲，情緒積極

🛡️ 風險提醒:
• 每筆交易不超過2%風險
• 設置止損保護資本
• 保持冷靜，按計劃操作

⏰ 下一報告: 17:40

⏳ 等待下次觀察 (60.0分鐘)...
✅ 數據已保存: /Users/gordonlui/.openclaw/workspace/crypto_monitor_data/data_20260208_1645.json

📊 第94次觀察完成
👀 16:45 加密貨幣觀察
────────────────────────────────────────
• BTC: $70,363.99 (+2.89%)
• ETH: $2,109.03 (+4.36%)
• BNB: $648.77 (+1.41%)

💡 學習點:
• BTC波動較大，需謹慎風險管理
• 市場整體上漲，情緒積極

🛡️ 風險提醒:
• 每筆交易不超過2%風險
• 設置止損保護資本
• 保持冷靜，按計劃操作

⏰ 下一報告: 17:45

⏳ 等待下次觀察 (60.0分鐘)...
✅ 數據已保存: /Users/gordonlui/.openclaw/workspace/crypto_monitor_data/data_20260208_1650.json

📊 第95次觀察完成
👀 16:50 加密貨幣觀察
────────────────────────────────────────
• BTC: $70,558.50 (+2.91%)
• ETH: $2,114.11 (+4.47%)
• BNB: $649.88 (+1.58%)

💡 學習點:
• BTC波動較大，需謹慎風險管理
• 市場整體上漲，情緒積極

🛡️ 風險提醒:
• 每筆交易不超過2%風險
• 設置止損保護資本
• 保持冷靜，按計劃操作

⏰ 下一報告: 17:50

⏳ 等待下次觀察 (60.0分鐘)...
✅ 數據已保存: /Users/gordonlui/.openclaw/workspace/crypto_monitor_data/data_20260208_1655.json

📊 第96次觀察完成
👀 16:55 加密貨幣觀察
────────────────────────────────────────
• BTC: $70,553.12 (+2.86%)
• ETH: $2,112.74 (+4.36%)
• BNB: $649.32 (+1.37%)

💡 學習點:
• BTC波動較大，需謹慎風險管理
• 市場整體上漲，情緒積極

🛡️ 風險提醒:
• 每筆交易不超過2%風險
• 設置止損保護資本
• 保持冷靜，按計劃操作

⏰ 下一報告: 17:55

⏳ 等待下次觀察 (60.0分鐘)...
✅ 數據已保存: /Users/gordonlui/.openclaw/workspace/crypto_monitor_data/data_20260208_1700.json

📊 第97次觀察完成
👀 17:00 加密貨幣觀察
────────────────────────────────────────
• BTC: $70,649.87 (+3.15%)
• ETH: $2,115.54 (+4.72%)
• BNB: $649.93 (+1.50%)

💡 學習點:
• BTC波動較大，需謹慎風險管理
• 市場整體上漲，情緒積極

🛡️ 風險提醒:
• 每筆交易不超過2%風險
• 設置止損保護資本
• 保持冷靜，按計劃操作

⏰ 下一報告: 18:00

⏳ 等待下次觀察 (60.0分鐘)...
✅ 數據已保存: /Users/gordonlui/.openclaw/workspace/crypto_monitor_data/data_20260208_1705.json

📊 第98次觀察完成
👀 17:05 加密貨幣觀察
────────────────────────────────────────
• BTC: $70,521.66 (+2.85%)
• ETH: $2,113.50 (+4.50%)
• BNB: $649.15 (+1.58%)

💡 學習點:
• BTC波動較大，需謹慎風險管理
• 市場整體上漲，情緒積極

🛡️ 風險提醒:
• 每筆交易不超過2%風險
• 設置止損保護資本
• 保持冷靜，按計劃操作

⏰ 下一報告: 18:05

⏳ 等待下次觀察 (60.0分鐘)...
✅ 數據已保存: /Users/gordonlui/.openclaw/workspace/crypto_monitor_data/data_20260208_1710.json

📊 第99次觀察完成
👀 17:10 加密貨幣觀察
────────────────────────────────────────
• BTC: $70,558.00 (+2.78%)
• ETH: $2,113.69 (+4.41%)
• BNB: $648.70 (+1.49%)

💡 學習點:
• BTC波動較大，需謹慎風險管理
• 市場整體上漲，情緒積極

🛡️ 風險提醒:
• 每筆交易不超過2%風險
• 設置止損保護資本
• 保持冷靜，按計劃操作

⏰ 下一報告: 18:10

⏳ 等待下次觀察 (60.0分鐘)...
✅ 數據已保存: /Users/gordonlui/.openclaw/workspace/crypto_monitor_data/data_20260208_1715.json

📊 第100次觀察完成
👀 17:15 加密貨幣觀察
────────────────────────────────────────
• BTC: $70,419.89 (+2.45%)
• ETH: $2,109.11 (+3.97%)
• BNB: $647.70 (+1.15%)

💡 學習點:
• BTC波動較大，需謹慎風險管理
• 市場整體上漲，情緒積極

🛡️ 風險提醒:
• 每筆交易不超過2%風險
• 設置止損保護資本
• 保持冷靜，按計劃操作

⏰ 下一報告: 18:15

⏳ 等待下次觀察 (60.0分鐘)...
✅ 數據已保存: /Users/gordonlui/.openclaw/workspace/crypto_monitor_data/data_20260208_1720.json

📊 第101次觀察完成
👀 17:20 加密貨幣觀察
────────────────────────────────────────
• BTC: $70,432.15 (+2.66%)
• ETH: $2,107.56 (+4.09%)
• BNB: $647.51 (+1.25%)

💡 學習點:
• BTC波動較大，需謹慎風險管理
• 市場整體上漲，情緒積極

🛡️ 風險提醒:
• 每筆交易不超過2%風險
• 設置止損保護資本
• 保持冷靜，按計劃操作

⏰ 下一報告: 18:20

⏳ 等待下次觀察 (60.0分鐘)...
✅ 數據已保存: /Users/gordonlui/.openclaw/workspace/crypto_monitor_data/data_20260208_1725.json

📊 第102次觀察完成
👀 17:25 加密貨幣觀察
────────────────────────────────────────
• BTC: $70,440.60 (+2.55%)
• ETH: $2,109.30 (+3.95%)
• BNB: $647.13 (+1.09%)

💡 學習點:
• BTC波動較大，需謹慎風險管理
• 市場整體上漲，情緒積極

🛡️ 風險提醒:
• 每筆交易不超過2%風險
• 設置止損保護資本
• 保持冷靜，按計劃操作

⏰ 下一報告: 18:25

⏳ 等待下次觀察 (60.0分鐘)...
✅ 數據已保存: /Users/gordonlui/.openclaw/workspace/crypto_monitor_data/data_20260208_1730.json

📊 第103次觀察完成
👀 17:30 加密貨幣觀察
────────────────────────────────────────
• BTC: $70,483.66 (+2.98%)
• ETH: $2,109.90 (+4.35%)
• BNB: $648.59 (+1.60%)

💡 學習點:
• BTC波動較大，需謹慎風險管理
• 市場整體上漲，情緒積極

🛡️ 風險提醒:
• 每筆交易不超過2%風險
• 設置止損保護資本
• 保持冷靜，按計劃操作

⏰ 下一報告: 18:30

⏳ 等待下次觀察 (60.0分鐘)...
✅ 數據已保存: /Users/gordonlui/.openclaw/workspace/crypto_monitor_data/data_20260208_1735.json

📊 第104次觀察完成
👀 17:35 加密貨幣觀察
────────────────────────────────────────
• BTC: $70,304.00 (+3.08%)
• ETH: $2,102.71 (+4.36%)
• BNB: $643.68 (+1.08%)

💡 學習點:
• BTC波動較大，需謹慎風險管理
• 市場整體上漲，情緒積極

🛡️ 風險提醒:
• 每筆交易不超過2%風險
• 設置止損保護資本
• 保持冷靜，按計劃操作

⏰ 下一報告: 18:35

⏳ 等待下次觀察 (60.0分鐘)...
✅ 數據已保存: /Users/gordonlui/.openclaw/workspace/crypto_monitor_data/data_20260208_1740.json

📊 第105次觀察完成
👀 17:40 加密貨幣觀察
────────────────────────────────────────
• BTC: $70,309.03 (+3.29%)
• ETH: $2,103.80 (+4.72%)
• BNB: $642.79 (+1.03%)

💡 學習點:
• BTC波動較大，需謹慎風險管理
• 市場整體上漲，情緒積極

🛡️ 風險提醒:
• 每筆交易不超過2%風險
• 設置止損保護資本
• 保持冷靜，按計劃操作

⏰ 下一報告: 18:40

⏳ 等待下次觀察 (60.0分鐘)...
✅ 數據已保存: /Users/gordonlui/.openclaw/workspace/crypto_monitor_data/data_20260208_1745.json

📊 第106次觀察完成
👀 17:45 加密貨幣觀察
────────────────────────────────────────
• BTC: $70,196.38 (+2.99%)
• ETH: $2,100.76 (+4.34%)
• BNB: $640.85 (+0.69%)

💡 學習點:
• BTC波動較大，需謹慎風險管理
• 市場整體上漲，情緒積極

🛡️ 風險提醒:
• 每筆交易不超過2%風險
• 設置止損保護資本
• 保持冷靜，按計劃操作

⏰ 下一報告: 18:45

⏳ 等待下次觀察 (60.0分鐘)...
✅ 數據已保存: /Users/gordonlui/.openclaw/workspace/crypto_monitor_data/data_20260208_1750.json

📊 第107次觀察完成
👀 17:50 加密貨幣觀察
────────────────────────────────────────
• BTC: $70,183.37 (+3.25%)
• ETH: $2,100.32 (+4.61%)
• BNB: $641.46 (+0.99%)

💡 學習點:
• BTC波動較大，需謹慎風險管理
• 市場整體上漲，情緒積極

🛡️ 風險提醒:
• 每筆交易不超過2%風險
• 設置止損保護資本
• 保持冷靜，按計劃操作

⏰ 下一報告: 18:50

⏳ 等待下次觀察 (60.0分鐘)...
✅ 數據已保存: /Users/gordonlui/.openclaw/workspace/crypto_monitor_data/data_20260208_1755.json

📊 第108次觀察完成
👀 17:55 加密貨幣觀察
────────────────────────────────────────
• BTC: $70,264.87 (+3.26%)
• ETH: $2,103.45 (+4.61%)
• BNB: $642.44 (+1.04%)

💡 學習點:
• BTC波動較大，需謹慎風險管理
• 市場整體上漲，情緒積極

🛡️ 風險提醒:
• 每筆交易不超過2%風險
• 設置止損保護資本
• 保持冷靜，按計劃操作

⏰ 下一報告: 18:55

⏳ 等待下次觀察 (60.0分鐘)...
✅ 數據已保存: /Users/gordonlui/.openclaw/workspace/crypto_monitor_data/data_20260208_1800.json

📊 第109次觀察完成
👀 18:00 加密貨幣觀察
────────────────────────────────────────
• BTC: $70,189.08 (+3.09%)
• ETH: $2,102.24 (+4.41%)
• BNB: $642.24 (+0.99%)

💡 學習點:
• BTC波動較大，需謹慎風險管理
• 市場整體上漲，情緒積極

🛡️ 風險提醒:
• 每筆交易不超過2%風險
• 設置止損保護資本
• 保持冷靜，按計劃操作

⏰ 下一報告: 19:00

⏳ 等待下次觀察 (60.0分鐘)...
✅ 數據已保存: /Users/gordonlui/.openclaw/workspace/crypto_monitor_data/data_20260208_1805.json

📊 第110次觀察完成
👀 18:05 加密貨幣觀察
────────────────────────────────────────
• BTC: $70,234.39 (+3.08%)
• ETH: $2,105.42 (+4.48%)
• BNB: $643.16 (+1.10%)

💡 學習點:
• BTC波動較大，需謹慎風險管理
• 市場整體上漲，情緒積極

🛡️ 風險提醒:
• 每筆交易不超過2%風險
• 設置止損保護資本
• 保持冷靜，按計劃操作

⏰ 下一報告: 19:05

⏳ 等待下次觀察 (60.0分鐘)...
✅ 數據已保存: /Users/gordonlui/.openclaw/workspace/crypto_monitor_data/data_20260208_1810.json

📊 第111次觀察完成
👀 18:10 加密貨幣觀察
────────────────────────────────────────
• BTC: $70,382.00 (+3.50%)
• ETH: $2,108.45 (+5.03%)
• BNB: $644.13 (+1.52%)

💡 學習點:
• BTC波動較大，需謹慎風險管理
• 市場整體上漲，情緒積極

🛡️ 風險提醒:
• 每筆交易不超過2%風險
• 設置止損保護資本
• 保持冷靜，按計劃操作

⏰ 下一報告: 19:10

⏳ 等待下次觀察 (60.0分鐘)...
✅ 數據已保存: /Users/gordonlui/.openclaw/workspace/crypto_monitor_data/data_20260208_1815.json

📊 第112次觀察完成
👀 18:15 加密貨幣觀察
────────────────────────────────────────
• BTC: $70,327.31 (+3.50%)
• ETH: $2,107.16 (+4.95%)
• BNB: $643.21 (+1.39%)

💡 學習點:
• BTC波動較大，需謹慎風險管理
• 市場整體上漲，情緒積極

🛡️ 風險提醒:
• 每筆交易不超過2%風險
• 設置止損保護資本
• 保持冷靜，按計劃操作

⏰ 下一報告: 19:15

⏳ 等待下次觀察 (60.0分鐘)...
✅ 數據已保存: /Users/gordonlui/.openclaw/workspace/crypto_monitor_data/data_20260208_1820.json

📊 第113次觀察完成
👀 18:20 加密貨幣觀察
────────────────────────────────────────
• BTC: $70,312.00 (+3.44%)
• ETH: $2,106.41 (+4.90%)
• BNB: $643.12 (+1.36%)

💡 學習點:
• BTC波動較大，需謹慎風險管理
• 市場整體上漲，情緒積極

🛡️ 風險提醒:
• 每筆交易不超過2%風險
• 設置止損保護資本
• 保持冷靜，按計劃操作

⏰ 下一報告: 19:20

⏳ 等待下次觀察 (60.0分鐘)...
✅ 數據已保存: /Users/gordonlui/.openclaw/workspace/crypto_monitor_data/data_20260208_1825.json

📊 第114次觀察完成
👀 18:25 加密貨幣觀察
────────────────────────────────────────
• BTC: $69,999.00 (+2.82%)
• ETH: $2,089.99 (+3.89%)
• BNB: $639.04 (+0.53%)

💡 學習點:
• BTC波動較大，需謹慎風險管理
• 市場整體上漲，情緒積極

🛡️ 風險提醒:
• 每筆交易不超過2%風險
• 設置止損保護資本
• 保持冷靜，按計劃操作

⏰ 下一報告: 19:25

⏳ 等待下次觀察 (60.0分鐘)...
✅ 數據已保存: /Users/gordonlui/.openclaw/workspace/crypto_monitor_data/data_20260208_1830.json

📊 第115次觀察完成
👀 18:30 加密貨幣觀察
────────────────────────────────────────
• BTC: $70,026.30 (+2.91%)
• ETH: $2,091.25 (+4.00%)
• BNB: $639.10 (+0.67%)

💡 學習點:
• BTC波動較大，需謹慎風險管理
• 市場整體上漲，情緒積極

🛡️ 風險提醒:
• 每筆交易不超過2%風險
• 設置止損保護資本
• 保持冷靜，按計劃操作

⏰ 下一報告: 19:30

⏳ 等待下次觀察 (60.0分鐘)...
✅ 數據已保存: /Users/gordonlui/.openclaw/workspace/crypto_monitor_data/data_20260208_1835.json

📊 第116次觀察完成
👀 18:35 加密貨幣觀察
────────────────────────────────────────
• BTC: $70,128.90 (+3.32%)
• ETH: $2,092.48 (+4.36%)
• BNB: $639.39 (+1.03%)

💡 學習點:
• BTC波動較大，需謹慎風險管理
• 市場整體上漲，情緒積極

🛡️ 風險提醒:
• 每筆交易不超過2%風險
• 設置止損保護資本
• 保持冷靜，按計劃操作

⏰ 下一報告: 19:35

⏳ 等待下次觀察 (60.0分鐘)...
✅ 數據已保存: /Users/gordonlui/.openclaw/workspace/crypto_monitor_data/data_20260208_1840.json

📊 第117次觀察完成
👀 18:40 加密貨幣觀察
────────────────────────────────────────
• BTC: $70,223.64 (+3.70%)
• ETH: $2,094.44 (+4.64%)
• BNB: $640.26 (+1.43%)

💡 學習點:
• BTC波動較大，需謹慎風險管理
• 市場整體上漲，情緒積極

🛡️ 風險提醒:
• 每筆交易不超過2%風險
• 設置止損保護資本
• 保持冷靜，按計劃操作

⏰ 下一報告: 19:40

⏳ 等待下次觀察 (60.0分鐘)...
✅ 數據已保存: /Users/gordonlui/.openclaw/workspace/crypto_monitor_data/data_20260208_1845.json

📊 第118次觀察完成
👀 18:45 加密貨幣觀察
────────────────────────────────────────
• BTC: $70,256.97 (+3.57%)
• ETH: $2,095.89 (+4.45%)
• BNB: $640.37 (+1.29%)

💡 學習點:
• BTC波動較大，需謹慎風險管理
• 市場整體上漲，情緒積極

🛡️ 風險提醒:
• 每筆交易不超過2%風險
• 設置止損保護資本
• 保持冷靜，按計劃操作

⏰ 下一報告: 19:45

⏳ 等待下次觀察 (60.0分鐘)...
✅ 數據已保存: /Users/gordonlui/.openclaw/workspace/crypto_monitor_data/data_20260208_1850.json

📊 第119次觀察完成
👀 18:50 加密貨幣觀察
────────────────────────────────────────
• BTC: $70,371.45 (+3.82%)
• ETH: $2,099.22 (+4.44%)
• BNB: $641.02 (+1.20%)

💡 學習點:
• BTC波動較大，需謹慎風險管理
• 市場整體上漲，情緒積極

🛡️ 風險提醒:
• 每筆交易不超過2%風險
• 設置止損保護資本
• 保持冷靜，按計劃操作

⏰ 下一報告: 19:50

⏳ 等待下次觀察 (60.0分鐘)...
✅ 數據已保存: /Users/gordonlui/.openclaw/workspace/crypto_monitor_data/data_20260208_1855.json

📊 第120次觀察完成
👀 18:55 加密貨幣觀察
────────────────────────────────────────
• BTC: $70,246.51 (+3.44%)
• ETH: $2,096.58 (+4.28%)
• BNB: $639.64 (+0.83%)

💡 學習點:
• BTC波動較大，需謹慎風險管理
• 市場整體上漲，情緒積極

🛡️ 風險提醒:
• 每筆交易不超過2%風險
• 設置止損保護資本
• 保持冷靜，按計劃操作

⏰ 下一報告: 19:55

⏳ 等待下次觀察 (60.0分鐘)...
✅ 數據已保存: /Users/gordonlui/.openclaw/workspace/crypto_monitor_data/data_20260208_1900.json

📊 第121次觀察完成
👀 19:00 加密貨幣觀察
────────────────────────────────────────
• BTC: $70,243.66 (+3.25%)
• ETH: $2,095.33 (+4.22%)
• BNB: $639.55 (+0.77%)

💡 學習點:
• BTC波動較大，需謹慎風險管理
• 市場整體上漲，情緒積極

🛡️ 風險提醒:
• 每筆交易不超過2%風險
• 設置止損保護資本
• 保持冷靜，按計劃操作

⏰ 下一報告: 20:00

⏳ 等待下次觀察 (60.0分鐘)...
✅ 數據已保存: /Users/gordonlui/.openclaw/workspace/crypto_monitor_data/data_20260208_1905.json

📊 第122次觀察完成
👀 19:05 加密貨幣觀察
────────────────────────────────────────
• BTC: $70,478.33 (+3.53%)
• ETH: $2,106.10 (+4.67%)
• BNB: $641.50 (+1.04%)

💡 學習點:
• BTC波動較大，需謹慎風險管理
• 市場整體上漲，情緒積極

🛡️ 風險提醒:
• 每筆交易不超過2%風險
• 設置止損保護資本
• 保持冷靜，按計劃操作

⏰ 下一報告: 20:05

⏳ 等待下次觀察 (60.0分鐘)...
✅ 數據已保存: /Users/gordonlui/.openclaw/workspace/crypto_monitor_data/data_20260208_1910.json

📊 第123次觀察完成
👀 19:10 加密貨幣觀察
────────────────────────────────────────
• BTC: $70,433.99 (+3.49%)
• ETH: $2,104.43 (+4.45%)
• BNB: $640.82 (+0.87%)

💡 學習點:
• BTC波動較大，需謹慎風險管理
• 市場整體上漲，情緒積極

🛡️ 風險提醒:
• 每筆交易不超過2%風險
• 設置止損保護資本
• 保持冷靜，按計劃操作

⏰ 下一報告: 20:10

⏳ 等待下次觀察 (60.0分鐘)...
✅ 數據已保存: /Users/gordonlui/.openclaw/workspace/crypto_monitor_data/data_20260208_1915.json

📊 第124次觀察完成
👀 19:15 加密貨幣觀察
────────────────────────────────────────
• BTC: $70,623.14 (+3.88%)
• ETH: $2,109.57 (+4.89%)
• BNB: $642.02 (+1.05%)

💡 學習點:
• BTC波動較大，需謹慎風險管理
• 市場整體上漲，情緒積極

🛡️ 風險提醒:
• 每筆交易不超過2%風險
• 設置止損保護資本
• 保持冷靜，按計劃操作

⏰ 下一報告: 20:15

⏳ 等待下次觀察 (60.0分鐘)...
✅ 數據已保存: /Users/gordonlui/.openclaw/workspace/crypto_monitor_data/data_20260208_1920.json

📊 第125次觀察完成
👀 19:20 加密貨幣觀察
────────────────────────────────────────
• BTC: $70,830.16 (+4.05%)
• ETH: $2,110.45 (+4.78%)
• BNB: $642.21 (+1.03%)

💡 學習點:
• BTC波動較大，需謹慎風險管理
• 市場整體上漲，情緒積極

🛡️ 風險提醒:
• 每筆交易不超過2%風險
• 設置止損保護資本
• 保持冷靜，按計劃操作

⏰ 下一報告: 20:20

⏳ 等待下次觀察 (60.0分鐘)...
✅ 數據已保存: /Users/gordonlui/.openclaw/workspace/crypto_monitor_data/data_20260208_1925.json

📊 第126次觀察完成
👀 19:25 加密貨幣觀察
────────────────────────────────────────
• BTC: $70,617.54 (+4.03%)
• ETH: $2,109.90 (+5.08%)
• BNB: $641.98 (+1.33%)

💡 學習點:
• BTC波動較大，需謹慎風險管理
• 市場整體上漲，情緒積極

🛡️ 風險提醒:
• 每筆交易不超過2%風險
• 設置止損保護資本
• 保持冷靜，按計劃操作

⏰ 下一報告: 20:25

⏳ 等待下次觀察 (60.0分鐘)...
✅ 數據已保存: /Users/gordonlui/.openclaw/workspace/crypto_monitor_data/data_20260208_1930.json

📊 第127次觀察完成
👀 19:30 加密貨幣觀察
────────────────────────────────────────
• BTC: $70,685.99 (+3.93%)
• ETH: $2,115.00 (+5.24%)
• BNB: $641.98 (+1.19%)

💡 學習點:
• BTC波動較大，需謹慎風險管理
• 市場整體上漲，情緒積極

🛡️ 風險提醒:
• 每筆交易不超過2%風險
• 設置止損保護資本
• 保持冷靜，按計劃操作

⏰ 下一報告: 20:30

⏳ 等待下次觀察 (60.0分鐘)...
✅ 數據已保存: /Users/gordonlui/.openclaw/workspace/crypto_monitor_data/data_20260208_1935.json

📊 第128次觀察完成
👀 19:35 加密貨幣觀察
────────────────────────────────────────
• BTC: $70,800.01 (+4.16%)
• ETH: $2,125.69 (+5.67%)
• BNB: $643.16 (+1.21%)

💡 學習點:
• BTC波動較大，需謹慎風險管理
• 市場整體上漲，情緒積極

🛡️ 風險提醒:
• 每筆交易不超過2%風險
• 設置止損保護資本
• 保持冷靜，按計劃操作

⏰ 下一報告: 20:35

⏳ 等待下次觀察 (60.0分鐘)...
✅ 數據已保存: /Users/gordonlui/.openclaw/workspace/crypto_monitor_data/data_20260208_1940.json

📊 第129次觀察完成
👀 19:40 加密貨幣觀察
────────────────────────────────────────
• BTC: $70,850.00 (+4.34%)
• ETH: $2,125.34 (+5.63%)
• BNB: $643.95 (+1.44%)

💡 學習點:
• BTC波動較大，需謹慎風險管理
• 市場整體上漲，情緒積極

🛡️ 風險提醒:
• 每筆交易不超過2%風險
• 設置止損保護資本
• 保持冷靜，按計劃操作

⏰ 下一報告: 20:40

⏳ 等待下次觀察 (60.0分鐘)...
✅ 數據已保存: /Users/gordonlui/.openclaw/workspace/crypto_monitor_data/data_20260208_1945.json

📊 第130次觀察完成
👀 19:45 加密貨幣觀察
────────────────────────────────────────
• BTC: $70,876.28 (+4.37%)
• ETH: $2,123.48 (+5.57%)
• BNB: $644.56 (+1.47%)

💡 學習點:
• BTC波動較大，需謹慎風險管理
• 市場整體上漲，情緒積極

🛡️ 風險提醒:
• 每筆交易不超過2%風險
• 設置止損保護資本
• 保持冷靜，按計劃操作

⏰ 下一報告: 20:45

⏳ 等待下次觀察 (60.0分鐘)...
✅ 數據已保存: /Users/gordonlui/.openclaw/workspace/crypto_monitor_data/data_20260208_1950.json

📊 第131次觀察完成
👀 19:50 加密貨幣觀察
────────────────────────────────────────
• BTC: $71,062.63 (+4.89%)
• ETH: $2,128.22 (+5.85%)
• BNB: $645.52 (+1.68%)

💡 學習點:
• BTC波動較大，需謹慎風險管理
• 市場整體上漲，情緒積極

🛡️ 風險提醒:
• 每筆交易不超過2%風險
• 設置止損保護資本
• 保持冷靜，按計劃操作

⏰ 下一報告: 20:50

⏳ 等待下次觀察 (60.0分鐘)...
✅ 數據已保存: /Users/gordonlui/.openclaw/workspace/crypto_monitor_data/data_20260208_1955.json

📊 第132次觀察完成
👀 19:55 加密貨幣觀察
────────────────────────────────────────
• BTC: $71,043.27 (+4.87%)
• ETH: $2,133.74 (+5.97%)
• BNB: $645.72 (+1.70%)

💡 學習點:
• BTC波動較大，需謹慎風險管理
• 市場整體上漲，情緒積極

🛡️ 風險提醒:
• 每筆交易不超過2%風險
• 設置止損保護資本
• 保持冷靜，按計劃操作

⏰ 下一報告: 20:55

⏳ 等待下次觀察 (60.0分鐘)...
✅ 數據已保存: /Users/gordonlui/.openclaw/workspace/crypto_monitor_data/data_20260208_2000.json

📊 第133次觀察完成
👀 20:00 加密貨幣觀察
────────────────────────────────────────
• BTC: $70,994.00 (+4.44%)
• ETH: $2,131.39 (+5.58%)
• BNB: $646.01 (+1.67%)

💡 學習點:
• BTC波動較大，需謹慎風險管理
• 市場整體上漲，情緒積極

🛡️ 風險提醒:
• 每筆交易不超過2%風險
• 設置止損保護資本
• 保持冷靜，按計劃操作

⏰ 下一報告: 21:00

⏳ 等待下次觀察 (60.0分鐘)...
✅ 數據已保存: /Users/gordonlui/.openclaw/workspace/crypto_monitor_data/data_20260208_2005.json

📊 第134次觀察完成
👀 20:05 加密貨幣觀察
────────────────────────────────────────
• BTC: $71,045.77 (+3.83%)
• ETH: $2,130.94 (+4.83%)
• BNB: $645.13 (+1.21%)

💡 學習點:
• BTC波動較大，需謹慎風險管理
• 市場整體上漲，情緒積極

🛡️ 風險提醒:
• 每筆交易不超過2%風險
• 設置止損保護資本
• 保持冷靜，按計劃操作

⏰ 下一報告: 21:05

⏳ 等待下次觀察 (60.0分鐘)...
✅ 數據已保存: /Users/gordonlui/.openclaw/workspace/crypto_monitor_data/data_20260208_2010.json

📊 第135次觀察完成
👀 20:10 加密貨幣觀察
────────────────────────────────────────
• BTC: $70,926.00 (+3.25%)
• ETH: $2,127.63 (+4.20%)
• BNB: $643.76 (+0.69%)

💡 學習點:
• BTC波動較大，需謹慎風險管理
• 市場整體上漲，情緒積極

🛡️ 風險提醒:
• 每筆交易不超過2%風險
• 設置止損保護資本
• 保持冷靜，按計劃操作

⏰ 下一報告: 21:10

⏳ 等待下次觀察 (60.0分鐘)...
✅ 數據已保存: /Users/gordonlui/.openclaw/workspace/crypto_monitor_data/data_20260208_2015.json

📊 第136次觀察完成
👀 20:15 加密貨幣觀察
────────────────────────────────────────
• BTC: $70,873.94 (+3.05%)
• ETH: $2,127.90 (+4.31%)
• BNB: $643.55 (+0.49%)

💡 學習點:
• BTC波動較大，需謹慎風險管理
• 市場整體上漲，情緒積極

🛡️ 風險提醒:
• 每筆交易不超過2%風險
• 設置止損保護資本
• 保持冷靜，按計劃操作

⏰ 下一報告: 21:15

⏳ 等待下次觀察 (60.0分鐘)...
✅ 數據已保存: /Users/gordonlui/.openclaw/workspace/crypto_monitor_data/data_20260208_2020.json

📊 第137次觀察完成
👀 20:20 加密貨幣觀察
────────────────────────────────────────
• BTC: $70,864.16 (+1.83%)
• ETH: $2,130.52 (+3.21%)
• BNB: $643.77 (-0.14%)

💡 學習點:
• BTC波動較大，需謹慎風險管理
• 市場整體上漲，情緒積極

🛡️ 風險提醒:
• 每筆交易不超過2%風險
• 設置止損保護資本
• 保持冷靜，按計劃操作

⏰ 下一報告: 21:20

⏳ 等待下次觀察 (60.0分鐘)...
✅ 數據已保存: /Users/gordonlui/.openclaw/workspace/crypto_monitor_data/data_20260208_2025.json

📊 第138次觀察完成
👀 20:25 加密貨幣觀察
────────────────────────────────────────
• BTC: $70,864.55 (+2.36%)
• ETH: $2,130.94 (+3.77%)
• BNB: $642.58 (+0.11%)

💡 學習點:
• BTC波動較大，需謹慎風險管理
• 市場整體上漲，情緒積極

🛡️ 風險提醒:
• 每筆交易不超過2%風險
• 設置止損保護資本
• 保持冷靜，按計劃操作

⏰ 下一報告: 21:25

⏳ 等待下次觀察 (60.0分鐘)...
✅ 數據已保存: /Users/gordonlui/.openclaw/workspace/crypto_monitor_data/data_20260208_2030.json

📊 第139次觀察完成
👀 20:30 加密貨幣觀察
────────────────────────────────────────
• BTC: $70,941.85 (+1.71%)
• ETH: $2,136.71 (+3.42%)
• BNB: $644.32 (-0.03%)

💡 學習點:
• BTC波動較大，需謹慎風險管理
• 市場整體上漲，情緒積極

🛡️ 風險提醒:
• 每筆交易不超過2%風險
• 設置止損保護資本
• 保持冷靜，按計劃操作

⏰ 下一報告: 21:30

⏳ 等待下次觀察 (60.0分鐘)...
✅ 數據已保存: /Users/gordonlui/.openclaw/workspace/crypto_monitor_data/data_20260208_2035.json

📊 第140次觀察完成
👀 20:35 加密貨幣觀察
────────────────────────────────────────
• BTC: $70,835.04 (+1.78%)
• ETH: $2,133.90 (+3.53%)
• BNB: $643.37 (-0.01%)

💡 學習點:
• BTC波動較大，需謹慎風險管理
• 市場整體上漲，情緒積極

🛡️ 風險提醒:
• 每筆交易不超過2%風險
• 設置止損保護資本
• 保持冷靜，按計劃操作

⏰ 下一報告: 21:35

⏳ 等待下次觀察 (60.0分鐘)...
✅ 數據已保存: /Users/gordonlui/.openclaw/workspace/crypto_monitor_data/data_20260208_2040.json

📊 第141次觀察完成
👀 20:40 加密貨幣觀察
────────────────────────────────────────
• BTC: $70,969.87 (+2.35%)
• ETH: $2,138.59 (+4.37%)
• BNB: $644.63 (+0.47%)

💡 學習點:
• BTC波動較大，需謹慎風險管理
• 市場整體上漲，情緒積極

🛡️ 風險提醒:
• 每筆交易不超過2%風險
• 設置止損保護資本
• 保持冷靜，按計劃操作

⏰ 下一報告: 21:40

⏳ 等待下次觀察 (60.0分鐘)...
✅ 數據已保存: /Users/gordonlui/.openclaw/workspace/crypto_monitor_data/data_20260208_2045.json

📊 第142次觀察完成
👀 20:45 加密貨幣觀察
────────────────────────────────────────
• BTC: $70,715.69 (+2.26%)
• ETH: $2,129.03 (+4.10%)
• BNB: $642.67 (+0.37%)

💡 學習點:
• BTC波動較大，需謹慎風險管理
• 市場整體上漲，情緒積極

🛡️ 風險提醒:
• 每筆交易不超過2%風險
• 設置止損保護資本
• 保持冷靜，按計劃操作

⏰ 下一報告: 21:45

⏳ 等待下次觀察 (60.0分鐘)...
✅ 數據已保存: /Users/gordonlui/.openclaw/workspace/crypto_monitor_data/data_20260208_2050.json

📊 第143次觀察完成
👀 20:50 加密貨幣觀察
────────────────────────────────────────
• BTC: $71,061.63 (+2.67%)
• ETH: $2,135.66 (+4.25%)
• BNB: $645.38 (+0.70%)

💡 學習點:
• BTC波動較大，需謹慎風險管理
• 市場整體上漲，情緒積極

🛡️ 風險提醒:
• 每筆交易不超過2%風險
• 設置止損保護資本
• 保持冷靜，按計劃操作

⏰ 下一報告: 21:50

⏳ 等待下次觀察 (60.0分鐘)...
✅ 數據已保存: /Users/gordonlui/.openclaw/workspace/crypto_monitor_data/data_20260208_2055.json

📊 第144次觀察完成
👀 20:55 加密貨幣觀察
────────────────────────────────────────
• BTC: $71,098.90 (+3.14%)
• ETH: $2,126.86 (+4.26%)
• BNB: $644.52 (+0.96%)

💡 學習點:
• BTC波動較大，需謹慎風險管理
• 市場整體上漲，情緒積極

🛡️ 風險提醒:
• 每筆交易不超過2%風險
• 設置止損保護資本
• 保持冷靜，按計劃操作

⏰ 下一報告: 21:55

⏳ 等待下次觀察 (60.0分鐘)...
✅ 數據已保存: /Users/gordonlui/.openclaw/workspace/crypto_monitor_data/data_20260208_2100.json

📊 第145次觀察完成
👀 21:00 加密貨幣觀察
────────────────────────────────────────
• BTC: $71,261.31 (+3.18%)
• ETH: $2,131.49 (+4.24%)
• BNB: $645.21 (+0.90%)

💡 學習點:
• BTC波動較大，需謹慎風險管理
• 市場整體上漲，情緒積極

🛡️ 風險提醒:
• 每筆交易不超過2%風險
• 設置止損保護資本
• 保持冷靜，按計劃操作

⏰ 下一報告: 22:00

⏳ 等待下次觀察 (60.0分鐘)...
✅ 數據已保存: /Users/gordonlui/.openclaw/workspace/crypto_monitor_data/data_20260208_2105.json

📊 第146次觀察完成
👀 21:05 加密貨幣觀察
────────────────────────────────────────
• BTC: $71,042.90 (+2.77%)
• ETH: $2,122.48 (+3.90%)
• BNB: $642.25 (+0.42%)

💡 學習點:
• BTC波動較大，需謹慎風險管理
• 市場整體上漲，情緒積極

🛡️ 風險提醒:
• 每筆交易不超過2%風險
• 設置止損保護資本
• 保持冷靜，按計劃操作

⏰ 下一報告: 22:05

⏳ 等待下次觀察 (60.0分鐘)...
✅ 數據已保存: /Users/gordonlui/.openclaw/workspace/crypto_monitor_data/data_20260208_2110.json

📊 第147次觀察完成
👀 21:10 加密貨幣觀察
────────────────────────────────────────
• BTC: $71,119.95 (+2.94%)
• ETH: $2,125.36 (+4.01%)
• BNB: $642.20 (+0.63%)

💡 學習點:
• BTC波動較大，需謹慎風險管理
• 市場整體上漲，情緒積極

🛡️ 風險提醒:
• 每筆交易不超過2%風險
• 設置止損保護資本
• 保持冷靜，按計劃操作

⏰ 下一報告: 22:10

⏳ 等待下次觀察 (60.0分鐘)...
✅ 數據已保存: /Users/gordonlui/.openclaw/workspace/crypto_monitor_data/data_20260208_2115.json

📊 第148次觀察完成
👀 21:15 加密貨幣觀察
────────────────────────────────────────
• BTC: $71,128.99 (+3.08%)
• ETH: $2,126.10 (+4.19%)
• BNB: $641.84 (+0.70%)

💡 學習點:
• BTC波動較大，需謹慎風險管理
• 市場整體上漲，情緒積極

🛡️ 風險提醒:
• 每筆交易不超過2%風險
• 設置止損保護資本
• 保持冷靜，按計劃操作

⏰ 下一報告: 22:15

⏳ 等待下次觀察 (60.0分鐘)...
✅ 數據已保存: /Users/gordonlui/.openclaw/workspace/crypto_monitor_data/data_20260208_2120.json

📊 第149次觀察完成
👀 21:20 加密貨幣觀察
────────────────────────────────────────
• BTC: $71,343.03 (+3.18%)
• ETH: $2,131.99 (+4.24%)
• BNB: $644.11 (+0.84%)

💡 學習點:
• BTC波動較大，需謹慎風險管理
• 市場整體上漲，情緒積極

🛡️ 風險提醒:
• 每筆交易不超過2%風險
• 設置止損保護資本
• 保持冷靜，按計劃操作

⏰ 下一報告: 22:20

⏳ 等待下次觀察 (60.0分鐘)...
✅ 數據已保存: /Users/gordonlui/.openclaw/workspace/crypto_monitor_data/data_20260208_2125.json

📊 第150次觀察完成
👀 21:25 加密貨幣觀察
────────────────────────────────────────
• BTC: $71,488.01 (+3.23%)
• ETH: $2,137.20 (+4.45%)
• BNB: $645.40 (+0.94%)

💡 學習點:
• BTC波動較大，需謹慎風險管理
• 市場整體上漲，情緒積極

🛡️ 風險提醒:
• 每筆交易不超過2%風險
• 設置止損保護資本
• 保持冷靜，按計劃操作

⏰ 下一報告: 22:25

⏳ 等待下次觀察 (60.0分鐘)...
✅ 數據已保存: /Users/gordonlui/.openclaw/workspace/crypto_monitor_data/data_20260208_2130.json

📊 第151次觀察完成
👀 21:30 加密貨幣觀察
────────────────────────────────────────
• BTC: $71,412.52 (+3.10%)
• ETH: $2,132.91 (+4.13%)
• BNB: $644.53 (+0.96%)

💡 學習點:
• BTC波動較大，需謹慎風險管理
• 市場整體上漲，情緒積極

🛡️ 風險提醒:
• 每筆交易不超過2%風險
• 設置止損保護資本
• 保持冷靜，按計劃操作

⏰ 下一報告: 22:30

⏳ 等待下次觀察 (60.0分鐘)...
✅ 數據已保存: /Users/gordonlui/.openclaw/workspace/crypto_monitor_data/data_20260208_2135.json

📊 第152次觀察完成
👀 21:35 加密貨幣觀察
────────────────────────────────────────
• BTC: $71,347.92 (+3.23%)
• ETH: $2,129.53 (+4.25%)
• BNB: $643.58 (+0.99%)

💡 學習點:
• BTC波動較大，需謹慎風險管理
• 市場整體上漲，情緒積極

🛡️ 風險提醒:
• 每筆交易不超過2%風險
• 設置止損保護資本
• 保持冷靜，按計劃操作

⏰ 下一報告: 22:35

⏳ 等待下次觀察 (60.0分鐘)...
✅ 數據已保存: /Users/gordonlui/.openclaw/workspace/crypto_monitor_data/data_20260208_2140.json

📊 第153次觀察完成
👀 21:40 加密貨幣觀察
────────────────────────────────────────
• BTC: $71,252.27 (+3.36%)
• ETH: $2,125.23 (+4.54%)
• BNB: $643.07 (+0.99%)

💡 學習點:
• BTC波動較大，需謹慎風險管理
• 市場整體上漲，情緒積極

🛡️ 風險提醒:
• 每筆交易不超過2%風險
• 設置止損保護資本
• 保持冷靜，按計劃操作

⏰ 下一報告: 22:40

⏳ 等待下次觀察 (60.0分鐘)...
✅ 數據已保存: /Users/gordonlui/.openclaw/workspace/crypto_monitor_data/data_20260208_2145.json

📊 第154次觀察完成
👀 21:45 加密貨幣觀察
────────────────────────────────────────
• BTC: $71,300.00 (+3.39%)
• ETH: $2,121.95 (+4.27%)
• BNB: $643.42 (+1.06%)

💡 學習點:
• BTC波動較大，需謹慎風險管理
• 市場整體上漲，情緒積極

🛡️ 風險提醒:
• 每筆交易不超過2%風險
• 設置止損保護資本
• 保持冷靜，按計劃操作

⏰ 下一報告: 22:45

⏳ 等待下次觀察 (60.0分鐘)...
✅ 數據已保存: /Users/gordonlui/.openclaw/workspace/crypto_monitor_data/data_20260208_2150.json

📊 第155次觀察完成
👀 21:50 加密貨幣觀察
────────────────────────────────────────
• BTC: $71,354.01 (+3.36%)
• ETH: $2,122.84 (+4.16%)
• BNB: $643.42 (+0.89%)

💡 學習點:
• BTC波動較大，需謹慎風險管理
• 市場整體上漲，情緒積極

🛡️ 風險提醒:
• 每筆交易不超過2%風險
• 設置止損保護資本
• 保持冷靜，按計劃操作

⏰ 下一報告: 22:50

⏳ 等待下次觀察 (60.0分鐘)...
✅ 數據已保存: /Users/gordonlui/.openclaw/workspace/crypto_monitor_data/data_20260208_2155.json

📊 第156次觀察完成
👀 21:55 加密貨幣觀察
────────────────────────────────────────
• BTC: $71,448.74 (+3.54%)
• ETH: $2,125.38 (+4.35%)
• BNB: $644.17 (+0.96%)

💡 學習點:
• BTC波動較大，需謹慎風險管理
• 市場整體上漲，情緒積極

🛡️ 風險提醒:
• 每筆交易不超過2%風險
• 設置止損保護資本
• 保持冷靜，按計劃操作

⏰ 下一報告: 22:55

⏳ 等待下次觀察 (60.0分鐘)...
✅ 數據已保存: /Users/gordonlui/.openclaw/workspace/crypto_monitor_data/data_20260208_2200.json

📊 第157次觀察完成
👀 22:00 加密貨幣觀察
────────────────────────────────────────
• BTC: $71,439.85 (+3.41%)
• ETH: $2,126.30 (+4.14%)
• BNB: $645.27 (+1.08%)

💡 學習點:
• BTC波動較大，需謹慎風險管理
• 市場整體上漲，情緒積極

🛡️ 風險提醒:
• 每筆交易不超過2%風險
• 設置止損保護資本
• 保持冷靜，按計劃操作

⏰ 下一報告: 23:00

⏳ 等待下次觀察 (60.0分鐘)...
✅ 數據已保存: /Users/gordonlui/.openclaw/workspace/crypto_monitor_data/data_20260208_2205.json

📊 第158次觀察完成
👀 22:05 加密貨幣觀察
────────────────────────────────────────
• BTC: $71,411.74 (+3.43%)
• ETH: $2,123.56 (+4.06%)
• BNB: $644.64 (+0.98%)

💡 學習點:
• BTC波動較大，需謹慎風險管理
• 市場整體上漲，情緒積極

🛡️ 風險提醒:
• 每筆交易不超過2%風險
• 設置止損保護資本
• 保持冷靜，按計劃操作

⏰ 下一報告: 23:05

⏳ 等待下次觀察 (60.0分鐘)...
✅ 數據已保存: /Users/gordonlui/.openclaw/workspace/crypto_monitor_data/data_20260208_2210.json

📊 第159次觀察完成
👀 22:10 加密貨幣觀察
────────────────────────────────────────
• BTC: $71,291.36 (+3.31%)
• ETH: $2,121.41 (+3.91%)
• BNB: $644.71 (+0.89%)

💡 學習點:
• BTC波動較大，需謹慎風險管理
• 市場整體上漲，情緒積極

🛡️ 風險提醒:
• 每筆交易不超過2%風險
• 設置止損保護資本
• 保持冷靜，按計劃操作

⏰ 下一報告: 23:10

⏳ 等待下次觀察 (60.0分鐘)...
✅ 數據已保存: /Users/gordonlui/.openclaw/workspace/crypto_monitor_data/data_20260208_2215.json

📊 第160次觀察完成
👀 22:15 加密貨幣觀察
────────────────────────────────────────
• BTC: $71,444.92 (+3.61%)
• ETH: $2,123.03 (+4.08%)
• BNB: $644.56 (+0.87%)

💡 學習點:
• BTC波動較大，需謹慎風險管理
• 市場整體上漲，情緒積極

🛡️ 風險提醒:
• 每筆交易不超過2%風險
• 設置止損保護資本
• 保持冷靜，按計劃操作

⏰ 下一報告: 23:15

⏳ 等待下次觀察 (60.0分鐘)...
✅ 數據已保存: /Users/gordonlui/.openclaw/workspace/crypto_monitor_data/data_20260208_2220.json

📊 第161次觀察完成
👀 22:20 加密貨幣觀察
────────────────────────────────────────
• BTC: $71,199.44 (+3.20%)
• ETH: $2,117.97 (+3.65%)
• BNB: $643.58 (+0.73%)

💡 學習點:
• BTC波動較大，需謹慎風險管理
• 市場整體上漲，情緒積極

🛡️ 風險提醒:
• 每筆交易不超過2%風險
• 設置止損保護資本
• 保持冷靜，按計劃操作

⏰ 下一報告: 23:20

⏳ 等待下次觀察 (60.0分鐘)...
✅ 數據已保存: /Users/gordonlui/.openclaw/workspace/crypto_monitor_data/data_20260208_2225.json

📊 第162次觀察完成
👀 22:25 加密貨幣觀察
────────────────────────────────────────
• BTC: $71,296.02 (+3.32%)
• ETH: $2,121.78 (+3.76%)
• BNB: $644.67 (+0.76%)

💡 學習點:
• BTC波動較大，需謹慎風險管理
• 市場整體上漲，情緒積極

🛡️ 風險提醒:
• 每筆交易不超過2%風險
• 設置止損保護資本
• 保持冷靜，按計劃操作

⏰ 下一報告: 23:25

⏳ 等待下次觀察 (60.0分鐘)...
✅ 數據已保存: /Users/gordonlui/.openclaw/workspace/crypto_monitor_data/data_20260208_2230.json

📊 第163次觀察完成
👀 22:30 加密貨幣觀察
────────────────────────────────────────
• BTC: $71,259.57 (+3.30%)
• ETH: $2,120.87 (+3.75%)
• BNB: $644.46 (+1.11%)

💡 學習點:
• BTC波動較大，需謹慎風險管理
• 市場整體上漲，情緒積極

🛡️ 風險提醒:
• 每筆交易不超過2%風險
• 設置止損保護資本
• 保持冷靜，按計劃操作

⏰ 下一報告: 23:30

⏳ 等待下次觀察 (60.0分鐘)...
✅ 數據已保存: /Users/gordonlui/.openclaw/workspace/crypto_monitor_data/data_20260208_2235.json

📊 第164次觀察完成
👀 22:35 加密貨幣觀察
────────────────────────────────────────
• BTC: $71,340.00 (+3.59%)
• ETH: $2,124.54 (+4.33%)
• BNB: $645.13 (+1.12%)

💡 學習點:
• BTC波動較大，需謹慎風險管理
• 市場整體上漲，情緒積極

🛡️ 風險提醒:
• 每筆交易不超過2%風險
• 設置止損保護資本
• 保持冷靜，按計劃操作

⏰ 下一報告: 23:35

⏳ 等待下次觀察 (60.0分鐘)...
✅ 數據已保存: /Users/gordonlui/.openclaw/workspace/crypto_monitor_data/data_20260208_2241.json

📊 第165次觀察完成
👀 22:41 加密貨幣觀察
────────────────────────────────────────
• BTC: $71,315.24 (+3.64%)
• ETH: $2,125.61 (+4.53%)
• BNB: $646.18 (+1.56%)

💡 學習點:
• BTC波動較大，需謹慎風險管理
• 市場整體上漲，情緒積極

🛡️ 風險提醒:
• 每筆交易不超過2%風險
• 設置止損保護資本
• 保持冷靜，按計劃操作

⏰ 下一報告: 23:41

⏳ 等待下次觀察 (60.0分鐘)...
✅ 數據已保存: /Users/gordonlui/.openclaw/workspace/crypto_monitor_data/data_20260208_2246.json

📊 第166次觀察完成
👀 22:46 加密貨幣觀察
────────────────────────────────────────
• BTC: $71,164.62 (+3.48%)
• ETH: $2,121.78 (+4.58%)
• BNB: $645.74 (+1.34%)

💡 學習點:
• BTC波動較大，需謹慎風險管理
• 市場整體上漲，情緒積極

🛡️ 風險提醒:
• 每筆交易不超過2%風險
• 設置止損保護資本
• 保持冷靜，按計劃操作

⏰ 下一報告: 23:46

⏳ 等待下次觀察 (60.0分鐘)...
✅ 數據已保存: /Users/gordonlui/.openclaw/workspace/crypto_monitor_data/data_20260208_2251.json

📊 第167次觀察完成
👀 22:51 加密貨幣觀察
────────────────────────────────────────
• BTC: $71,204.01 (+3.81%)
• ETH: $2,123.25 (+5.17%)
• BNB: $646.59 (+1.83%)

💡 學習點:
• BTC波動較大，需謹慎風險管理
• 市場整體上漲，情緒積極

🛡️ 風險提醒:
• 每筆交易不超過2%風險
• 設置止損保護資本
• 保持冷靜，按計劃操作

⏰ 下一報告: 23:51

⏳ 等待下次觀察 (60.0分鐘)...
✅ 數據已保存: /Users/gordonlui/.openclaw/workspace/crypto_monitor_data/data_20260208_2256.json

📊 第168次觀察完成
👀 22:56 加密貨幣觀察
────────────────────────────────────────
• BTC: $71,193.39 (+3.88%)
• ETH: $2,123.20 (+5.23%)
• BNB: $646.36 (+1.72%)

💡 學習點:
• BTC波動較大，需謹慎風險管理
• 市場整體上漲，情緒積極

🛡️ 風險提醒:
• 每筆交易不超過2%風險
• 設置止損保護資本
• 保持冷靜，按計劃操作

⏰ 下一報告: 23:56

⏳ 等待下次觀察 (60.0分鐘)...
✅ 數據已保存: /Users/gordonlui/.openclaw/workspace/crypto_monitor_data/data_20260208_2301.json

📊 第169次觀察完成
👀 23:01 加密貨幣觀察
────────────────────────────────────────
• BTC: $71,239.19 (+3.76%)
• ETH: $2,125.93 (+5.26%)
• BNB: $646.64 (+1.84%)

💡 學習點:
• BTC波動較大，需謹慎風險管理
• 市場整體上漲，情緒積極

🛡️ 風險提醒:
• 每筆交易不超過2%風險
• 設置止損保護資本
• 保持冷靜，按計劃操作

⏰ 下一報告: 00:01

⏳ 等待下次觀察 (60.0分鐘)...
✅ 數據已保存: /Users/gordonlui/.openclaw/workspace/crypto_monitor_data/data_20260208_2343.json

📊 第170次觀察完成
👀 23:43 加密貨幣觀察
────────────────────────────────────────

💡 學習點:

🛡️ 風險提醒:
• 每筆交易不超過2%風險
• 設置止損保護資本
• 保持冷靜，按計劃操作

⏰ 下一報告: 00:43

⏳ 等待下次觀察 (60.0分鐘)...
✅ 數據已保存: /Users/gordonlui/.openclaw/workspace/crypto_monitor_data/data_20260209_0112.json

📊 第171次觀察完成
👀 01:12 加密貨幣觀察
────────────────────────────────────────

💡 學習點:

🛡️ 風險提醒:
• 每筆交易不超過2%風險
• 設置止損保護資本
• 保持冷靜，按計劃操作

⏰ 下一報告: 02:12

⏳ 等待下次觀察 (60.0分鐘)...
✅ 數據已保存: /Users/gordonlui/.openclaw/workspace/crypto_monitor_data/data_20260209_0302.json

📊 第172次觀察完成
👀 03:02 加密貨幣觀察
────────────────────────────────────────

💡 學習點:

🛡️ 風險提醒:
• 每筆交易不超過2%風險
• 設置止損保護資本
• 保持冷靜，按計劃操作

⏰ 下一報告: 04:02

⏳ 等待下次觀察 (60.0分鐘)...
✅ 數據已保存: /Users/gordonlui/.openclaw/workspace/crypto_monitor_data/data_20260209_0437.json

📊 第173次觀察完成
👀 04:37 加密貨幣觀察
────────────────────────────────────────

💡 學習點:

🛡️ 風險提醒:
• 每筆交易不超過2%風險
• 設置止損保護資本
• 保持冷靜，按計劃操作

⏰ 下一報告: 05:37

⏳ 等待下次觀察 (60.0分鐘)...
✅ 數據已保存: /Users/gordonlui/.openclaw/workspace/crypto_monitor_data/data_20260209_0605.json

📊 第174次觀察完成
👀 06:05 加密貨幣觀察
────────────────────────────────────────

💡 學習點:

🛡️ 風險提醒:
• 每筆交易不超過2%風險
• 設置止損保護資本
• 保持冷靜，按計劃操作

⏰ 下一報告: 07:05

⏳ 等待下次觀察 (60.0分鐘)...
✅ 數據已保存: /Users/gordonlui/.openclaw/workspace/crypto_monitor_data/data_20260209_0707.json

📊 第175次觀察完成
👀 07:07 加密貨幣觀察
────────────────────────────────────────
• BTC: $71,976.01 (+4.39%)
• ETH: $2,139.25 (+2.76%)
• BNB: $651.16 (+0.77%)

💡 學習點:
• BTC波動較大，需謹慎風險管理
• 市場整體上漲，情緒積極

🛡️ 風險提醒:
• 每筆交易不超過2%風險
• 設置止損保護資本
• 保持冷靜，按計劃操作

⏰ 下一報告: 08:07

⏳ 等待下次觀察 (60.0分鐘)...
✅ 數據已保存: /Users/gordonlui/.openclaw/workspace/crypto_monitor_data/data_20260209_0818.json

📊 第176次觀察完成
👀 08:18 加密貨幣觀察
────────────────────────────────────────
• ETH: $2,089.25 (+0.17%)
• BNB: $641.51 (-0.81%)

💡 學習點:
• 市場橫盤整理，等待方向

🛡️ 風險提醒:
• 每筆交易不超過2%風險
• 設置止損保護資本
• 保持冷靜，按計劃操作

⏰ 下一報告: 09:18

⏳ 等待下次觀察 (60.0分鐘)...

✅ 監控完成！
   總觀察次數: 176
   總監控時間: 24小時

📚 加密貨幣學習總結報告
────────────────
⏰ 監控時間: 2026-02-09 09:01
👀 總觀察次數: 176
⏱️  總學習時間: 24小時

🎯 學習成果:
• 觀察了加密貨幣市場波動
• 實踐了定期觀察習慣
• 了解了不同幣種特性

💡 關鍵學習點:
1. 加密貨幣24小時交易，波動持續
2. 不同幣種有不同波動特性
3. 風險管理比擇時更重要

🛡️ 風險管理要點:
• 永遠設置止損
• 單筆風險不超過2%
• 保持情緒穩定

🚀 下一步學習:
• 繼續觀察市場模式
• 嘗試模擬交易決策
• 準備周一股票交易

💪 記住: 學習過程 > 交易結果

✅ 總結報告已保存: /Users/gordonlui/.openclaw/workspace/crypto_monitor_data/summary_report.txt
