2026-02-17 12:31:24,854 - INFO - ✅ 加載配置: /Users/gordonlui/.openclaw/workspace/optimized_strategy.json
2026-02-17 12:31:24,854 - INFO - ℹ️  無交易記錄，創建新文件
2026-02-17 12:31:24,854 - INFO - ============================================================
2026-02-17 12:31:24,854 - INFO - 🏆 黃金自動交易cron任務啟動
2026-02-17 12:31:24,854 - INFO - ============================================================
2026-02-17 12:31:24,854 - INFO -    策略: 平衡策略
2026-02-17 12:31:24,854 - INFO -    最大手數: 0.01手
2026-02-17 12:31:24,854 - INFO -    初始資金: $1000.00
2026-02-17 12:31:24,854 - INFO - 
⏰ Cron任務執行: 2026-02-17 12:31:24
2026-02-17 12:31:24,854 - INFO - ✅ 交易時段內 (12:00)
2026-02-17 12:31:24,854 - INFO - 📈 今日交易: 0/3
2026-02-17 12:31:24,854 - INFO - 📊 獲取市場數據...
2026-02-17 12:31:24,856 - INFO -    當前價格: $2039.00
2026-02-17 12:31:24,856 - INFO -    SMA15: $2053.01, SMA40: $2064.91
2026-02-17 12:31:24,856 - INFO -    RSI: 70.8
2026-02-17 12:31:24,856 - INFO - ℹ️  信號強度不足 (0.30 < 0.5)
2026-02-17 12:31:24,856 - INFO - ℹ️  無交易信號
2026-02-17 12:32:00,346 - INFO - ✅ 加載配置: /Users/gordonlui/.openclaw/workspace/optimized_strategy.json
2026-02-17 12:32:00,346 - INFO - ℹ️  無交易記錄，創建新文件
2026-02-17 12:32:00,346 - INFO - ============================================================
2026-02-17 12:32:00,346 - INFO - 🏆 黃金自動交易cron任務啟動
2026-02-17 12:32:00,346 - INFO - ============================================================
2026-02-17 12:32:00,346 - INFO -    策略: 平衡策略
2026-02-17 12:32:00,346 - INFO -    最大手數: 0.01手
2026-02-17 12:32:00,346 - INFO -    初始資金: $1000.00
2026-02-17 12:32:00,346 - INFO - 
⏰ Cron任務執行: 2026-02-17 12:32:00
2026-02-17 12:32:00,346 - INFO - ✅ 交易時段內 (12:00)
2026-02-17 12:32:00,346 - INFO - 📈 今日交易: 0/3
2026-02-17 12:32:00,346 - INFO - 📊 獲取市場數據...
2026-02-17 12:32:00,346 - INFO -    當前價格: $2016.29
2026-02-17 12:32:00,346 - INFO -    SMA15: $2021.64, SMA40: $2012.45
2026-02-17 12:32:00,346 - INFO -    RSI: 64.0
2026-02-17 12:32:00,346 - INFO - ℹ️  信號強度不足 (0.30 < 0.5)
2026-02-17 12:32:00,346 - INFO - ℹ️  無交易信號
2026-02-17 12:32:00,346 - INFO - 
============================================================
2026-02-17 12:32:00,347 - INFO - ✅ Cron任務完成
2026-02-17 12:32:00,347 - INFO - ============================================================
