=== 記憶文件清理開始 Sun Feb 22 12:51:14 HKT 2026 ===
檢查每日文件...
發現大型每日文件: 2026-02-08.md (     126 行)
已移動到存檔目錄
發現大型每日文件: 2026-02-09.md (     177 行)
已移動到存檔目錄
發現大型每日文件: 2026-02-19.md (     628 行)
已移動到存檔目錄
發現大型每日文件: 2026-02-16.md (     114 行)
已移動到存檔目錄
發現大型每日文件: 2026-02-12.md (     138 行)
已移動到存檔目錄
發現大型每日文件: 2026-02-07.md (     114 行)
已移動到存檔目錄
發現大型每日文件: 2026-02-08-0440.md (     124 行)
已移動到存檔目錄
發現大型每日文件: 2026-02-20.md (     177 行)
已移動到存檔目錄
發現大型每日文件: 2026-02-14.md (     107 行)
已移動到存檔目錄
發現大型每日文件: 2026-02-15.md (     188 行)
已移動到存檔目錄
發現大型每日文件: 2026-02-21.md (     124 行)
已移動到存檔目錄
檢查工作區根目錄...
警告: 工作區根目錄有大型文件: MEMORY.md (     361 行)
建議: 考慮移動到適當的子目錄
清理舊日誌文件...
=== 清理報告 ===
總記憶文件數:       19
大型文件數 (>200行):        2
存檔目錄文件數:       11
=== 清理完成 Sun Feb 22 12:51:14 HKT 2026 ===
更新記憶管理狀態...
